This is pdfTeXk, Version 3.141592-1.40.3 (Web2C 7.5.6) (format=pdflatex 2011.6.3)  18 AUG 2011 13:37
entering extended mode
 %&-line parsing enabled.
**hybrid_current.tex
(./hybrid_current.tex
LaTeX2e <2005/12/01>
Babel <v3.8h> and hyphenation patterns for english, usenglishmax, dumylang, noh
yphenation, arabic, basque, bulgarian, coptic, welsh, czech, slovak, german, ng
erman, danish, esperanto, spanish, catalan, galician, estonian, farsi, finnish,
 french, greek, monogreek, ancientgreek, croatian, hungarian, interlingua, ibyc
us, indonesian, icelandic, italian, latin, mongolian, dutch, norsk, polish, por
tuguese, pinyin, romanian, russian, slovenian, uppersorbian, serbian, swedish, 
turkish, ukenglish, ukrainian, loaded.
(/usr/share/texmf/tex/latex/base/article.cls
Document Class: article 2005/09/16 v1.4f Standard LaTeX document class
(/usr/share/texmf/tex/latex/base/size12.clo
File: size12.clo 2005/09/16 v1.4f Standard LaTeX file (size option)
)
\c@part=\count79
\c@section=\count80
\c@subsection=\count81
\c@subsubsection=\count82
\c@paragraph=\count83
\c@subparagraph=\count84
\c@figure=\count85
\c@table=\count86
\abovecaptionskip=\skip41
\belowcaptionskip=\skip42
\bibindent=\dimen102
)
(/usr/share/texmf/tex/latex/amsmath/amsmath.sty
Package: amsmath 2000/07/18 v2.13 AMS math features
\@mathmargin=\skip43

For additional information on amsmath, use the `?' option.
(/usr/share/texmf/tex/latex/amsmath/amstext.sty
Package: amstext 2000/06/29 v2.01

(/usr/share/texmf/tex/latex/amsmath/amsgen.sty
File: amsgen.sty 1999/11/30 v2.0
\@emptytoks=\toks14
\ex@=\dimen103
))
(/usr/share/texmf/tex/latex/amsmath/amsbsy.sty
Package: amsbsy 1999/11/29 v1.2d
\pmbraise@=\dimen104
)
(/usr/share/texmf/tex/latex/amsmath/amsopn.sty
Package: amsopn 1999/12/14 v2.01 operator names
)
\inf@bad=\count87
LaTeX Info: Redefining \frac on input line 211.
\uproot@=\count88
\leftroot@=\count89
LaTeX Info: Redefining \overline on input line 307.
\classnum@=\count90
\DOTSCASE@=\count91
LaTeX Info: Redefining \ldots on input line 379.
LaTeX Info: Redefining \dots on input line 382.
LaTeX Info: Redefining \cdots on input line 467.
\Mathstrutbox@=\box26
\strutbox@=\box27
\big@size=\dimen105
LaTeX Font Info:    Redeclaring font encoding OML on input line 567.
LaTeX Font Info:    Redeclaring font encoding OMS on input line 568.
\macc@depth=\count92
\c@MaxMatrixCols=\count93
\dotsspace@=\muskip10
\c@parentequation=\count94
\dspbrk@lvl=\count95
\tag@help=\toks15
\row@=\count96
\column@=\count97
\maxfields@=\count98
\andhelp@=\toks16
\eqnshift@=\dimen106
\alignsep@=\dimen107
\tagshift@=\dimen108
\tagwidth@=\dimen109
\totwidth@=\dimen110
\lineht@=\dimen111
\@envbody=\toks17
\multlinegap=\skip44
\multlinetaggap=\skip45
\mathdisplay@stack=\toks18
LaTeX Info: Redefining \[ on input line 2666.
LaTeX Info: Redefining \] on input line 2667.
)
(/usr/share/texmf/tex/latex/graphics/graphicx.sty
Package: graphicx 1999/02/16 v1.0f Enhanced LaTeX Graphics (DPC,SPQR)

(/usr/share/texmf/tex/latex/graphics/keyval.sty
Package: keyval 1999/03/16 v1.13 key=value parser (DPC)
\KV@toks@=\toks19
)
(/usr/share/texmf/tex/latex/graphics/graphics.sty
Package: graphics 2006/02/20 v1.0o Standard LaTeX Graphics (DPC,SPQR)

(/usr/share/texmf/tex/latex/graphics/trig.sty
Package: trig 1999/03/16 v1.09 sin cos tan (DPC)
)
(/usr/share/texmf/tex/latex/config/graphics.cfg
File: graphics.cfg 2007/01/18 v1.5 graphics configuration of teTeX/TeXLive
)
Package graphics Info: Driver file: pdftex.def on input line 90.

(/usr/share/texmf/tex/latex/pdftex-def/pdftex.def
File: pdftex.def 2007/01/08 v0.04d Graphics/color for pdfTeX
\Gread@gobject=\count99
))
\Gin@req@height=\dimen112
\Gin@req@width=\dimen113
)
(/usr/share/texmf/tex/latex/tools/verbatim.sty
Package: verbatim 2003/08/22 v1.5q LaTeX2e package for verbatim enhancements
\every@verbatim=\toks20
\verbatim@line=\toks21
\verbatim@in@stream=\read1
)
(/usr/share/texmf/tex/latex/graphics/color.sty
Package: color 2005/11/14 v1.0j Standard LaTeX Color (DPC)

(/usr/share/texmf/tex/latex/config/color.cfg
File: color.cfg 2007/01/18 v1.5 color configuration of teTeX/TeXLive
)
Package color Info: Driver file: pdftex.def on input line 130.
)
(/usr/share/texmf/tex/latex/subfigure/subfigure.sty
Package: subfigure 2002/03/15 v2.1.5 subfigure package
\subfigtopskip=\skip46
\subfigcapskip=\skip47
\subfigcaptopadj=\dimen114
\subfigbottomskip=\skip48
\subfigcapmargin=\dimen115
\subfiglabelskip=\skip49
\c@subfigure=\count100
\c@lofdepth=\count101
\c@subtable=\count102
\c@lotdepth=\count103

****************************************
* Local config file subfigure.cfg used *
****************************************
(/usr/share/texmf/tex/latex/subfigure/subfigure.cfg)
\subfig@top=\skip50
\subfig@bottom=\skip51
)
(/usr/share/texmf/tex/latex/hyperref/hyperref.sty
Package: hyperref 2007/02/07 v6.75r Hypertext links for LaTeX
\@linkdim=\dimen116
\Hy@linkcounter=\count104
\Hy@pagecounter=\count105

(/usr/share/texmf/tex/latex/hyperref/pd1enc.def
File: pd1enc.def 2007/02/07 v6.75r Hyperref: PDFDocEncoding definition (HO)
)
(/usr/share/texmf/tex/latex/config/hyperref.cfg
File: hyperref.cfg 2002/06/06 v1.2 hyperref configuration of TeXLive
)
(/usr/share/texmf/tex/latex/oberdiek/kvoptions.sty
Package: kvoptions 2006/08/22 v2.4 Connects package keyval with LaTeX options (
HO)
)
Package hyperref Info: Hyper figures OFF on input line 2288.
Package hyperref Info: Link nesting OFF on input line 2293.
Package hyperref Info: Hyper index ON on input line 2296.
Package hyperref Info: Plain pages OFF on input line 2303.
Package hyperref Info: Backreferencing OFF on input line 2308.

Implicit mode ON; LaTeX internals redefined
Package hyperref Info: Bookmarks ON on input line 2444.
(/usr/share/texmf/tex/latex/ltxmisc/url.sty
\Urlmuskip=\muskip11
Package: url 2005/06/27  ver 3.2  Verb mode for urls, etc.
)
LaTeX Info: Redefining \url on input line 2599.
\Fld@menulength=\count106
\Field@Width=\dimen117
\Fld@charsize=\dimen118
\Choice@toks=\toks22
\Field@toks=\toks23
Package hyperref Info: Hyper figures OFF on input line 3102.
Package hyperref Info: Link nesting OFF on input line 3107.
Package hyperref Info: Hyper index ON on input line 3110.
Package hyperref Info: backreferencing OFF on input line 3117.
Package hyperref Info: Link coloring OFF on input line 3122.
\Hy@abspage=\count107
\c@Item=\count108
\c@Hfootnote=\count109
)
*hyperref using default driver hpdftex*
(/usr/share/texmf/tex/latex/hyperref/hpdftex.def
File: hpdftex.def 2007/02/07 v6.75r Hyperref driver for pdfTeX
\Fld@listcount=\count110
) (./hybrid_current.aux)
\openout1 = `hybrid_current.aux'.

LaTeX Font Info:    Checking defaults for OML/cmm/m/it on input line 26.
LaTeX Font Info:    ... okay on input line 26.
LaTeX Font Info:    Checking defaults for T1/cmr/m/n on input line 26.
LaTeX Font Info:    ... okay on input line 26.
LaTeX Font Info:    Checking defaults for OT1/cmr/m/n on input line 26.
LaTeX Font Info:    ... okay on input line 26.
LaTeX Font Info:    Checking defaults for OMS/cmsy/m/n on input line 26.
LaTeX Font Info:    ... okay on input line 26.
LaTeX Font Info:    Checking defaults for OMX/cmex/m/n on input line 26.
LaTeX Font Info:    ... okay on input line 26.
LaTeX Font Info:    Checking defaults for U/cmr/m/n on input line 26.
LaTeX Font Info:    ... okay on input line 26.
LaTeX Font Info:    Checking defaults for PD1/pdf/m/n on input line 26.
LaTeX Font Info:    ... okay on input line 26.
Package hyperref Info: Link coloring OFF on input line 26.

(/usr/share/texmf/tex/latex/hyperref/nameref.sty
Package: nameref 2006/12/27 v2.28 Cross-referencing by name of section

(/usr/share/texmf/tex/latex/oberdiek/refcount.sty
Package: refcount 2006/02/20 v3.0 Data extraction from references (HO)
)
\c@section@level=\count111
)
LaTeX Info: Redefining \ref on input line 26.
LaTeX Info: Redefining \pageref on input line 26.
 (./hybrid_current.out)
(./hybrid_current.out)
\@outlinefile=\write3
\openout3 = `hybrid_current.out'.


! Missing $ inserted.
<inserted text> 
                $
l.73 that is, \forall
                     \, $v_x$\in\, $H:$\, \exists\, $C_x =  \{c_0, c_1, ...,...

? 
! Missing $ inserted.
<inserted text> 
                $
l.73 that is, \forall\, $v_
                           x$\in\, $H:$\, \exists\, $C_x =  \{c_0, c_1, ...,...

? 
! Missing $ inserted.
<inserted text> 
                $
l.73 that is, \forall\, $v_x$\in
                                \, $H:$\, \exists\, $C_x =  \{c_0, c_1, ...,...

? 
! Missing $ inserted.
<inserted text> 
                $
l.73 ... \forall\, $v_x$\in\, $H:$\, \exists\, $C_
                                                  x =  \{c_0, c_1, ..., c_{n...

? 
[1

{/usr/share/texmf/fonts/map/pdftex/updmap/pdftex.map}]
! Missing $ inserted.
<inserted text> 
                $
l.132 ...}^{numProc-1} ($number of local vertices_
                                                  i$)$.
? 
! Missing $ inserted.
<inserted text> 
                $
l.133 
      
? 
[2] [3] <128_time.pdf, id=61, 794.97pt x 614.295pt>
File: 128_time.pdf Graphic file (type pdf)
 <use 128_time.pdf>
<128_cutl.pdf, id=62, 794.97pt x 614.295pt>
File: 128_cutl.pdf Graphic file (type pdf)
 <use 128_cutl.pdf> [4 <./128_time.pdf

pdfTeX warning: pdflatex (file ./128_time.pdf): PDF inclusion: Page Group detec
ted which pdfTeX can't handle. Ignoring it.
>] <128_breakdown_percent.pdf, id=76, 794.97pt x 614.295pt>
File: 128_breakdown_percent.pdf Graphic file (type pdf)

<use 128_breakdown_percent.pdf> <2_time.pdf, id=77, 794.97pt x 614.295pt>
File: 2_time.pdf Graphic file (type pdf)

<use 2_time.pdf> <2_cutl.pdf, id=78, 794.97pt x 614.295pt>
File: 2_cutl.pdf Graphic file (type pdf)
 <use 2_cutl.pdf>
<2_breakdown_percent.pdf, id=79, 794.97pt x 614.295pt>
File: 2_breakdown_percent.pdf Graphic file (type pdf)

<use 2_breakdown_percent.pdf> [5] [6 <./128_cutl.pdf

pdfTeX warning: pdflatex (file ./128_cutl.pdf): PDF inclusion: Page Group detec
ted which pdfTeX can't handle. Ignoring it.
> <./128_breakdown_percent.pdf

pdfTeX warning: pdflatex (file ./128_breakdown_percent.pdf): PDF inclusion: Pag
e Group detected which pdfTeX can't handle. Ignoring it.
>] [7 <./2_time.pdf

pdfTeX warning: pdflatex (file ./2_time.pdf): PDF inclusion: Page Group detecte
d which pdfTeX can't handle. Ignoring it.
> <./2_cutl.pdf

pdfTeX warning: pdflatex (file ./2_cutl.pdf): PDF inclusion: Page Group detecte
d which pdfTeX can't handle. Ignoring it.
>] [8] [9 <./2_breakdown_percent.pdf

pdfTeX warning: pdflatex (file ./2_breakdown_percent.pdf): PDF inclusion: Page 
Group detected which pdfTeX can't handle. Ignoring it.
>] (./hybrid_current.aux) ) 
Here is how much of TeX's memory you used:
 3336 strings out of 256216
 44724 string characters out of 1917073
 104735 words of memory out of 1500000
 6577 multiletter control sequences out of 10000+200000
 8770 words of font info for 32 fonts, out of 1200000 for 2000
 645 hyphenation exceptions out of 8191
 27i,9n,36p,252b,420s stack positions out of 5000i,500n,6000p,200000b,15000s
</usr/share/texmf/fonts/type1/bluesky/cm/cmbx12.pfb>
</usr/share/texmf/fonts/type1/bluesky/cm/cmex10.pfb></usr/share/texmf/fonts/typ
e1/bluesky/cm/cmmi12.pfb></usr/share/texmf/fonts/type1/bluesky/cm/cmmi8.pfb></u
sr/share/texmf/fonts/type1/bluesky/cm/cmr10.pfb></usr/share/texmf/fonts/type1/b
luesky/cm/cmr12.pfb></usr/share/texmf/fonts/type1/bluesky/cm/cmr8.pfb></usr/sha
re/texmf/fonts/type1/bluesky/cm/cmsy10.pfb></usr/share/texmf/fonts/type1/bluesk
y/cm/cmsy8.pfb></usr/share/texmf/fonts/type1/bluesky/cm/cmti12.pfb></usr/share/
texmf/fonts/type1/bluesky/cm/cmtt12.pfb>
Output written on hybrid_current.pdf (9 pages, 186635 bytes).
PDF statistics:
 186 PDF objects out of 1000 (max. 8388607)
 27 named destinations out of 1000 (max. 131072)
 103 words of extra memory for PDF output out of 10000 (max. 10000000)

