This file contains any messages produced by compilers while
running configure, to aid debugging if configure makes a mistake.

It was created by teuchos configure 0.1, which was
generated by GNU Autoconf 2.57.  Invocation command line was

  $ ./configure 

## --------- ##
## Platform. ##
## --------- ##

hostname = software.sandia.gov
uname -m = i686
uname -r = 2.4.18-3
uname -s = Linux
uname -v = #1 Thu Apr 18 07:37:53 EDT 2002

/usr/bin/uname -p = unknown
/bin/uname -X     = unknown

/bin/arch              = i686
/usr/bin/arch -k       = unknown
/usr/convex/getsysinfo = unknown
hostinfo               = unknown
/bin/machine           = unknown
/usr/bin/oslevel       = unknown
/bin/universe          = unknown

PATH: /usr/local/bin
PATH: /bin
PATH: /usr/bin
PATH: /home/kwkamps/bin


## ----------- ##
## Core tests. ##
## ----------- ##

configure:1407: checking whether to enable maintainer-specific portions of Makefiles
configure:1416: result: no
configure:1440: checking build system type
configure:1458: result: i686-pc-linux-gnu
configure:1466: checking host system type
configure:1480: result: i686-pc-linux-gnu
configure:1488: checking target system type
configure:1502: result: i686-pc-linux-gnu
configure:1533: checking for a BSD-compatible install
configure:1587: result: /usr/bin/install -c
configure:1598: checking whether build environment is sane
configure:1641: result: yes
configure:1674: checking for gawk
configure:1690: found /bin/gawk
configure:1700: result: gawk
configure:1710: checking whether make sets $(MAKE)
configure:1730: result: yes
configure:1938: checking for cc
configure:1954: found /usr/bin/cc
configure:1964: result: cc
configure:1985: checking for C compiler version
configure:1988: cc --version </dev/null >&5
2.96
configure:1991: $? = 0
configure:1993: cc -v </dev/null >&5
Reading specs from /usr/lib/gcc-lib/i386-redhat-linux/2.96/specs
gcc version 2.96 20000731 (Red Hat Linux 7.3 2.96-113)
configure:1996: $? = 0
configure:1998: cc -V </dev/null >&5
cc: argument to `-V' is missing
configure:2001: $? = 1
configure:2025: checking for C compiler default output
configure:2028: cc    conftest.c  >&5
configure:2031: $? = 0
configure:2077: result: a.out
configure:2082: checking whether the C compiler works
configure:2088: ./a.out
configure:2091: $? = 0
configure:2108: result: yes
configure:2115: checking whether we are cross compiling
configure:2117: result: no
configure:2120: checking for suffix of executables
configure:2122: cc -o conftest    conftest.c  >&5
configure:2125: $? = 0
configure:2150: result: 
configure:2156: checking for suffix of object files
configure:2178: cc -c   conftest.c >&5
configure:2181: $? = 0
configure:2203: result: o
configure:2207: checking whether we are using the GNU C compiler
configure:2232: cc -c   conftest.c >&5
configure:2235: $? = 0
configure:2238: test -s conftest.o
configure:2241: $? = 0
configure:2254: result: yes
configure:2260: checking whether cc accepts -g
configure:2282: cc -c -g  conftest.c >&5
configure:2285: $? = 0
configure:2288: test -s conftest.o
configure:2291: $? = 0
configure:2302: result: yes
configure:2319: checking for cc option to accept ANSI C
configure:2380: cc  -c -g -O2  conftest.c >&5
configure:2383: $? = 0
configure:2386: test -s conftest.o
configure:2389: $? = 0
configure:2407: result: none needed
configure:2425: cc -c -g -O2  conftest.c >&5
conftest.c:2: parse error before `me'
configure:2428: $? = 1
configure: failed program was:
| #ifndef __cplusplus
|   choke me
| #endif
configure:2556: checking for style of include used by make
configure:2584: result: GNU
configure:2612: checking dependency style of cc
configure:2674: result: gcc3
configure:2731: checking for CC
configure:2760: result: no
configure:2731: checking for g++
configure:2747: found /usr/bin/g++
configure:2757: result: g++
configure:2773: checking for C++ compiler version
configure:2776: g++ --version </dev/null >&5
2.96
configure:2779: $? = 0
configure:2781: g++ -v </dev/null >&5
Reading specs from /usr/lib/gcc-lib/i386-redhat-linux/2.96/specs
gcc version 2.96 20000731 (Red Hat Linux 7.3 2.96-113)
configure:2784: $? = 0
configure:2786: g++ -V </dev/null >&5
g++: argument to `-V' missing

configure:2789: $? = 1
configure:2792: checking whether we are using the GNU C++ compiler
configure:2817: g++ -c   conftest.cc >&5
configure:2820: $? = 0
configure:2823: test -s conftest.o
configure:2826: $? = 0
configure:2839: result: yes
configure:2845: checking whether g++ accepts -g
configure:2867: g++ -c -g  conftest.cc >&5
configure:2870: $? = 0
configure:2873: test -s conftest.o
configure:2876: $? = 0
configure:2887: result: yes
configure:2931: g++ -c -g -O2  conftest.cc >&5
configure:2934: $? = 0
configure:2937: test -s conftest.o
configure:2940: $? = 0
configure:2967: g++ -c -g -O2  conftest.cc >&5
configure: In function `int main ()':
configure:2964: `exit' undeclared (first use this function)
configure:2964: (Each undeclared identifier is reported only once for 
each function it appears in.)
configure:2970: $? = 1
configure: failed program was:
| #line 2950 "configure"
| /* confdefs.h.  */
| 
| #define PACKAGE_NAME "teuchos"
| #define PACKAGE_TARNAME "teuchos"
| #define PACKAGE_VERSION "0.1"
| #define PACKAGE_STRING "teuchos 0.1"
| #define PACKAGE_BUGREPORT "kwkamps@sandia.gov"
| #define PACKAGE "teuchos"
| #define VERSION "0.1"
| /* end confdefs.h.  */
| 
| int
| main ()
| {
| exit (42);
|   ;
|   return 0;
| }
configure:2931: g++ -c -g -O2  conftest.cc >&5
configure:2934: $? = 0
configure:2937: test -s conftest.o
configure:2940: $? = 0
configure:2967: g++ -c -g -O2  conftest.cc >&5
configure:2970: $? = 0
configure:2973: test -s conftest.o
configure:2976: $? = 0
configure:3001: checking dependency style of g++
configure:3063: result: gcc3
configure:3119: checking for f77
configure:3135: found /usr/bin/f77
configure:3145: result: f77
configure:3160: checking for Fortran 77 compiler version
configure:3163: f77 --version </dev/null >&5
GNU Fortran 0.5.26 20000731 (Red Hat Linux 7.3 2.96-113)
Copyright (C) 1997 Free Software Foundation, Inc.
For more version information on components of the GNU Fortran
compilation system, especially useful when reporting bugs,
type the command `g77 --verbose'.

GNU Fortran comes with NO WARRANTY, to the extent permitted by law.
You may redistribute copies of GNU Fortran
under the terms of the GNU General Public License.
For more information about these matters, see the file named COPYING
or type the command `info -f g77 Copying'.
configure:3166: $? = 0
configure:3168: f77 -v </dev/null >&5
g77 version 2.96 20000731 (Red Hat Linux 7.3 2.96-113) (from FSF-g77 version 0.5.26 20000731 (Red Hat Linux 7.3 2.96-113))
Driving: f77 -v -c -xf77-version /dev/null -xnone
Reading specs from /usr/lib/gcc-lib/i386-redhat-linux/2.96/specs
gcc version 2.96 20000731 (Red Hat Linux 7.3 2.96-113)
 /usr/lib/gcc-lib/i386-redhat-linux/2.96/tradcpp0 -lang-fortran -v -D__GNUC__=2 -D__GNUC_MINOR__=96 -D__GNUC_PATCHLEVEL__=0 -D__ELF__ -Dunix -Dlinux -D__ELF__ -D__unix__ -D__linux__ -D__unix -D__linux -Asystem(posix) -D__NO_INLINE__ -Acpu(i386) -Amachine(i386) -Di386 -D__i386 -D__i386__ -D__tune_i386__ /dev/null /dev/null
GNU traditional CPP version 2.96 20000731 (Red Hat Linux 7.3 2.96-113)
 /usr/lib/gcc-lib/i386-redhat-linux/2.96/f771 -fnull-version -quiet -dumpbase g77-version.f -version -fversion -o /tmp/ccBibDL7.s /dev/null
GNU F77 version 2.96 20000731 (Red Hat Linux 7.3 2.96-113) (i386-redhat-linux) compiled by GNU C version 2.96 20000731 (Red Hat Linux 7.3 2.96-113).
GNU Fortran Front End version 0.5.26 20000731 (Red Hat Linux 7.3 2.96-113)
 as -V -Qy -o /tmp/ccCrNHY4.o /tmp/ccBibDL7.s
GNU assembler version 2.11.93.0.2 (i386-redhat-linux) using BFD version 2.11.93.0.2 20020207
 ld -m elf_i386 -dynamic-linker /lib/ld-linux.so.2 -o /tmp/cczUsiY1 /tmp/ccCrNHY4.o /usr/lib/gcc-lib/i386-redhat-linux/2.96/../../../crt1.o /usr/lib/gcc-lib/i386-redhat-linux/2.96/../../../crti.o /usr/lib/gcc-lib/i386-redhat-linux/2.96/crtbegin.o -L/usr/lib/gcc-lib/i386-redhat-linux/2.96 -L/usr/lib/gcc-lib/i386-redhat-linux/2.96/../../.. -lg2c -lm -lgcc -lc -lgcc /usr/lib/gcc-lib/i386-redhat-linux/2.96/crtend.o /usr/lib/gcc-lib/i386-redhat-linux/2.96/../../../crtn.o
 /tmp/cczUsiY1
__G77_LIBF77_VERSION__: 0.5.26 20000731 (prerelease)
@(#)LIBF77 VERSION 19991115
__G77_LIBI77_VERSION__: 0.5.26 20000731 (prerelease)
@(#) LIBI77 VERSION pjw,dmg-mods 19991115
__G77_LIBU77_VERSION__: 0.5.26 20000731 (prerelease)
@(#) LIBU77 VERSION 19980709
configure:3171: $? = 0
configure:3173: f77 -V </dev/null >&5
f77: argument to `-V' missing
configure:3176: $? = 1
configure:3183: checking whether we are using the GNU Fortran 77 compiler
configure:3197: f77 -c  conftest.F >&5
configure:3200: $? = 0
configure:3203: test -s conftest.o
configure:3206: $? = 0
configure:3219: result: yes
configure:3226: checking whether f77 accepts -g
configure:3238: f77 -c -g conftest.f >&5
configure:3241: $? = 0
configure:3244: test -s conftest.o
configure:3247: $? = 0
configure:3259: result: yes
configure:3323: checking for ranlib
configure:3339: found /usr/bin/ranlib
configure:3350: result: ranlib
configure:3502: checking whether we are using MPI
configure:3504: result: no
configure:3708: checking whether additional CCFLAGS flags should be added
configure:3720: result: no
configure:3726: checking whether additional CXXFLAGS flags should be added
configure:3738: result: no
configure:3744: checking whether additional CFLAGS flags should be added
configure:3756: result: no
configure:3762: checking whether additional FFLAGS flags should be added
configure:3774: result: no
configure:3780: checking whether additional LDFLAGS flags should be added
configure:3792: result: no
configure:3824: checking for special archiver command
configure:3840: result: none
configure:3865: checking how to run the C++ preprocessor
configure:3897: g++ -E  conftest.cc
configure:3903: $? = 0
configure:3935: g++ -E  conftest.cc
configure:3939:28: ac_nonexistent.h: No such file or directory
configure:3941: $? = 1
configure: failed program was:
| #line 3926 "configure"
| /* confdefs.h.  */
| 
| #define PACKAGE_NAME "teuchos"
| #define PACKAGE_TARNAME "teuchos"
| #define PACKAGE_VERSION "0.1"
| #define PACKAGE_STRING "teuchos 0.1"
| #define PACKAGE_BUGREPORT "kwkamps@sandia.gov"
| #define PACKAGE "teuchos"
| #define VERSION "0.1"
| #ifdef __cplusplus
| #include <stdlib.h>
| #endif
| /* end confdefs.h.  */
| #include <ac_nonexistent.h>
configure:3979: result: g++ -E
configure:4004: g++ -E  conftest.cc
configure:4010: $? = 0
configure:4042: g++ -E  conftest.cc
configure:4046:28: ac_nonexistent.h: No such file or directory
configure:4048: $? = 1
configure: failed program was:
| #line 4033 "configure"
| /* confdefs.h.  */
| 
| #define PACKAGE_NAME "teuchos"
| #define PACKAGE_TARNAME "teuchos"
| #define PACKAGE_VERSION "0.1"
| #define PACKAGE_STRING "teuchos 0.1"
| #define PACKAGE_BUGREPORT "kwkamps@sandia.gov"
| #define PACKAGE "teuchos"
| #define VERSION "0.1"
| #ifdef __cplusplus
| #include <stdlib.h>
| #endif
| /* end confdefs.h.  */
| #include <ac_nonexistent.h>
configure:4200: checking for egrep
configure:4210: result: grep -E
configure:4215: checking for ANSI C header files
configure:4241: g++ -c -g -O2  conftest.cc >&5
configure:4244: $? = 0
configure:4247: test -s conftest.o
configure:4250: $? = 0
configure:4339: g++ -o conftest -g -O2   conftest.cc  >&5
configure:4342: $? = 0
configure:4344: ./conftest
configure:4347: $? = 0
configure:4362: result: yes
configure:4386: checking for sys/types.h
configure:4403: g++ -c -g -O2  conftest.cc >&5
configure:4406: $? = 0
configure:4409: test -s conftest.o
configure:4412: $? = 0
configure:4423: result: yes
configure:4386: checking for sys/stat.h
configure:4403: g++ -c -g -O2  conftest.cc >&5
configure:4406: $? = 0
configure:4409: test -s conftest.o
configure:4412: $? = 0
configure:4423: result: yes
configure:4386: checking for stdlib.h
configure:4403: g++ -c -g -O2  conftest.cc >&5
configure:4406: $? = 0
configure:4409: test -s conftest.o
configure:4412: $? = 0
configure:4423: result: yes
configure:4386: checking for string.h
configure:4403: g++ -c -g -O2  conftest.cc >&5
configure:4406: $? = 0
configure:4409: test -s conftest.o
configure:4412: $? = 0
configure:4423: result: yes
configure:4386: checking for memory.h
configure:4403: g++ -c -g -O2  conftest.cc >&5
configure:4406: $? = 0
configure:4409: test -s conftest.o
configure:4412: $? = 0
configure:4423: result: yes
configure:4386: checking for strings.h
configure:4403: g++ -c -g -O2  conftest.cc >&5
configure:4406: $? = 0
configure:4409: test -s conftest.o
configure:4412: $? = 0
configure:4423: result: yes
configure:4386: checking for inttypes.h
configure:4403: g++ -c -g -O2  conftest.cc >&5
configure:4406: $? = 0
configure:4409: test -s conftest.o
configure:4412: $? = 0
configure:4423: result: yes
configure:4386: checking for stdint.h
configure:4403: g++ -c -g -O2  conftest.cc >&5
configure:4406: $? = 0
configure:4409: test -s conftest.o
configure:4412: $? = 0
configure:4423: result: yes
configure:4386: checking for unistd.h
configure:4403: g++ -c -g -O2  conftest.cc >&5
configure:4406: $? = 0
configure:4409: test -s conftest.o
configure:4412: $? = 0
configure:4423: result: yes
configure:4454: checking cstdlib usability
configure:4467: g++ -c -g -O2  conftest.cc >&5
configure:4470: $? = 0
configure:4473: test -s conftest.o
configure:4476: $? = 0
configure:4486: result: yes
configure:4490: checking cstdlib presence
configure:4501: g++ -E  conftest.cc
configure:4507: $? = 0
configure:4526: result: yes
configure:4562: checking for cstdlib
configure:4569: result: yes
configure:4445: checking for stdlib.h
configure:4450: result: yes
configure:4454: checking cstdio usability
configure:4467: g++ -c -g -O2  conftest.cc >&5
configure:4470: $? = 0
configure:4473: test -s conftest.o
configure:4476: $? = 0
configure:4486: result: yes
configure:4490: checking cstdio presence
configure:4501: g++ -E  conftest.cc
configure:4507: $? = 0
configure:4526: result: yes
configure:4562: checking for cstdio
configure:4569: result: yes
configure:4454: checking stdio.h usability
configure:4467: g++ -c -g -O2  conftest.cc >&5
configure:4470: $? = 0
configure:4473: test -s conftest.o
configure:4476: $? = 0
configure:4486: result: yes
configure:4490: checking stdio.h presence
configure:4501: g++ -E  conftest.cc
configure:4507: $? = 0
configure:4526: result: yes
configure:4562: checking for stdio.h
configure:4569: result: yes
configure:4454: checking cassert usability
configure:4467: g++ -c -g -O2  conftest.cc >&5
configure:4470: $? = 0
configure:4473: test -s conftest.o
configure:4476: $? = 0
configure:4486: result: yes
configure:4490: checking cassert presence
configure:4501: g++ -E  conftest.cc
configure:4507: $? = 0
configure:4526: result: yes
configure:4562: checking for cassert
configure:4569: result: yes
configure:4454: checking assert.h usability
configure:4467: g++ -c -g -O2  conftest.cc >&5
configure:4470: $? = 0
configure:4473: test -s conftest.o
configure:4476: $? = 0
configure:4486: result: yes
configure:4490: checking assert.h presence
configure:4501: g++ -E  conftest.cc
configure:4507: $? = 0
configure:4526: result: yes
configure:4562: checking for assert.h
configure:4569: result: yes
configure:4601: checking cmath usability
configure:4614: g++ -c -g -O2  conftest.cc >&5
configure:4617: $? = 0
configure:4620: test -s conftest.o
configure:4623: $? = 0
configure:4633: result: yes
configure:4637: checking cmath presence
configure:4648: g++ -E  conftest.cc
configure:4654: $? = 0
configure:4673: result: yes
configure:4709: checking for cmath
configure:4716: result: yes
configure:4601: checking math.h usability
configure:4614: g++ -c -g -O2  conftest.cc >&5
configure:4617: $? = 0
configure:4620: test -s conftest.o
configure:4623: $? = 0
configure:4633: result: yes
configure:4637: checking math.h presence
configure:4648: g++ -E  conftest.cc
configure:4654: $? = 0
configure:4673: result: yes
configure:4709: checking for math.h
configure:4716: result: yes
configure:4601: checking iomanip usability
configure:4614: g++ -c -g -O2  conftest.cc >&5
configure:4617: $? = 0
configure:4620: test -s conftest.o
configure:4623: $? = 0
configure:4633: result: yes
configure:4637: checking iomanip presence
configure:4648: g++ -E  conftest.cc
configure:4654: $? = 0
configure:4673: result: yes
configure:4709: checking for iomanip
configure:4716: result: yes
configure:4601: checking iomanip.h usability
configure:4614: g++ -c -g -O2  conftest.cc >&5
configure:4617: $? = 0
configure:4620: test -s conftest.o
configure:4623: $? = 0
configure:4633: result: yes
configure:4637: checking iomanip.h presence
configure:4648: g++ -E  conftest.cc
configure:4654: $? = 0
configure:4673: result: yes
configure:4709: checking for iomanip.h
configure:4716: result: yes
configure:4601: checking iostream usability
configure:4614: g++ -c -g -O2  conftest.cc >&5
configure:4617: $? = 0
configure:4620: test -s conftest.o
configure:4623: $? = 0
configure:4633: result: yes
configure:4637: checking iostream presence
configure:4648: g++ -E  conftest.cc
configure:4654: $? = 0
configure:4673: result: yes
configure:4709: checking for iostream
configure:4716: result: yes
configure:4601: checking iostream.h usability
configure:4614: g++ -c -g -O2  conftest.cc >&5
configure:4617: $? = 0
configure:4620: test -s conftest.o
configure:4623: $? = 0
configure:4633: result: yes
configure:4637: checking iostream.h presence
configure:4648: g++ -E  conftest.cc
configure:4654: $? = 0
configure:4673: result: yes
configure:4709: checking for iostream.h
configure:4716: result: yes
configure:4744: checking string usability
configure:4757: g++ -c -g -O2  conftest.cc >&5
configure:4760: $? = 0
configure:4763: test -s conftest.o
configure:4766: $? = 0
configure:4776: result: yes
configure:4780: checking string presence
configure:4791: g++ -E  conftest.cc
configure:4797: $? = 0
configure:4816: result: yes
configure:4852: checking for string
configure:4859: result: yes
configure:4735: checking for string.h
configure:4740: result: yes
configure:4919: checking for an ANSI C-conforming const
configure:4987: g++ -c -g -O2  conftest.cc >&5
configure:4990: $? = 0
configure:4993: test -s conftest.o
configure:4996: $? = 0
configure:5007: result: yes
configure:5017: checking for inline
configure:5039: g++ -c -g -O2  conftest.cc >&5
configure:5042: $? = 0
configure:5045: test -s conftest.o
configure:5048: $? = 0
configure:5060: result: inline
configure:5080: checking whether the compiler implements namespaces
configure:5110: g++ -c -g -O2  conftest.cc >&5
configure:5113: $? = 0
configure:5116: test -s conftest.o
configure:5119: $? = 0
configure:5137: result: yes
configure:5147: checking whether the compiler supports Standard Template Library
configure:5183: g++ -c -g -O2  conftest.cc >&5
configure:5186: $? = 0
configure:5189: test -s conftest.o
configure:5192: $? = 0
configure:5210: result: yes
configure:5220: checking whether the compiler recognizes bool as a built-in type
configure:5254: g++ -c -g -O2  conftest.cc >&5
configure:5257: $? = 0
configure:5260: test -s conftest.o
configure:5263: $? = 0
configure:5281: result: yes
configure:5291: checking whether the compiler supports the mutable keyword
configure:5326: g++ -c -g -O2  conftest.cc >&5
configure:5329: $? = 0
configure:5332: test -s conftest.o
configure:5335: $? = 0
configure:5353: result: yes
configure:5366: checking whether the compiler accepts the new for scoping rules
configure:5402: g++ -c -g -O2  conftest.cc >&5
configure:5405: $? = 0
configure:5408: test -s conftest.o
configure:5411: $? = 0
configure:5429: result: yes
configure:5440: checking whether the compiler recognizes std::sprintf as supported IO function
configure:5477: g++ -c -g -O2  conftest.cc >&5
configure:5480: $? = 0
configure:5483: test -s conftest.o
configure:5486: $? = 0
configure:5521: g++ -c -g -O2  conftest.cc >&5
configure:5524: $? = 0
configure:5527: test -s conftest.o
configure:5530: $? = 0
configure:5554: result: yes
configure:5624: checking whether additional library search paths defined
configure:5636: result: no
configure:5643: checking whether additional include search paths defined
configure:5655: result: no
configure:5669: checking how to get verbose linking output from f77
configure:5681: f77 -c -g -O2 conftest.f >&5
configure:5684: $? = 0
configure:5687: test -s conftest.o
configure:5690: $? = 0
configure:5715: f77 -o conftest -g -O2 -v  conftest.f  >&5
g77 version 2.96 20000731 (Red Hat Linux 7.3 2.96-113) (from FSF-g77 version 0.5.26 20000731 (Red Hat Linux 7.3 2.96-113))
Reading specs from /usr/lib/gcc-lib/i386-redhat-linux/2.96/specs
gcc version 2.96 20000731 (Red Hat Linux 7.3 2.96-113)
 /usr/lib/gcc-lib/i386-redhat-linux/2.96/f771 conftest.f -quiet -dumpbase conftest.f -g -O2 -version -o /tmp/cc9InteJ.s
GNU F77 version 2.96 20000731 (Red Hat Linux 7.3 2.96-113) (i386-redhat-linux) compiled by GNU C version 2.96 20000731 (Red Hat Linux 7.3 2.96-113).
 as -V -Qy -o /tmp/ccsUJ5Ph.o /tmp/cc9InteJ.s
GNU assembler version 2.11.93.0.2 (i386-redhat-linux) using BFD version 2.11.93.0.2 20020207
 /usr/lib/gcc-lib/i386-redhat-linux/2.96/collect2 -m elf_i386 -dynamic-linker /lib/ld-linux.so.2 -o conftest /usr/lib/gcc-lib/i386-redhat-linux/2.96/../../../crt1.o /usr/lib/gcc-lib/i386-redhat-linux/2.96/../../../crti.o /usr/lib/gcc-lib/i386-redhat-linux/2.96/crtbegin.o -L/usr/lib/gcc-lib/i386-redhat-linux/2.96 -L/usr/lib/gcc-lib/i386-redhat-linux/2.96/../../.. /tmp/ccsUJ5Ph.o -lg2c -lm -lgcc -lc -lgcc /usr/lib/gcc-lib/i386-redhat-linux/2.96/crtend.o /usr/lib/gcc-lib/i386-redhat-linux/2.96/../../../crtn.o
configure:5764: result: -v
configure:5766: checking for Fortran 77 libraries
configure:5795: f77 -o conftest -g -O2 -v  conftest.f  >&5
g77 version 2.96 20000731 (Red Hat Linux 7.3 2.96-113) (from FSF-g77 version 0.5.26 20000731 (Red Hat Linux 7.3 2.96-113))
Reading specs from /usr/lib/gcc-lib/i386-redhat-linux/2.96/specs
gcc version 2.96 20000731 (Red Hat Linux 7.3 2.96-113)
 /usr/lib/gcc-lib/i386-redhat-linux/2.96/f771 conftest.f -quiet -dumpbase conftest.f -g -O2 -version -o /tmp/ccxjZK9M.s
GNU F77 version 2.96 20000731 (Red Hat Linux 7.3 2.96-113) (i386-redhat-linux) compiled by GNU C version 2.96 20000731 (Red Hat Linux 7.3 2.96-113).
 as -V -Qy -o /tmp/ccu3xi2r.o /tmp/ccxjZK9M.s
GNU assembler version 2.11.93.0.2 (i386-redhat-linux) using BFD version 2.11.93.0.2 20020207
 /usr/lib/gcc-lib/i386-redhat-linux/2.96/collect2 -m elf_i386 -dynamic-linker /lib/ld-linux.so.2 -o conftest /usr/lib/gcc-lib/i386-redhat-linux/2.96/../../../crt1.o /usr/lib/gcc-lib/i386-redhat-linux/2.96/../../../crti.o /usr/lib/gcc-lib/i386-redhat-linux/2.96/crtbegin.o -L/usr/lib/gcc-lib/i386-redhat-linux/2.96 -L/usr/lib/gcc-lib/i386-redhat-linux/2.96/../../.. /tmp/ccu3xi2r.o -lg2c -lm -lgcc -lc -lgcc /usr/lib/gcc-lib/i386-redhat-linux/2.96/crtend.o /usr/lib/gcc-lib/i386-redhat-linux/2.96/../../../crtn.o
configure:5950: result:  -L/usr/lib/gcc-lib/i386-redhat-linux/2.96 -L/usr/lib/gcc-lib/i386-redhat-linux/2.96/../../.. -lg2c -lm
configure:5962: checking for dummy main to link with Fortran 77 libraries
configure:5999: cc -o conftest -g -O2   conftest.c   -L/usr/lib/gcc-lib/i386-redhat-linux/2.96 -L/usr/lib/gcc-lib/i386-redhat-linux/2.96/../../.. -lg2c -lm >&5
configure:6002: $? = 0
configure:6005: test -s conftest
configure:6008: $? = 0
configure:6073: result: none
configure:6093: checking for Fortran 77 name-mangling scheme
configure:6111: f77 -c -g -O2 conftest.f >&5
configure:6114: $? = 0
configure:6117: test -s conftest.o
configure:6120: $? = 0
configure:6167: cc -o conftest -g -O2   conftest.c cf77_test.o   -L/usr/lib/gcc-lib/i386-redhat-linux/2.96 -L/usr/lib/gcc-lib/i386-redhat-linux/2.96/../../.. -lg2c -lm >&5
/tmp/ccHZR8HH.o: In function `main':
/home/kwkamps/Trilinos/packages/teuchos/configure:6197: undefined reference to `foobar'
collect2: ld returned 1 exit status
configure:6170: $? = 1
configure: failed program was:
| #line 6137 "configure"
| /* confdefs.h.  */
| 
| #define PACKAGE_NAME "teuchos"
| #define PACKAGE_TARNAME "teuchos"
| #define PACKAGE_VERSION "0.1"
| #define PACKAGE_STRING "teuchos 0.1"
| #define PACKAGE_BUGREPORT "kwkamps@sandia.gov"
| #define PACKAGE "teuchos"
| #define VERSION "0.1"
| #ifdef __cplusplus
| #include <stdlib.h>
| #endif
| #define STDC_HEADERS 1
| #define HAVE_SYS_TYPES_H 1
| #define HAVE_SYS_STAT_H 1
| #define HAVE_STDLIB_H 1
| #define HAVE_STRING_H 1
| #define HAVE_MEMORY_H 1
| #define HAVE_STRINGS_H 1
| #define HAVE_INTTYPES_H 1
| #define HAVE_STDINT_H 1
| #define HAVE_UNISTD_H 1
| #define HAVE_CSTDLIB 1
| #define HAVE_STDLIB_H 1
| #define HAVE_CSTDIO 1
| #define HAVE_STDIO_H 1
| #define HAVE_CASSERT 1
| #define HAVE_ASSERT_H 1
| #define HAVE_CMATH 1
| #define HAVE_MATH_H 1
| #define HAVE_IOMANIP 1
| #define HAVE_IOMANIP_H 1
| #define HAVE_IOSTREAM 1
| #define HAVE_IOSTREAM_H 1
| #define HAVE_STRING 1
| #define HAVE_STRING_H 1
| #define HAVE_NAMESPACES
| #define HAVE_STL
| #define HAVE_BOOL
| #define HAVE_MUTABLE
| #define HAVE_NEW_FOR_SCOPING
| #define HAVE_STD_SPRINTF
| /* end confdefs.h.  */
| 
| /* Override any gcc2 internal prototype to avoid an error.  */
| #ifdef __cplusplus
| extern "C"
| #endif
| /* We use char because int might match the return type of a gcc2
|    builtin and then its argument prototype would still apply.  */
| char foobar ();
| #ifdef F77_DUMMY_MAIN
| #  ifdef __cplusplus
|      extern "C"
| #  endif
|    int F77_DUMMY_MAIN() { return 1; }
| #endif
| int
| main ()
| {
| foobar ();
|   ;
|   return 0;
| }
configure:6167: cc -o conftest -g -O2   conftest.c cf77_test.o   -L/usr/lib/gcc-lib/i386-redhat-linux/2.96 -L/usr/lib/gcc-lib/i386-redhat-linux/2.96/../../.. -lg2c -lm >&5
configure:6170: $? = 0
configure:6173: test -s conftest
configure:6176: $? = 0
configure:6233: cc -o conftest -g -O2   conftest.c cf77_test.o   -L/usr/lib/gcc-lib/i386-redhat-linux/2.96 -L/usr/lib/gcc-lib/i386-redhat-linux/2.96/../../.. -lg2c -lm >&5
/tmp/ccYqLAo6.o: In function `main':
/home/kwkamps/Trilinos/packages/teuchos/configure:6263: undefined reference to `foo_bar_'
collect2: ld returned 1 exit status
configure:6236: $? = 1
configure: failed program was:
| #line 6203 "configure"
| /* confdefs.h.  */
| 
| #define PACKAGE_NAME "teuchos"
| #define PACKAGE_TARNAME "teuchos"
| #define PACKAGE_VERSION "0.1"
| #define PACKAGE_STRING "teuchos 0.1"
| #define PACKAGE_BUGREPORT "kwkamps@sandia.gov"
| #define PACKAGE "teuchos"
| #define VERSION "0.1"
| #ifdef __cplusplus
| #include <stdlib.h>
| #endif
| #define STDC_HEADERS 1
| #define HAVE_SYS_TYPES_H 1
| #define HAVE_SYS_STAT_H 1
| #define HAVE_STDLIB_H 1
| #define HAVE_STRING_H 1
| #define HAVE_MEMORY_H 1
| #define HAVE_STRINGS_H 1
| #define HAVE_INTTYPES_H 1
| #define HAVE_STDINT_H 1
| #define HAVE_UNISTD_H 1
| #define HAVE_CSTDLIB 1
| #define HAVE_STDLIB_H 1
| #define HAVE_CSTDIO 1
| #define HAVE_STDIO_H 1
| #define HAVE_CASSERT 1
| #define HAVE_ASSERT_H 1
| #define HAVE_CMATH 1
| #define HAVE_MATH_H 1
| #define HAVE_IOMANIP 1
| #define HAVE_IOMANIP_H 1
| #define HAVE_IOSTREAM 1
| #define HAVE_IOSTREAM_H 1
| #define HAVE_STRING 1
| #define HAVE_STRING_H 1
| #define HAVE_NAMESPACES
| #define HAVE_STL
| #define HAVE_BOOL
| #define HAVE_MUTABLE
| #define HAVE_NEW_FOR_SCOPING
| #define HAVE_STD_SPRINTF
| /* end confdefs.h.  */
| 
| /* Override any gcc2 internal prototype to avoid an error.  */
| #ifdef __cplusplus
| extern "C"
| #endif
| /* We use char because int might match the return type of a gcc2
|    builtin and then its argument prototype would still apply.  */
| char foo_bar_ ();
| #ifdef F77_DUMMY_MAIN
| #  ifdef __cplusplus
|      extern "C"
| #  endif
|    int F77_DUMMY_MAIN() { return 1; }
| #endif
| int
| main ()
| {
| foo_bar_ ();
|   ;
|   return 0;
| }
configure:6233: cc -o conftest -g -O2   conftest.c cf77_test.o   -L/usr/lib/gcc-lib/i386-redhat-linux/2.96 -L/usr/lib/gcc-lib/i386-redhat-linux/2.96/../../.. -lg2c -lm >&5
configure:6236: $? = 0
configure:6239: test -s conftest
configure:6242: $? = 0
configure:6296: result: lower case, underscore, extra underscore
configure:6390: checking for library containing pow
configure:6427: g++ -o conftest -g -O2   conftest.cc  >&5
configure:6430: $? = 0
configure:6433: test -s conftest
configure:6436: $? = 0
configure:6501: result: none required
configure:6512: checking for library containing sqrt
configure:6549: g++ -o conftest -g -O2   conftest.cc  >&5
configure:6571: warning: new declaration `char sqrt ()'
configure:6571: warning: ambiguates built-in declaration `double sqrt 
(double)'
configure:6552: $? = 0
configure:6555: test -s conftest
configure:6558: $? = 0
configure:6623: result: none required
configure:6745: checking for sgemm_
configure:6801: g++ -o conftest -g -O2   conftest.cc   -L/usr/lib/gcc-lib/i386-redhat-linux/2.96 -L/usr/lib/gcc-lib/i386-redhat-linux/2.96/../../.. -lg2c -lm >&5
/tmp/ccbnP2lG.o: In function `main':
/home/kwkamps/Trilinos/packages/teuchos/configure:6833: undefined reference to `sgemm_'
/home/kwkamps/Trilinos/packages/teuchos/configure:6833: undefined reference to `sgemm_'
collect2: ld returned 1 exit status
configure:6804: $? = 1
configure: failed program was:
| #line 6750 "configure"
| /* confdefs.h.  */
| 
| #define PACKAGE_NAME "teuchos"
| #define PACKAGE_TARNAME "teuchos"
| #define PACKAGE_VERSION "0.1"
| #define PACKAGE_STRING "teuchos 0.1"
| #define PACKAGE_BUGREPORT "kwkamps@sandia.gov"
| #define PACKAGE "teuchos"
| #define VERSION "0.1"
| #ifdef __cplusplus
| #include <stdlib.h>
| #endif
| #define STDC_HEADERS 1
| #define HAVE_SYS_TYPES_H 1
| #define HAVE_SYS_STAT_H 1
| #define HAVE_STDLIB_H 1
| #define HAVE_STRING_H 1
| #define HAVE_MEMORY_H 1
| #define HAVE_STRINGS_H 1
| #define HAVE_INTTYPES_H 1
| #define HAVE_STDINT_H 1
| #define HAVE_UNISTD_H 1
| #define HAVE_CSTDLIB 1
| #define HAVE_STDLIB_H 1
| #define HAVE_CSTDIO 1
| #define HAVE_STDIO_H 1
| #define HAVE_CASSERT 1
| #define HAVE_ASSERT_H 1
| #define HAVE_CMATH 1
| #define HAVE_MATH_H 1
| #define HAVE_IOMANIP 1
| #define HAVE_IOMANIP_H 1
| #define HAVE_IOSTREAM 1
| #define HAVE_IOSTREAM_H 1
| #define HAVE_STRING 1
| #define HAVE_STRING_H 1
| #define HAVE_NAMESPACES
| #define HAVE_STL
| #define HAVE_BOOL
| #define HAVE_MUTABLE
| #define HAVE_NEW_FOR_SCOPING
| #define HAVE_STD_SPRINTF
| #define F77_FUNC(name,NAME) name ## _
| #define F77_FUNC_(name,NAME) name ## __
| /* end confdefs.h.  */
| /* System header to define __stub macros and hopefully few prototypes,
|     which can conflict with char sgemm_ (); below.
|     Prefer <limits.h> to <assert.h> if __STDC__ is defined, since
|     <limits.h> exists even on freestanding compilers.  */
| #ifdef __STDC__
| # include <limits.h>
| #else
| # include <assert.h>
| #endif
| /* Override any gcc2 internal prototype to avoid an error.  */
| #ifdef __cplusplus
| extern "C"
| {
| #endif
| /* We use char because int might match the return type of a gcc2
|    builtin and then its argument prototype would still apply.  */
| char sgemm_ ();
| /* The GNU C library defines this for functions which it implements
|     to always fail with ENOSYS.  Some functions are actually named
|     something starting with __ and the normal name is an alias.  */
| #if defined (__stub_sgemm_) || defined (__stub___sgemm_)
| choke me
| #else
| char (*f) () = sgemm_;
| #endif
| #ifdef __cplusplus
| }
| #endif
| 
| #ifdef F77_DUMMY_MAIN
| #  ifdef __cplusplus
|      extern "C"
| #  endif
|    int F77_DUMMY_MAIN() { return 1; }
| #endif
| int
| main ()
| {
| return f != sgemm_;
|   ;
|   return 0;
| }
configure:6821: result: no
configure:6832: checking for ATL_xerbla in -latlas
configure:6869: g++ -o conftest -g -O2   conftest.cc -latlas    -L/usr/lib/gcc-lib/i386-redhat-linux/2.96 -L/usr/lib/gcc-lib/i386-redhat-linux/2.96/../../.. -lg2c -lm >&5
/usr/bin/ld: cannot find -latlas
collect2: ld returned 1 exit status
configure:6872: $? = 1
configure: failed program was:
| #line 6839 "configure"
| /* confdefs.h.  */
| 
| #define PACKAGE_NAME "teuchos"
| #define PACKAGE_TARNAME "teuchos"
| #define PACKAGE_VERSION "0.1"
| #define PACKAGE_STRING "teuchos 0.1"
| #define PACKAGE_BUGREPORT "kwkamps@sandia.gov"
| #define PACKAGE "teuchos"
| #define VERSION "0.1"
| #ifdef __cplusplus
| #include <stdlib.h>
| #endif
| #define STDC_HEADERS 1
| #define HAVE_SYS_TYPES_H 1
| #define HAVE_SYS_STAT_H 1
| #define HAVE_STDLIB_H 1
| #define HAVE_STRING_H 1
| #define HAVE_MEMORY_H 1
| #define HAVE_STRINGS_H 1
| #define HAVE_INTTYPES_H 1
| #define HAVE_STDINT_H 1
| #define HAVE_UNISTD_H 1
| #define HAVE_CSTDLIB 1
| #define HAVE_STDLIB_H 1
| #define HAVE_CSTDIO 1
| #define HAVE_STDIO_H 1
| #define HAVE_CASSERT 1
| #define HAVE_ASSERT_H 1
| #define HAVE_CMATH 1
| #define HAVE_MATH_H 1
| #define HAVE_IOMANIP 1
| #define HAVE_IOMANIP_H 1
| #define HAVE_IOSTREAM 1
| #define HAVE_IOSTREAM_H 1
| #define HAVE_STRING 1
| #define HAVE_STRING_H 1
| #define HAVE_NAMESPACES
| #define HAVE_STL
| #define HAVE_BOOL
| #define HAVE_MUTABLE
| #define HAVE_NEW_FOR_SCOPING
| #define HAVE_STD_SPRINTF
| #define F77_FUNC(name,NAME) name ## _
| #define F77_FUNC_(name,NAME) name ## __
| /* end confdefs.h.  */
| 
| /* Override any gcc2 internal prototype to avoid an error.  */
| #ifdef __cplusplus
| extern "C"
| #endif
| /* We use char because int might match the return type of a gcc2
|    builtin and then its argument prototype would still apply.  */
| char ATL_xerbla ();
| #ifdef F77_DUMMY_MAIN
| #  ifdef __cplusplus
|      extern "C"
| #  endif
|    int F77_DUMMY_MAIN() { return 1; }
| #endif
| int
| main ()
| {
| ATL_xerbla ();
|   ;
|   return 0;
| }
configure:6890: result: no
configure:7029: checking for sgemm_ in -lblas
configure:7066: g++ -o conftest -g -O2   conftest.cc -lblas    -L/usr/lib/gcc-lib/i386-redhat-linux/2.96 -L/usr/lib/gcc-lib/i386-redhat-linux/2.96/../../.. -lg2c -lm >&5
configure:7069: $? = 0
configure:7072: test -s conftest
configure:7075: $? = 0
configure:7087: result: yes
configure:7091: checking for dgemm_ in -ldgemm
configure:7128: g++ -o conftest -g -O2   conftest.cc -ldgemm -lblas   -L/usr/lib/gcc-lib/i386-redhat-linux/2.96 -L/usr/lib/gcc-lib/i386-redhat-linux/2.96/../../.. -lg2c -lm >&5
/usr/bin/ld: cannot find -ldgemm
collect2: ld returned 1 exit status
configure:7131: $? = 1
configure: failed program was:
| #line 7098 "configure"
| /* confdefs.h.  */
| 
| #define PACKAGE_NAME "teuchos"
| #define PACKAGE_TARNAME "teuchos"
| #define PACKAGE_VERSION "0.1"
| #define PACKAGE_STRING "teuchos 0.1"
| #define PACKAGE_BUGREPORT "kwkamps@sandia.gov"
| #define PACKAGE "teuchos"
| #define VERSION "0.1"
| #ifdef __cplusplus
| #include <stdlib.h>
| #endif
| #define STDC_HEADERS 1
| #define HAVE_SYS_TYPES_H 1
| #define HAVE_SYS_STAT_H 1
| #define HAVE_STDLIB_H 1
| #define HAVE_STRING_H 1
| #define HAVE_MEMORY_H 1
| #define HAVE_STRINGS_H 1
| #define HAVE_INTTYPES_H 1
| #define HAVE_STDINT_H 1
| #define HAVE_UNISTD_H 1
| #define HAVE_CSTDLIB 1
| #define HAVE_STDLIB_H 1
| #define HAVE_CSTDIO 1
| #define HAVE_STDIO_H 1
| #define HAVE_CASSERT 1
| #define HAVE_ASSERT_H 1
| #define HAVE_CMATH 1
| #define HAVE_MATH_H 1
| #define HAVE_IOMANIP 1
| #define HAVE_IOMANIP_H 1
| #define HAVE_IOSTREAM 1
| #define HAVE_IOSTREAM_H 1
| #define HAVE_STRING 1
| #define HAVE_STRING_H 1
| #define HAVE_NAMESPACES
| #define HAVE_STL
| #define HAVE_BOOL
| #define HAVE_MUTABLE
| #define HAVE_NEW_FOR_SCOPING
| #define HAVE_STD_SPRINTF
| #define F77_FUNC(name,NAME) name ## _
| #define F77_FUNC_(name,NAME) name ## __
| /* end confdefs.h.  */
| 
| /* Override any gcc2 internal prototype to avoid an error.  */
| #ifdef __cplusplus
| extern "C"
| #endif
| /* We use char because int might match the return type of a gcc2
|    builtin and then its argument prototype would still apply.  */
| char dgemm_ ();
| #ifdef F77_DUMMY_MAIN
| #  ifdef __cplusplus
|      extern "C"
| #  endif
|    int F77_DUMMY_MAIN() { return 1; }
| #endif
| int
| main ()
| {
| dgemm_ ();
|   ;
|   return 0;
| }
configure:7149: result: no
configure:7226: checking for sgemm_ in -lcxml
configure:7263: g++ -o conftest -g -O2   conftest.cc -lcxml    -L/usr/lib/gcc-lib/i386-redhat-linux/2.96 -L/usr/lib/gcc-lib/i386-redhat-linux/2.96/../../.. -lg2c -lm >&5
/usr/bin/ld: cannot find -lcxml
collect2: ld returned 1 exit status
configure:7266: $? = 1
configure: failed program was:
| #line 7233 "configure"
| /* confdefs.h.  */
| 
| #define PACKAGE_NAME "teuchos"
| #define PACKAGE_TARNAME "teuchos"
| #define PACKAGE_VERSION "0.1"
| #define PACKAGE_STRING "teuchos 0.1"
| #define PACKAGE_BUGREPORT "kwkamps@sandia.gov"
| #define PACKAGE "teuchos"
| #define VERSION "0.1"
| #ifdef __cplusplus
| #include <stdlib.h>
| #endif
| #define STDC_HEADERS 1
| #define HAVE_SYS_TYPES_H 1
| #define HAVE_SYS_STAT_H 1
| #define HAVE_STDLIB_H 1
| #define HAVE_STRING_H 1
| #define HAVE_MEMORY_H 1
| #define HAVE_STRINGS_H 1
| #define HAVE_INTTYPES_H 1
| #define HAVE_STDINT_H 1
| #define HAVE_UNISTD_H 1
| #define HAVE_CSTDLIB 1
| #define HAVE_STDLIB_H 1
| #define HAVE_CSTDIO 1
| #define HAVE_STDIO_H 1
| #define HAVE_CASSERT 1
| #define HAVE_ASSERT_H 1
| #define HAVE_CMATH 1
| #define HAVE_MATH_H 1
| #define HAVE_IOMANIP 1
| #define HAVE_IOMANIP_H 1
| #define HAVE_IOSTREAM 1
| #define HAVE_IOSTREAM_H 1
| #define HAVE_STRING 1
| #define HAVE_STRING_H 1
| #define HAVE_NAMESPACES
| #define HAVE_STL
| #define HAVE_BOOL
| #define HAVE_MUTABLE
| #define HAVE_NEW_FOR_SCOPING
| #define HAVE_STD_SPRINTF
| #define F77_FUNC(name,NAME) name ## _
| #define F77_FUNC_(name,NAME) name ## __
| /* end confdefs.h.  */
| 
| /* Override any gcc2 internal prototype to avoid an error.  */
| #ifdef __cplusplus
| extern "C"
| #endif
| /* We use char because int might match the return type of a gcc2
|    builtin and then its argument prototype would still apply.  */
| char sgemm_ ();
| #ifdef F77_DUMMY_MAIN
| #  ifdef __cplusplus
|      extern "C"
| #  endif
|    int F77_DUMMY_MAIN() { return 1; }
| #endif
| int
| main ()
| {
| sgemm_ ();
|   ;
|   return 0;
| }
configure:7284: result: no
configure:7295: checking for sgemm_ in -ldxml
configure:7332: g++ -o conftest -g -O2   conftest.cc -ldxml    -L/usr/lib/gcc-lib/i386-redhat-linux/2.96 -L/usr/lib/gcc-lib/i386-redhat-linux/2.96/../../.. -lg2c -lm >&5
/usr/bin/ld: cannot find -ldxml
collect2: ld returned 1 exit status
configure:7335: $? = 1
configure: failed program was:
| #line 7302 "configure"
| /* confdefs.h.  */
| 
| #define PACKAGE_NAME "teuchos"
| #define PACKAGE_TARNAME "teuchos"
| #define PACKAGE_VERSION "0.1"
| #define PACKAGE_STRING "teuchos 0.1"
| #define PACKAGE_BUGREPORT "kwkamps@sandia.gov"
| #define PACKAGE "teuchos"
| #define VERSION "0.1"
| #ifdef __cplusplus
| #include <stdlib.h>
| #endif
| #define STDC_HEADERS 1
| #define HAVE_SYS_TYPES_H 1
| #define HAVE_SYS_STAT_H 1
| #define HAVE_STDLIB_H 1
| #define HAVE_STRING_H 1
| #define HAVE_MEMORY_H 1
| #define HAVE_STRINGS_H 1
| #define HAVE_INTTYPES_H 1
| #define HAVE_STDINT_H 1
| #define HAVE_UNISTD_H 1
| #define HAVE_CSTDLIB 1
| #define HAVE_STDLIB_H 1
| #define HAVE_CSTDIO 1
| #define HAVE_STDIO_H 1
| #define HAVE_CASSERT 1
| #define HAVE_ASSERT_H 1
| #define HAVE_CMATH 1
| #define HAVE_MATH_H 1
| #define HAVE_IOMANIP 1
| #define HAVE_IOMANIP_H 1
| #define HAVE_IOSTREAM 1
| #define HAVE_IOSTREAM_H 1
| #define HAVE_STRING 1
| #define HAVE_STRING_H 1
| #define HAVE_NAMESPACES
| #define HAVE_STL
| #define HAVE_BOOL
| #define HAVE_MUTABLE
| #define HAVE_NEW_FOR_SCOPING
| #define HAVE_STD_SPRINTF
| #define F77_FUNC(name,NAME) name ## _
| #define F77_FUNC_(name,NAME) name ## __
| /* end confdefs.h.  */
| 
| /* Override any gcc2 internal prototype to avoid an error.  */
| #ifdef __cplusplus
| extern "C"
| #endif
| /* We use char because int might match the return type of a gcc2
|    builtin and then its argument prototype would still apply.  */
| char sgemm_ ();
| #ifdef F77_DUMMY_MAIN
| #  ifdef __cplusplus
|      extern "C"
| #  endif
|    int F77_DUMMY_MAIN() { return 1; }
| #endif
| int
| main ()
| {
| sgemm_ ();
|   ;
|   return 0;
| }
configure:7353: result: no
configure:7499: checking for sgemm_ in -lscs
configure:7536: g++ -o conftest -g -O2   conftest.cc -lscs    -L/usr/lib/gcc-lib/i386-redhat-linux/2.96 -L/usr/lib/gcc-lib/i386-redhat-linux/2.96/../../.. -lg2c -lm >&5
/usr/bin/ld: cannot find -lscs
collect2: ld returned 1 exit status
configure:7539: $? = 1
configure: failed program was:
| #line 7506 "configure"
| /* confdefs.h.  */
| 
| #define PACKAGE_NAME "teuchos"
| #define PACKAGE_TARNAME "teuchos"
| #define PACKAGE_VERSION "0.1"
| #define PACKAGE_STRING "teuchos 0.1"
| #define PACKAGE_BUGREPORT "kwkamps@sandia.gov"
| #define PACKAGE "teuchos"
| #define VERSION "0.1"
| #ifdef __cplusplus
| #include <stdlib.h>
| #endif
| #define STDC_HEADERS 1
| #define HAVE_SYS_TYPES_H 1
| #define HAVE_SYS_STAT_H 1
| #define HAVE_STDLIB_H 1
| #define HAVE_STRING_H 1
| #define HAVE_MEMORY_H 1
| #define HAVE_STRINGS_H 1
| #define HAVE_INTTYPES_H 1
| #define HAVE_STDINT_H 1
| #define HAVE_UNISTD_H 1
| #define HAVE_CSTDLIB 1
| #define HAVE_STDLIB_H 1
| #define HAVE_CSTDIO 1
| #define HAVE_STDIO_H 1
| #define HAVE_CASSERT 1
| #define HAVE_ASSERT_H 1
| #define HAVE_CMATH 1
| #define HAVE_MATH_H 1
| #define HAVE_IOMANIP 1
| #define HAVE_IOMANIP_H 1
| #define HAVE_IOSTREAM 1
| #define HAVE_IOSTREAM_H 1
| #define HAVE_STRING 1
| #define HAVE_STRING_H 1
| #define HAVE_NAMESPACES
| #define HAVE_STL
| #define HAVE_BOOL
| #define HAVE_MUTABLE
| #define HAVE_NEW_FOR_SCOPING
| #define HAVE_STD_SPRINTF
| #define F77_FUNC(name,NAME) name ## _
| #define F77_FUNC_(name,NAME) name ## __
| /* end confdefs.h.  */
| 
| /* Override any gcc2 internal prototype to avoid an error.  */
| #ifdef __cplusplus
| extern "C"
| #endif
| /* We use char because int might match the return type of a gcc2
|    builtin and then its argument prototype would still apply.  */
| char sgemm_ ();
| #ifdef F77_DUMMY_MAIN
| #  ifdef __cplusplus
|      extern "C"
| #  endif
|    int F77_DUMMY_MAIN() { return 1; }
| #endif
| int
| main ()
| {
| sgemm_ ();
|   ;
|   return 0;
| }
configure:7557: result: no
configure:7568: checking for sgemm_ in -lcomplib.sgimath
configure:7605: g++ -o conftest -g -O2   conftest.cc -lcomplib.sgimath    -L/usr/lib/gcc-lib/i386-redhat-linux/2.96 -L/usr/lib/gcc-lib/i386-redhat-linux/2.96/../../.. -lg2c -lm >&5
/usr/bin/ld: cannot find -lcomplib.sgimath
collect2: ld returned 1 exit status
configure:7608: $? = 1
configure: failed program was:
| #line 7575 "configure"
| /* confdefs.h.  */
| 
| #define PACKAGE_NAME "teuchos"
| #define PACKAGE_TARNAME "teuchos"
| #define PACKAGE_VERSION "0.1"
| #define PACKAGE_STRING "teuchos 0.1"
| #define PACKAGE_BUGREPORT "kwkamps@sandia.gov"
| #define PACKAGE "teuchos"
| #define VERSION "0.1"
| #ifdef __cplusplus
| #include <stdlib.h>
| #endif
| #define STDC_HEADERS 1
| #define HAVE_SYS_TYPES_H 1
| #define HAVE_SYS_STAT_H 1
| #define HAVE_STDLIB_H 1
| #define HAVE_STRING_H 1
| #define HAVE_MEMORY_H 1
| #define HAVE_STRINGS_H 1
| #define HAVE_INTTYPES_H 1
| #define HAVE_STDINT_H 1
| #define HAVE_UNISTD_H 1
| #define HAVE_CSTDLIB 1
| #define HAVE_STDLIB_H 1
| #define HAVE_CSTDIO 1
| #define HAVE_STDIO_H 1
| #define HAVE_CASSERT 1
| #define HAVE_ASSERT_H 1
| #define HAVE_CMATH 1
| #define HAVE_MATH_H 1
| #define HAVE_IOMANIP 1
| #define HAVE_IOMANIP_H 1
| #define HAVE_IOSTREAM 1
| #define HAVE_IOSTREAM_H 1
| #define HAVE_STRING 1
| #define HAVE_STRING_H 1
| #define HAVE_NAMESPACES
| #define HAVE_STL
| #define HAVE_BOOL
| #define HAVE_MUTABLE
| #define HAVE_NEW_FOR_SCOPING
| #define HAVE_STD_SPRINTF
| #define F77_FUNC(name,NAME) name ## _
| #define F77_FUNC_(name,NAME) name ## __
| /* end confdefs.h.  */
| 
| /* Override any gcc2 internal prototype to avoid an error.  */
| #ifdef __cplusplus
| extern "C"
| #endif
| /* We use char because int might match the return type of a gcc2
|    builtin and then its argument prototype would still apply.  */
| char sgemm_ ();
| #ifdef F77_DUMMY_MAIN
| #  ifdef __cplusplus
|      extern "C"
| #  endif
|    int F77_DUMMY_MAIN() { return 1; }
| #endif
| int
| main ()
| {
| sgemm_ ();
|   ;
|   return 0;
| }
configure:7626: result: no
configure:7637: checking for sgemm_ in -lblas
configure:7695: result: yes
configure:7699: checking for sgemm_ in -lessl
configure:7736: g++ -o conftest -g -O2   conftest.cc -lessl -lblas  -L/usr/lib/gcc-lib/i386-redhat-linux/2.96 -L/usr/lib/gcc-lib/i386-redhat-linux/2.96/../../.. -lg2c -lm   -L/usr/lib/gcc-lib/i386-redhat-linux/2.96 -L/usr/lib/gcc-lib/i386-redhat-linux/2.96/../../.. -lg2c -lm >&5
/usr/bin/ld: cannot find -lessl
collect2: ld returned 1 exit status
configure:7739: $? = 1
configure: failed program was:
| #line 7706 "configure"
| /* confdefs.h.  */
| 
| #define PACKAGE_NAME "teuchos"
| #define PACKAGE_TARNAME "teuchos"
| #define PACKAGE_VERSION "0.1"
| #define PACKAGE_STRING "teuchos 0.1"
| #define PACKAGE_BUGREPORT "kwkamps@sandia.gov"
| #define PACKAGE "teuchos"
| #define VERSION "0.1"
| #ifdef __cplusplus
| #include <stdlib.h>
| #endif
| #define STDC_HEADERS 1
| #define HAVE_SYS_TYPES_H 1
| #define HAVE_SYS_STAT_H 1
| #define HAVE_STDLIB_H 1
| #define HAVE_STRING_H 1
| #define HAVE_MEMORY_H 1
| #define HAVE_STRINGS_H 1
| #define HAVE_INTTYPES_H 1
| #define HAVE_STDINT_H 1
| #define HAVE_UNISTD_H 1
| #define HAVE_CSTDLIB 1
| #define HAVE_STDLIB_H 1
| #define HAVE_CSTDIO 1
| #define HAVE_STDIO_H 1
| #define HAVE_CASSERT 1
| #define HAVE_ASSERT_H 1
| #define HAVE_CMATH 1
| #define HAVE_MATH_H 1
| #define HAVE_IOMANIP 1
| #define HAVE_IOMANIP_H 1
| #define HAVE_IOSTREAM 1
| #define HAVE_IOSTREAM_H 1
| #define HAVE_STRING 1
| #define HAVE_STRING_H 1
| #define HAVE_NAMESPACES
| #define HAVE_STL
| #define HAVE_BOOL
| #define HAVE_MUTABLE
| #define HAVE_NEW_FOR_SCOPING
| #define HAVE_STD_SPRINTF
| #define F77_FUNC(name,NAME) name ## _
| #define F77_FUNC_(name,NAME) name ## __
| /* end confdefs.h.  */
| 
| /* Override any gcc2 internal prototype to avoid an error.  */
| #ifdef __cplusplus
| extern "C"
| #endif
| /* We use char because int might match the return type of a gcc2
|    builtin and then its argument prototype would still apply.  */
| char sgemm_ ();
| #ifdef F77_DUMMY_MAIN
| #  ifdef __cplusplus
|      extern "C"
| #  endif
|    int F77_DUMMY_MAIN() { return 1; }
| #endif
| int
| main ()
| {
| sgemm_ ();
|   ;
|   return 0;
| }
configure:7757: result: no
configure:7770: checking for sgemm_ in -lblas
configure:7828: result: yes
configure:7954: checking for sgecon_
configure:8010: g++ -o conftest -g -O2   conftest.cc  -lblas  -L/usr/lib/gcc-lib/i386-redhat-linux/2.96 -L/usr/lib/gcc-lib/i386-redhat-linux/2.96/../../.. -lg2c -lm >&5
/tmp/ccNfXdg2.o: In function `main':
/home/kwkamps/Trilinos/packages/teuchos/configure:8043: undefined reference to `sgecon_'
/home/kwkamps/Trilinos/packages/teuchos/configure:8043: undefined reference to `sgecon_'
collect2: ld returned 1 exit status
configure:8013: $? = 1
configure: failed program was:
| #line 7959 "configure"
| /* confdefs.h.  */
| 
| #define PACKAGE_NAME "teuchos"
| #define PACKAGE_TARNAME "teuchos"
| #define PACKAGE_VERSION "0.1"
| #define PACKAGE_STRING "teuchos 0.1"
| #define PACKAGE_BUGREPORT "kwkamps@sandia.gov"
| #define PACKAGE "teuchos"
| #define VERSION "0.1"
| #ifdef __cplusplus
| #include <stdlib.h>
| #endif
| #define STDC_HEADERS 1
| #define HAVE_SYS_TYPES_H 1
| #define HAVE_SYS_STAT_H 1
| #define HAVE_STDLIB_H 1
| #define HAVE_STRING_H 1
| #define HAVE_MEMORY_H 1
| #define HAVE_STRINGS_H 1
| #define HAVE_INTTYPES_H 1
| #define HAVE_STDINT_H 1
| #define HAVE_UNISTD_H 1
| #define HAVE_CSTDLIB 1
| #define HAVE_STDLIB_H 1
| #define HAVE_CSTDIO 1
| #define HAVE_STDIO_H 1
| #define HAVE_CASSERT 1
| #define HAVE_ASSERT_H 1
| #define HAVE_CMATH 1
| #define HAVE_MATH_H 1
| #define HAVE_IOMANIP 1
| #define HAVE_IOMANIP_H 1
| #define HAVE_IOSTREAM 1
| #define HAVE_IOSTREAM_H 1
| #define HAVE_STRING 1
| #define HAVE_STRING_H 1
| #define HAVE_NAMESPACES
| #define HAVE_STL
| #define HAVE_BOOL
| #define HAVE_MUTABLE
| #define HAVE_NEW_FOR_SCOPING
| #define HAVE_STD_SPRINTF
| #define F77_FUNC(name,NAME) name ## _
| #define F77_FUNC_(name,NAME) name ## __
| #define HAVE_BLAS 1
| /* end confdefs.h.  */
| /* System header to define __stub macros and hopefully few prototypes,
|     which can conflict with char sgecon_ (); below.
|     Prefer <limits.h> to <assert.h> if __STDC__ is defined, since
|     <limits.h> exists even on freestanding compilers.  */
| #ifdef __STDC__
| # include <limits.h>
| #else
| # include <assert.h>
| #endif
| /* Override any gcc2 internal prototype to avoid an error.  */
| #ifdef __cplusplus
| extern "C"
| {
| #endif
| /* We use char because int might match the return type of a gcc2
|    builtin and then its argument prototype would still apply.  */
| char sgecon_ ();
| /* The GNU C library defines this for functions which it implements
|     to always fail with ENOSYS.  Some functions are actually named
|     something starting with __ and the normal name is an alias.  */
| #if defined (__stub_sgecon_) || defined (__stub___sgecon_)
| choke me
| #else
| char (*f) () = sgecon_;
| #endif
| #ifdef __cplusplus
| }
| #endif
| 
| #ifdef F77_DUMMY_MAIN
| #  ifdef __cplusplus
|      extern "C"
| #  endif
|    int F77_DUMMY_MAIN() { return 1; }
| #endif
| int
| main ()
| {
| return f != sgecon_;
|   ;
|   return 0;
| }
configure:8030: result: no
configure:8044: checking for sgecon_ in -llapack
configure:8081: g++ -o conftest -g -O2   conftest.cc -llapack  -L/usr/lib/gcc-lib/i386-redhat-linux/2.96 -L/usr/lib/gcc-lib/i386-redhat-linux/2.96/../../.. -lg2c -lm -lblas  >&5
/usr/lib/gcc-lib/i386-redhat-linux/2.96/../../../libblas.so: undefined reference to `z_abs'
/usr/lib/gcc-lib/i386-redhat-linux/2.96/../../../libblas.so: undefined reference to `c_abs'
collect2: ld returned 1 exit status
configure:8084: $? = 1
configure: failed program was:
| #line 8051 "configure"
| /* confdefs.h.  */
| 
| #define PACKAGE_NAME "teuchos"
| #define PACKAGE_TARNAME "teuchos"
| #define PACKAGE_VERSION "0.1"
| #define PACKAGE_STRING "teuchos 0.1"
| #define PACKAGE_BUGREPORT "kwkamps@sandia.gov"
| #define PACKAGE "teuchos"
| #define VERSION "0.1"
| #ifdef __cplusplus
| #include <stdlib.h>
| #endif
| #define STDC_HEADERS 1
| #define HAVE_SYS_TYPES_H 1
| #define HAVE_SYS_STAT_H 1
| #define HAVE_STDLIB_H 1
| #define HAVE_STRING_H 1
| #define HAVE_MEMORY_H 1
| #define HAVE_STRINGS_H 1
| #define HAVE_INTTYPES_H 1
| #define HAVE_STDINT_H 1
| #define HAVE_UNISTD_H 1
| #define HAVE_CSTDLIB 1
| #define HAVE_STDLIB_H 1
| #define HAVE_CSTDIO 1
| #define HAVE_STDIO_H 1
| #define HAVE_CASSERT 1
| #define HAVE_ASSERT_H 1
| #define HAVE_CMATH 1
| #define HAVE_MATH_H 1
| #define HAVE_IOMANIP 1
| #define HAVE_IOMANIP_H 1
| #define HAVE_IOSTREAM 1
| #define HAVE_IOSTREAM_H 1
| #define HAVE_STRING 1
| #define HAVE_STRING_H 1
| #define HAVE_NAMESPACES
| #define HAVE_STL
| #define HAVE_BOOL
| #define HAVE_MUTABLE
| #define HAVE_NEW_FOR_SCOPING
| #define HAVE_STD_SPRINTF
| #define F77_FUNC(name,NAME) name ## _
| #define F77_FUNC_(name,NAME) name ## __
| #define HAVE_BLAS 1
| /* end confdefs.h.  */
| 
| /* Override any gcc2 internal prototype to avoid an error.  */
| #ifdef __cplusplus
| extern "C"
| #endif
| /* We use char because int might match the return type of a gcc2
|    builtin and then its argument prototype would still apply.  */
| char sgecon_ ();
| #ifdef F77_DUMMY_MAIN
| #  ifdef __cplusplus
|      extern "C"
| #  endif
|    int F77_DUMMY_MAIN() { return 1; }
| #endif
| int
| main ()
| {
| sgecon_ ();
|   ;
|   return 0;
| }
configure:8102: result: no
configure:8044: checking for sgecon_ in -llapack_rs6k
configure:8081: g++ -o conftest -g -O2   conftest.cc -llapack_rs6k  -L/usr/lib/gcc-lib/i386-redhat-linux/2.96 -L/usr/lib/gcc-lib/i386-redhat-linux/2.96/../../.. -lg2c -lm -lblas  >&5
/usr/bin/ld: cannot find -llapack_rs6k
collect2: ld returned 1 exit status
configure:8084: $? = 1
configure: failed program was:
| #line 8051 "configure"
| /* confdefs.h.  */
| 
| #define PACKAGE_NAME "teuchos"
| #define PACKAGE_TARNAME "teuchos"
| #define PACKAGE_VERSION "0.1"
| #define PACKAGE_STRING "teuchos 0.1"
| #define PACKAGE_BUGREPORT "kwkamps@sandia.gov"
| #define PACKAGE "teuchos"
| #define VERSION "0.1"
| #ifdef __cplusplus
| #include <stdlib.h>
| #endif
| #define STDC_HEADERS 1
| #define HAVE_SYS_TYPES_H 1
| #define HAVE_SYS_STAT_H 1
| #define HAVE_STDLIB_H 1
| #define HAVE_STRING_H 1
| #define HAVE_MEMORY_H 1
| #define HAVE_STRINGS_H 1
| #define HAVE_INTTYPES_H 1
| #define HAVE_STDINT_H 1
| #define HAVE_UNISTD_H 1
| #define HAVE_CSTDLIB 1
| #define HAVE_STDLIB_H 1
| #define HAVE_CSTDIO 1
| #define HAVE_STDIO_H 1
| #define HAVE_CASSERT 1
| #define HAVE_ASSERT_H 1
| #define HAVE_CMATH 1
| #define HAVE_MATH_H 1
| #define HAVE_IOMANIP 1
| #define HAVE_IOMANIP_H 1
| #define HAVE_IOSTREAM 1
| #define HAVE_IOSTREAM_H 1
| #define HAVE_STRING 1
| #define HAVE_STRING_H 1
| #define HAVE_NAMESPACES
| #define HAVE_STL
| #define HAVE_BOOL
| #define HAVE_MUTABLE
| #define HAVE_NEW_FOR_SCOPING
| #define HAVE_STD_SPRINTF
| #define F77_FUNC(name,NAME) name ## _
| #define F77_FUNC_(name,NAME) name ## __
| #define HAVE_BLAS 1
| /* end confdefs.h.  */
| 
| /* Override any gcc2 internal prototype to avoid an error.  */
| #ifdef __cplusplus
| extern "C"
| #endif
| /* We use char because int might match the return type of a gcc2
|    builtin and then its argument prototype would still apply.  */
| char sgecon_ ();
| #ifdef F77_DUMMY_MAIN
| #  ifdef __cplusplus
|      extern "C"
| #  endif
|    int F77_DUMMY_MAIN() { return 1; }
| #endif
| int
| main ()
| {
| sgecon_ ();
|   ;
|   return 0;
| }
configure:8102: result: no
configure:8124: error: Cannot find lapack library, specify a path using --with-lapack=DIR/LIB (ex. --with-lapack=/usr/path/lib/libcxml.a)

## ---------------- ##
## Cache variables. ##
## ---------------- ##

ac_cv_build=i686-pc-linux-gnu
ac_cv_build_alias=i686-pc-linux-gnu
ac_cv_c_compiler_gnu=yes
ac_cv_c_const=yes
ac_cv_c_inline=inline
ac_cv_cxx_bool=yes
ac_cv_cxx_compiler_gnu=yes
ac_cv_cxx_have_stl=yes
ac_cv_cxx_mutable=yes
ac_cv_cxx_namespaces=yes
ac_cv_cxx_new_for_scoping=yes
ac_cv_cxx_std_sprintf=yes
ac_cv_cxx_std_sprintf1=yes
ac_cv_cxx_std_sprintf2=yes
ac_cv_env_CC_set=
ac_cv_env_CC_value=
ac_cv_env_CFLAGS_set=
ac_cv_env_CFLAGS_value=
ac_cv_env_CPPFLAGS_set=
ac_cv_env_CPPFLAGS_value=
ac_cv_env_CXXCPP_set=
ac_cv_env_CXXCPP_value=
ac_cv_env_CXXFLAGS_set=
ac_cv_env_CXXFLAGS_value=
ac_cv_env_CXX_set=
ac_cv_env_CXX_value=
ac_cv_env_F77_set=
ac_cv_env_F77_value=
ac_cv_env_FFLAGS_set=
ac_cv_env_FFLAGS_value=
ac_cv_env_LDFLAGS_set=
ac_cv_env_LDFLAGS_value=
ac_cv_env_build_alias_set=
ac_cv_env_build_alias_value=
ac_cv_env_host_alias_set=
ac_cv_env_host_alias_value=
ac_cv_env_target_alias_set=
ac_cv_env_target_alias_value=
ac_cv_exeext=
ac_cv_f77_compiler_gnu=yes
ac_cv_f77_dummy_main=none
ac_cv_f77_mangling='lower case, underscore, extra underscore'
ac_cv_flibs=' -L/usr/lib/gcc-lib/i386-redhat-linux/2.96 -L/usr/lib/gcc-lib/i386-redhat-linux/2.96/../../.. -lg2c -lm'
ac_cv_func_sgecon_=no
ac_cv_func_sgemm_=no
ac_cv_header_assert_h=yes
ac_cv_header_cassert=yes
ac_cv_header_cmath=yes
ac_cv_header_cstdio=yes
ac_cv_header_cstdlib=yes
ac_cv_header_inttypes_h=yes
ac_cv_header_iomanip=yes
ac_cv_header_iomanip_h=yes
ac_cv_header_iostream=yes
ac_cv_header_iostream_h=yes
ac_cv_header_math_h=yes
ac_cv_header_memory_h=yes
ac_cv_header_stdc=yes
ac_cv_header_stdint_h=yes
ac_cv_header_stdio_h=yes
ac_cv_header_stdlib_h=yes
ac_cv_header_string=yes
ac_cv_header_string_h=yes
ac_cv_header_strings_h=yes
ac_cv_header_sys_stat_h=yes
ac_cv_header_sys_types_h=yes
ac_cv_header_unistd_h=yes
ac_cv_host=i686-pc-linux-gnu
ac_cv_host_alias=i686-pc-linux-gnu
ac_cv_lib_atlas_ATL_xerbla=no
ac_cv_lib_blas_sgemm_=yes
ac_cv_lib_complib_sgimath_sgemm_=no
ac_cv_lib_cxml_sgemm_=no
ac_cv_lib_dgemm_dgemm_=no
ac_cv_lib_dxml_sgemm_=no
ac_cv_lib_essl_sgemm_=no
ac_cv_lib_lapack___sgecon_=no
ac_cv_lib_lapack_rs6k___sgecon_=no
ac_cv_lib_scs_sgemm_=no
ac_cv_objext=o
ac_cv_path_install='/usr/bin/install -c'
ac_cv_prog_AWK=gawk
ac_cv_prog_CXXCPP='g++ -E'
ac_cv_prog_ac_ct_CC=cc
ac_cv_prog_ac_ct_CXX=g++
ac_cv_prog_ac_ct_F77=f77
ac_cv_prog_ac_ct_RANLIB=ranlib
ac_cv_prog_cc_g=yes
ac_cv_prog_cc_stdc=
ac_cv_prog_cxx_g=yes
ac_cv_prog_egrep='grep -E'
ac_cv_prog_f77_g=yes
ac_cv_prog_f77_v=-v
ac_cv_prog_make_make_set=yes
ac_cv_search_pow='none required'
ac_cv_search_sqrt='none required'
ac_cv_target=i686-pc-linux-gnu
ac_cv_target_alias=i686-pc-linux-gnu
am_cv_CC_dependencies_compiler_type=gcc3
am_cv_CXX_dependencies_compiler_type=gcc3

## ----------------- ##
## Output variables. ##
## ----------------- ##

ACLOCAL='${SHELL} /home/kwkamps/Trilinos/packages/teuchos/config/missing --run aclocal-1.6'
ALTERNATE_AR=''
AMDEPBACKSLASH='\'
AMDEP_FALSE='#'
AMDEP_TRUE=''
AMTAR='${SHELL} /home/kwkamps/Trilinos/packages/teuchos/config/missing --run tar'
AUTOCONF='${SHELL} /home/kwkamps/Trilinos/packages/teuchos/config/missing --run autoconf'
AUTOHEADER='${SHELL} /home/kwkamps/Trilinos/packages/teuchos/config/missing --run autoheader'
AUTOMAKE='${SHELL} /home/kwkamps/Trilinos/packages/teuchos/config/missing --run automake-1.6'
AWK='gawk'
BLAS_LIBS='-lblas'
CC='cc'
CCDEPMODE='depmode=gcc3'
CFLAGS='-g -O2'
CPPFLAGS=''
CXX='g++'
CXXCPP='g++ -E'
CXXDEPMODE='depmode=gcc3'
CXXFLAGS='-g -O2'
DEFS=''
DEPDIR='.deps'
ECHO_C=''
ECHO_N='-n'
ECHO_T=''
EGREP='grep -E'
EXEEXT=''
F77='f77'
FFLAGS='-g -O2'
FLIBS=' -L/usr/lib/gcc-lib/i386-redhat-linux/2.96 -L/usr/lib/gcc-lib/i386-redhat-linux/2.96/../../.. -lg2c -lm'
HAVE_MPI_FALSE=''
HAVE_MPI_TRUE='#'
INSTALL_DATA='${INSTALL} -m 644'
INSTALL_PROGRAM='${INSTALL}'
INSTALL_SCRIPT='${INSTALL}'
INSTALL_STRIP_PROGRAM='${SHELL} $(install_sh) -c -s'
LAPACK_LIBS=''
LDFLAGS=''
LIBOBJS=''
LIBS=''
LTLIBOBJS=''
MAINT='#'
MAINTAINER_MODE_FALSE=''
MAINTAINER_MODE_TRUE='#'
MAKEINFO='${SHELL} /home/kwkamps/Trilinos/packages/teuchos/config/missing --run makeinfo'
MPI_CC_EXISTS=''
MPI_CXX=''
MPI_CXX_EXISTS=''
MPI_F77_EXISTS=''
OBJEXT='o'
PACKAGE='teuchos'
PACKAGE_BUGREPORT='kwkamps@sandia.gov'
PACKAGE_NAME='teuchos'
PACKAGE_STRING='teuchos 0.1'
PACKAGE_TARNAME='teuchos'
PACKAGE_VERSION='0.1'
PATH_SEPARATOR=':'
RANLIB='ranlib'
SET_MAKE=''
SHELL='/bin/sh'
STRIP=''
USE_ALTERNATE_AR_FALSE=''
USE_ALTERNATE_AR_TRUE='#'
VERSION='0.1'
ac_aux_dir='config'
ac_ct_CC='cc'
ac_ct_CXX='g++'
ac_ct_F77='f77'
ac_ct_RANLIB='ranlib'
ac_ct_STRIP=''
am__include='include'
am__quote=''
bindir='${exec_prefix}/bin'
build='i686-pc-linux-gnu'
build_alias=''
build_cpu='i686'
build_os='linux-gnu'
build_vendor='pc'
datadir='${prefix}/share'
exec_prefix='NONE'
host='i686-pc-linux-gnu'
host_alias=''
host_cpu='i686'
host_os='linux-gnu'
host_vendor='pc'
includedir='${prefix}/include'
infodir='${prefix}/info'
install_sh='/home/kwkamps/Trilinos/packages/teuchos/config/install-sh'
libdir='${exec_prefix}/lib'
libexecdir='${exec_prefix}/libexec'
localstatedir='${prefix}/var'
mandir='${prefix}/man'
oldincludedir='/usr/include'
prefix='NONE'
program_transform_name='s,x,x,'
sbindir='${exec_prefix}/sbin'
sharedstatedir='${prefix}/com'
sysconfdir='${prefix}/etc'
target='i686-pc-linux-gnu'
target_alias=''
target_cpu='i686'
target_os='linux-gnu'
target_vendor='pc'

## ----------- ##
## confdefs.h. ##
## ----------- ##

#define F77_FUNC(name,NAME) name ## _
#define F77_FUNC_(name,NAME) name ## __
#define HAVE_ASSERT_H 1
#define HAVE_BLAS 1
#define HAVE_BOOL
#define HAVE_CASSERT 1
#define HAVE_CMATH 1
#define HAVE_CSTDIO 1
#define HAVE_CSTDLIB 1
#define HAVE_INTTYPES_H 1
#define HAVE_IOMANIP 1
#define HAVE_IOMANIP_H 1
#define HAVE_IOSTREAM 1
#define HAVE_IOSTREAM_H 1
#define HAVE_MATH_H 1
#define HAVE_MEMORY_H 1
#define HAVE_MUTABLE
#define HAVE_NAMESPACES
#define HAVE_NEW_FOR_SCOPING
#define HAVE_STDINT_H 1
#define HAVE_STDIO_H 1
#define HAVE_STDLIB_H 1
#define HAVE_STDLIB_H 1
#define HAVE_STD_SPRINTF
#define HAVE_STL
#define HAVE_STRING 1
#define HAVE_STRINGS_H 1
#define HAVE_STRING_H 1
#define HAVE_STRING_H 1
#define HAVE_SYS_STAT_H 1
#define HAVE_SYS_TYPES_H 1
#define HAVE_UNISTD_H 1
#define PACKAGE "teuchos"
#define PACKAGE_BUGREPORT "kwkamps@sandia.gov"
#define PACKAGE_NAME "teuchos"
#define PACKAGE_STRING "teuchos 0.1"
#define PACKAGE_TARNAME "teuchos"
#define PACKAGE_VERSION "0.1"
#define STDC_HEADERS 1
#define VERSION "0.1"
#endif
#ifdef __cplusplus
#include <stdlib.h>

configure: exit 1
