This is a file suggested by Denis Ridzal (dridzal@sandia.gov) to track Sierra developer initiated changes
to Trilinos packages, e.g., compiler compatability fixes.  It is in the format with "|" separators for
easy pasting into a spreadsheet.

---------|--------------|---------------------------------|------------| ------------|------------------------------------------------------------------------------
Date     | Package      | File(s)                         |Platform    | @sandia.gov | Detail
---------|--------------|---------------------------------|------------| ------------|------------------------------------------------------------------------------
06/17/10 | Intrepid     | Intrepid_CellTools.hpp          | PGI 7.1    | srkenno     | The pgi compilers have a known issue with switch statements in template      
         |              | Intrepid_HGRAD_HEX_C1_FEMDef.hpp|            |             | definition code.  Workaround is to avoid including the XXXDef.hpp file in    
         |              |                                 |            |             | the parent header file and include that Def file in client code (once).      
         |              |                                 |            |             | Note: the other Basis headers will be changed later once this single   
         |              |                                 |            |             | change has been validated.                                          
---------|--------------|---------------------------------|------------| ------------|------------------------------------------------------------------------------
06/21/10 | Intrepid     | Intrepid_FieldContainerDef.hpp  | all        | srkenno     | In ctor taking a Teuchos Array, changed unsigned int to int - this was 
         |              |                                 |            |             | causing a warning that signed & unsigned int's were being compared.
---------|--------------|---------------------------------|------------| ------------|------------------------------------------------------------------------------
06/21/10 | Intrepid     |Intrpid_                         | sun 5.7    | srkenno     | A compiler bug on this platform doesn't allow proper instantiation of templates
         |              | _CubatureDirectLineGauss.hpp    |            |             | when a #define is used to supply a fixed array dimension.  The workaround is   
         |              | _CubatureDirectTetDefault       |            |             | to set an enum to have the value of the #define, then use the enum for       
         |              | _CubatureDirectTriDefault       |            |             | dimensioning arrays.                                                   
         |              |                                 |            |             |
---------|--------------|---------------------------------|------------| ------------|------------------------------------------------------------------------------
         |              |                                 |            |             |
         |              |                                 |            |             |
         |              |                                 |            |             |
         |              |                                 |            |             |
         |              |                                 |            |             |
         |              |                                 |            |             |
         |              |                                 |            |             |
         |              |                                 |            |             |
                                                           