Reading MatrixMarket file /home/cgbaker/Matrices/bmw3_2.mtx
1M 2M 3M 4M 5M 
   Sorting local nonzeros

   Constructing the matrix
   Inserting global values
   Completing matrix fill
File Read time (secs):  3.72572

*** Matrix statistics: /home/cgbaker/Matrices/bmw3_2.mtx
Number of rows: 227362
Number of non-zeros: 5757996
Mean number of non-zeros per row: 25.3
Std dev number of non-zeros per row: 13.39

LevelSolver::Analyze() time: 0.26
LevelSolver::Setup() time: 0.30

*** LevelSolver statistics
PID: 0
Num Levels: 1162
Mean level size: 195.66
Std dev level size: 310.20
Mean level nnz: 4763.68
Std dev level nnz: 6293.31

*** Performing verification
Applying L to x using CrsMatrix
Solving L*x using CrsMatrix
||x - inv(L)*(L*x)||/||x||: 1.06e-14

Applying L to x using CrsMatrix
Solving L*x using LevelSolver
||x - inv(L)*(L*x)||/||x||: 1.14e-14

Applying L to x using LevelSolver
Solving L*x using CrsMatrix
||x - inv(L)*(L*x)||/||x||: 1.30e-14

Applying L to x using LevelSolver
Solving L*x using LevelSolver
||x - inv(L)*(L*x)||/||x||: 9.10e-15

*** Timings over 10 trials
LevelSolver  solve,  1 threads,    3.07e-01 total,    3.07e-02 average
LevelSolver  apply,  1 threads,    3.03e-01 total,    3.03e-02 average
K::CrsMatrix apply,  1 threads,    2.51e-01 total,    2.51e-02 average
Epetra_CrsMatrix solve,            2.50e-01 total,    2.50e-02 average
Epetra_CrsMatrix apply,            2.56e-01 total,    2.56e-02 average
Reading MatrixMarket file /home/cgbaker/Matrices/bmw3_2.mtx
1M 2M 3M 4M 5M 
   Sorting local nonzeros

   Constructing the matrix
   Inserting global values
   Completing matrix fill
File Read time (secs):  3.72544

*** Matrix statistics: /home/cgbaker/Matrices/bmw3_2.mtx
Number of rows: 227362
Number of non-zeros: 5757996
Mean number of non-zeros per row: 25.3
Std dev number of non-zeros per row: 13.39

LevelSolver::Analyze() time: 0.26
LevelSolver::Setup() time: 0.30

*** LevelSolver statistics
PID: 0
Num Levels: 1162
Mean level size: 195.66
Std dev level size: 310.20
Mean level nnz: 4763.68
Std dev level nnz: 6293.31

*** Performing verification
Applying L to x using CrsMatrix
Solving L*x using CrsMatrix
||x - inv(L)*(L*x)||/||x||: 7.94e-15

Applying L to x using CrsMatrix
Solving L*x using LevelSolver
||x - inv(L)*(L*x)||/||x||: 1.68e-14

Applying L to x using LevelSolver
Solving L*x using CrsMatrix
||x - inv(L)*(L*x)||/||x||: 1.28e-14

Applying L to x using LevelSolver
Solving L*x using LevelSolver
||x - inv(L)*(L*x)||/||x||: 1.20e-14

*** Timings over 10 trials
LevelSolver  solve,  2 threads,    2.95e-01 total,    2.95e-02 average
LevelSolver  apply,  2 threads,    2.86e-01 total,    2.86e-02 average
K::CrsMatrix apply,  2 threads,    1.32e-01 total,    1.32e-02 average
Epetra_CrsMatrix solve,            2.51e-01 total,    2.51e-02 average
Epetra_CrsMatrix apply,            2.56e-01 total,    2.56e-02 average
Reading MatrixMarket file /home/cgbaker/Matrices/bmw3_2.mtx
1M 2M 3M 4M 5M 
   Sorting local nonzeros

   Constructing the matrix
   Inserting global values
   Completing matrix fill
File Read time (secs):  3.72298

*** Matrix statistics: /home/cgbaker/Matrices/bmw3_2.mtx
Number of rows: 227362
Number of non-zeros: 5757996
Mean number of non-zeros per row: 25.3
Std dev number of non-zeros per row: 13.39

LevelSolver::Analyze() time: 0.26
LevelSolver::Setup() time: 0.30

*** LevelSolver statistics
PID: 0
Num Levels: 1162
Mean level size: 195.66
Std dev level size: 310.20
Mean level nnz: 4763.68
Std dev level nnz: 6293.31

*** Performing verification
Applying L to x using CrsMatrix
Solving L*x using CrsMatrix
||x - inv(L)*(L*x)||/||x||: 1.13e-14

Applying L to x using CrsMatrix
Solving L*x using LevelSolver
||x - inv(L)*(L*x)||/||x||: 1.24e-14

Applying L to x using LevelSolver
Solving L*x using CrsMatrix
||x - inv(L)*(L*x)||/||x||: 1.15e-14

Applying L to x using LevelSolver
Solving L*x using LevelSolver
||x - inv(L)*(L*x)||/||x||: 9.44e-15

*** Timings over 10 trials
LevelSolver  solve,  4 threads,    3.75e-01 total,    3.75e-02 average
LevelSolver  apply,  4 threads,    3.65e-01 total,    3.65e-02 average
K::CrsMatrix apply,  4 threads,    1.19e-01 total,    1.19e-02 average
Epetra_CrsMatrix solve,            2.53e-01 total,    2.53e-02 average
Epetra_CrsMatrix apply,            2.59e-01 total,    2.59e-02 average
Reading MatrixMarket file /home/cgbaker/Matrices/bmw3_2.mtx
1M 2M 3M 4M 5M 
   Sorting local nonzeros

   Constructing the matrix
   Inserting global values
   Completing matrix fill
File Read time (secs):  3.7278

*** Matrix statistics: /home/cgbaker/Matrices/bmw3_2.mtx
Number of rows: 227362
Number of non-zeros: 5757996
Mean number of non-zeros per row: 25.3
Std dev number of non-zeros per row: 13.39

LevelSolver::Analyze() time: 0.26
LevelSolver::Setup() time: 0.30

*** LevelSolver statistics
PID: 0
Num Levels: 1162
Mean level size: 195.66
Std dev level size: 310.20
Mean level nnz: 4763.68
Std dev level nnz: 6293.31

*** Performing verification
Applying L to x using CrsMatrix
Solving L*x using CrsMatrix
||x - inv(L)*(L*x)||/||x||: 9.08e-15

Applying L to x using CrsMatrix
Solving L*x using LevelSolver
||x - inv(L)*(L*x)||/||x||: 1.17e-14

Applying L to x using LevelSolver
Solving L*x using CrsMatrix
||x - inv(L)*(L*x)||/||x||: 1.11e-14

Applying L to x using LevelSolver
Solving L*x using LevelSolver
||x - inv(L)*(L*x)||/||x||: 8.56e-15

*** Timings over 10 trials
LevelSolver  solve,  8 threads,    4.16e-01 total,    4.16e-02 average
LevelSolver  apply,  8 threads,    4.07e-01 total,    4.07e-02 average
K::CrsMatrix apply,  8 threads,    1.23e-01 total,    1.23e-02 average
Epetra_CrsMatrix solve,            2.51e-01 total,    2.51e-02 average
Epetra_CrsMatrix apply,            2.56e-01 total,    2.56e-02 average
