Reading MatrixMarket file /home/cgbaker/Matrices/F1.mtx
1M 2M 3M 4M 5M 6M 7M 8M 9M 10M 11M 12M 13M 
   Sorting local nonzeros

   Constructing the matrix
   Inserting global values
   Completing matrix fill
File Read time (secs):  10.5021

*** Matrix statistics: /home/cgbaker/Matrices/F1.mtx
Number of rows: 343791
Number of non-zeros: 13590452
Mean number of non-zeros per row: 39.5
Std dev number of non-zeros per row: 18.89

LevelSolver::Analyze() time: 0.46
LevelSolver::Setup() time: 0.72

*** LevelSolver statistics
PID: 0
Num Levels: 1398
Mean level size: 245.92
Std dev level size: 145.60
Mean level nnz: 9482.22
Std dev level nnz: 7236.79

*** Performing verification
Applying L to x using CrsMatrix
Solving L*x using CrsMatrix
||x - inv(L)*(L*x)||/||x||: 1.30e-16

Applying L to x using CrsMatrix
Solving L*x using LevelSolver
||x - inv(L)*(L*x)||/||x||: 2.21e+06

Applying L to x using LevelSolver
Solving L*x using CrsMatrix
||x - inv(L)*(L*x)||/||x||: 1.00e+00

Applying L to x using LevelSolver
Solving L*x using LevelSolver
||x - inv(L)*(L*x)||/||x||: 0.00e+00

*** Timings over 10 trials
LevelSolver  solve,  1 threads,    4.53e-04 total,    4.53e-05 average
LevelSolver  apply,  1 threads,    2.85e-04 total,    2.85e-05 average
K::CrsMatrix apply,  1 threads,    1.00e-06 total,    1.00e-07 average
Epetra_CrsMatrix solve,            6.48e-01 total,    6.48e-02 average
Epetra_CrsMatrix apply,            6.55e-01 total,    6.55e-02 average
Reading MatrixMarket file /home/cgbaker/Matrices/F1.mtx
1M 2M 3M 4M 5M 6M 7M 8M 9M 10M 11M 12M 13M 
   Sorting local nonzeros

   Constructing the matrix
   Inserting global values
   Completing matrix fill
File Read time (secs):  10.5716

*** Matrix statistics: /home/cgbaker/Matrices/F1.mtx
Number of rows: 343791
Number of non-zeros: 13590452
Mean number of non-zeros per row: 39.5
Std dev number of non-zeros per row: 18.89

LevelSolver::Analyze() time: 0.46
LevelSolver::Setup() time: 0.73

*** LevelSolver statistics
PID: 0
Num Levels: 1398
Mean level size: 245.92
Std dev level size: 145.60
Mean level nnz: 9482.22
Std dev level nnz: 7236.79

*** Performing verification
Applying L to x using CrsMatrix
Solving L*x using CrsMatrix
||x - inv(L)*(L*x)||/||x||: 1.30e-16

Applying L to x using CrsMatrix
Solving L*x using LevelSolver
||x - inv(L)*(L*x)||/||x||: 2.23e+06

Applying L to x using LevelSolver
Solving L*x using CrsMatrix
||x - inv(L)*(L*x)||/||x||: 1.00e+00

Applying L to x using LevelSolver
Solving L*x using LevelSolver
||x - inv(L)*(L*x)||/||x||: 0.00e+00

*** Timings over 10 trials
LevelSolver  solve,  2 threads,    4.34e-04 total,    4.34e-05 average
LevelSolver  apply,  2 threads,    2.87e-04 total,    2.87e-05 average
K::CrsMatrix apply,  2 threads,    1.00e-06 total,    1.00e-07 average
Epetra_CrsMatrix solve,            6.55e-01 total,    6.55e-02 average
Epetra_CrsMatrix apply,            6.63e-01 total,    6.63e-02 average
Reading MatrixMarket file /home/cgbaker/Matrices/F1.mtx
1M 2M 3M 4M 5M 6M 7M 8M 9M 10M 11M 12M 13M 
   Sorting local nonzeros

   Constructing the matrix
   Inserting global values
   Completing matrix fill
File Read time (secs):  10.5666

*** Matrix statistics: /home/cgbaker/Matrices/F1.mtx
Number of rows: 343791
Number of non-zeros: 13590452
Mean number of non-zeros per row: 39.5
Std dev number of non-zeros per row: 18.89

LevelSolver::Analyze() time: 0.46
LevelSolver::Setup() time: 0.75

*** LevelSolver statistics
PID: 0
Num Levels: 1398
Mean level size: 245.92
Std dev level size: 145.60
Mean level nnz: 9482.22
Std dev level nnz: 7236.79

*** Performing verification
Applying L to x using CrsMatrix
Solving L*x using CrsMatrix
||x - inv(L)*(L*x)||/||x||: 1.31e-16

Applying L to x using CrsMatrix
Solving L*x using LevelSolver
||x - inv(L)*(L*x)||/||x||: 2.22e+06

Applying L to x using LevelSolver
Solving L*x using CrsMatrix
||x - inv(L)*(L*x)||/||x||: 1.00e+00

Applying L to x using LevelSolver
Solving L*x using LevelSolver
||x - inv(L)*(L*x)||/||x||: 0.00e+00

*** Timings over 10 trials
LevelSolver  solve,  4 threads,    4.36e-04 total,    4.36e-05 average
LevelSolver  apply,  4 threads,    2.85e-04 total,    2.85e-05 average
K::CrsMatrix apply,  4 threads,    1.00e-06 total,    1.00e-07 average
Epetra_CrsMatrix solve,            6.54e-01 total,    6.54e-02 average
Epetra_CrsMatrix apply,            6.62e-01 total,    6.62e-02 average
Reading MatrixMarket file /home/cgbaker/Matrices/F1.mtx
1M 2M 3M 4M 5M 6M 7M 8M 9M 10M 11M 12M 13M 
   Sorting local nonzeros

   Constructing the matrix
   Inserting global values
   Completing matrix fill
File Read time (secs):  10.5422

*** Matrix statistics: /home/cgbaker/Matrices/F1.mtx
Number of rows: 343791
Number of non-zeros: 13590452
Mean number of non-zeros per row: 39.5
Std dev number of non-zeros per row: 18.89

LevelSolver::Analyze() time: 0.46
LevelSolver::Setup() time: 0.73

*** LevelSolver statistics
PID: 0
Num Levels: 1398
Mean level size: 245.92
Std dev level size: 145.60
Mean level nnz: 9482.22
Std dev level nnz: 7236.79

*** Performing verification
Applying L to x using CrsMatrix
Solving L*x using CrsMatrix
||x - inv(L)*(L*x)||/||x||: 1.30e-16

Applying L to x using CrsMatrix
Solving L*x using LevelSolver
||x - inv(L)*(L*x)||/||x||: 2.22e+06

Applying L to x using LevelSolver
Solving L*x using CrsMatrix
||x - inv(L)*(L*x)||/||x||: 1.00e+00

Applying L to x using LevelSolver
Solving L*x using LevelSolver
||x - inv(L)*(L*x)||/||x||: 0.00e+00

*** Timings over 10 trials
LevelSolver  solve,  8 threads,    4.30e-04 total,    4.30e-05 average
LevelSolver  apply,  8 threads,    2.90e-04 total,    2.90e-05 average
K::CrsMatrix apply,  8 threads,    1.00e-06 total,    1.00e-07 average
Epetra_CrsMatrix solve,            6.50e-01 total,    6.50e-02 average
Epetra_CrsMatrix apply,            6.58e-01 total,    6.58e-02 average
