Reading MatrixMarket file /home/cgbaker/Matrices/inline_1.mtx
1M 2M 3M 4M 5M 6M 7M 8M 9M 10M 11M 12M 13M 14M 15M 16M 17M 18M 
   Sorting local nonzeros

   Constructing the matrix
   Inserting global values
   Completing matrix fill
File Read time (secs):  14.6147

*** Matrix statistics: /home/cgbaker/Matrices/inline_1.mtx
Number of rows: 503712
Number of non-zeros: 18660027
Mean number of non-zeros per row: 37.0
Std dev number of non-zeros per row: 17.67

LevelSolver::Analyze() time: 0.82
LevelSolver::Setup() time: 0.98

*** LevelSolver statistics
PID: 0
Num Levels: 1752
Mean level size: 287.51
Std dev level size: 234.28
Mean level nnz: 10369.11
Std dev level nnz: 7929.65

*** Performing verification
Applying L to x using CrsMatrix
Solving L*x using CrsMatrix
||x - inv(L)*(L*x)||/||x||: 1.29e-16

Applying L to x using CrsMatrix
Solving L*x using LevelSolver
||x - inv(L)*(L*x)||/||x||: 1.62e-16

Applying L to x using LevelSolver
Solving L*x using CrsMatrix
||x - inv(L)*(L*x)||/||x||: 1.56e-16

Applying L to x using LevelSolver
Solving L*x using LevelSolver
||x - inv(L)*(L*x)||/||x||: 1.21e-16

*** Timings over 10 trials
LevelSolver  solve,  1 threads,    1.06e+00 total,    1.06e-01 average
LevelSolver  apply,  1 threads,    1.03e+00 total,    1.03e-01 average
K::CrsMatrix apply,  1 threads,    8.01e-01 total,    8.01e-02 average
Epetra_CrsMatrix solve,            8.19e-01 total,    8.19e-02 average
Epetra_CrsMatrix apply,            8.32e-01 total,    8.32e-02 average
