Teuchos::GlobalMPISession::GlobalMPISession(): started serial run

***
*** Running CG example using Epetra implementation
***

(1) Constructing tridagonal Epetra matrix A_epetra of global dimension = 500 ...

Creating Epetra_SerialComm ...

Starting CG solver ...

describe A:
  Thyra::EpetraLinearOp{rangeDim=500,domainDim=500}
    opTrans=NOTRANS
    applyAs=EPETRA_OP_APPLY_APPLY
    adjointSupport=EPETRA_OP_ADJOINT_SUPPORTED
    op=Epetra_CrsMatrix

describe b:
  Thyra::DefaultSpmdVector<double>{spmdSpace=Thyra::DefaultSpmdVectorSpace<double>{globalDim=500,localSubDim=500,localOffset=0,comm=Teuchos::SerialComm<int>}}

describe x:
  Thyra::DefaultSpmdVector<double>{spmdSpace=Thyra::DefaultSpmdVectorSpace<double>{globalDim=500,localSubDim=500,localOffset=0,comm=Teuchos::SerialComm<int>}}

Iter = 0, ||b-A*x||/||b-A*x0|| = 1.000000e+00
Iter = 31, ||b-A*x||/||b-A*x0|| = 3.172143e-01
Iter = 62, ||b-A*x||/||b-A*x0|| = 4.876230e-02
Iter = 93, ||b-A*x||/||b-A*x0|| = 1.090262e-02
Iter = 124, ||b-A*x||/||b-A*x0|| = 2.477719e-03
Iter = 155, ||b-A*x||/||b-A*x0|| = 8.999423e-04
Iter = 186, ||b-A*x||/||b-A*x0|| = 1.621384e-04
Iter = 202, ||b-A*x||/||b-A*x0|| = 9.565884e-05

||b-A*x||/||b|| = 1.215596e-03/1.270762e+01 = 9.565884e-05 <= 2.0*tolerance = 2.000000e-04: passed

Congratulations! All of the tests checked out!
