Teuchos::GlobalMPISession::GlobalMPISession(): started serial run

***
*** Running power method example using Epetra implementation
***

(1) Constructing tridagonal Epetra matrix A of global dimension = 500 ...

Creating Epetra_SerialComm ...

(2) Running the power method on matrix A ...

Starting power method (target tolerrance = 1.000000e-03) ...

Iter = 0, lambda = 2.037860e+00, ||A*q-lambda*q|| = 1.333298e+00
Iter = 500, lambda = 3.998105e+00, ||A*q-lambda*q|| = 2.869019e-03
Iter = 1000, lambda = 3.999064e+00, ||A*q-lambda*q|| = 1.328243e-03
Iter = 1500, lambda = 3.999346e+00, ||A*q-lambda*q|| = 8.342292e-04

  Estimate of dominate eigenvalue lambda = 3.999346e+00

(3) Scale the diagonal of A by a factor of 10 ...

(4) Running the power method again on matrix A ...

Starting power method (target tolerrance = 1.000000e-03) ...

Iter = 0, lambda = 2.089459e+00, ||A*q-lambda*q|| = 1.611427e+00
Iter = 500, lambda = 2.005556e+01, ||A*q-lambda*q|| = 1.694066e-21

  Estimate of dominate eigenvalue lambda = 2.005556e+01

Congratulations! All of the tests checked out!
