Reading MatrixMarket file /home/cgbaker/Matrices/bmw3_2.mtx
1M 2M 3M 4M 5M 
   Sorting local nonzeros

   Constructing the matrix
   Inserting global values
   Completing matrix fill
File Read time (secs):  3.7395

*** Matrix statistics: /home/cgbaker/Matrices/bmw3_2.mtx
Number of rows: 227362
Number of non-zeros: 5757996
Mean number of non-zeros per row: 25.3
Std dev number of non-zeros per row: 13.39

LevelSolver::Analyze() time: 0.26
LevelSolver::Setup() time: 0.30

*** LevelSolver statistics
PID: 0
Num Levels: 1162
Mean level size: 195.66
Std dev level size: 310.20
Mean level nnz: 4763.68
Std dev level nnz: 6293.31

*** Performing verification
Applying L to x using CrsMatrix
Solving L*x using CrsMatrix
||x - inv(L)*(L*x)||/||x||: 9.50e-15

Applying L to x using CrsMatrix
Solving L*x using LevelSolver
||x - inv(L)*(L*x)||/||x||: 2.12e+10

Applying L to x using LevelSolver
Solving L*x using CrsMatrix
||x - inv(L)*(L*x)||/||x||: 7.99e+01

Applying L to x using LevelSolver
Solving L*x using LevelSolver
||x - inv(L)*(L*x)||/||x||: 0.00e+00

*** Timings over 10 trials
LevelSolver  solve,  1 threads,    6.46e-04 total,    6.46e-05 average
LevelSolver  apply,  1 threads,    5.15e-04 total,    5.15e-05 average
K::CrsMatrix apply,  1 threads,    1.00e-06 total,    1.00e-07 average
LevelSolver  solve,  2 threads,    1.06e-01 total,    1.06e-02 average
LevelSolver  apply,  2 threads,    2.87e-01 total,    2.87e-02 average
K::CrsMatrix apply,  2 threads,    1.23e-04 total,    1.23e-05 average
LevelSolver  solve,  4 threads,    5.75e-01 total,    5.75e-02 average
LevelSolver  apply,  4 threads,    6.01e-01 total,    6.01e-02 average
K::CrsMatrix apply,  4 threads,    2.80e-04 total,    2.80e-05 average
LevelSolver  solve,  8 threads,    8.50e-01 total,    8.50e-02 average
LevelSolver  apply,  8 threads,    8.52e-01 total,    8.52e-02 average
K::CrsMatrix apply,  8 threads,    3.79e-04 total,    3.79e-05 average
Epetra_CrsMatrix solve,            2.53e-01 total,    2.53e-02 average
Epetra_CrsMatrix apply,            2.58e-01 total,    2.58e-02 average
