Reading MatrixMarket file /home/cgbaker/Matrices/bmw3_2.mtx
1M 2M 3M 4M 5M 
   Sorting local nonzeros

   Constructing the matrix
   Inserting global values
   Completing matrix fill
File Read time (secs):  3.73368

*** Matrix statistics: /home/cgbaker/Matrices/bmw3_2.mtx
Number of rows: 227362
Number of non-zeros: 5757996
Mean number of non-zeros per row: 25.3
Std dev number of non-zeros per row: 13.39

LevelSolver::Analyze() time: 0.26
LevelSolver::Setup() time: 0.31

*** LevelSolver statistics
PID: 0
Num Levels: 1162
Mean level size: 195.66
Std dev level size: 310.20
Mean level nnz: 4763.68
Std dev level nnz: 6293.31

*** Performing verification
Applying L to x using CrsMatrix
Solving L*x using CrsMatrix
||x - inv(L)*(L*x)||/||x||: 1.11e-14

Applying L to x using CrsMatrix
Solving L*x using LevelSolver
||x - inv(L)*(L*x)||/||x||: 1.18e-14

Applying L to x using LevelSolver
Solving L*x using CrsMatrix
||x - inv(L)*(L*x)||/||x||: 9.53e-15

Applying L to x using LevelSolver
Solving L*x using LevelSolver
||x - inv(L)*(L*x)||/||x||: 1.04e-14

*** Timings over 10 trials
LevelSolver  solve,  1 threads,    2.86e-01 total,    2.86e-02 average
LevelSolver  apply,  1 threads,    2.87e-01 total,    2.87e-02 average
K::CrsMatrix apply,  1 threads,    2.48e-01 total,    2.48e-02 average
LevelSolver  solve,  2 threads,    4.47e-01 total,    4.47e-02 average
LevelSolver  apply,  2 threads,    4.68e-01 total,    4.68e-02 average
K::CrsMatrix apply,  2 threads,    1.28e-01 total,    1.28e-02 average
LevelSolver  solve,  4 threads,    7.64e-01 total,    7.64e-02 average
LevelSolver  apply,  4 threads,    7.26e-01 total,    7.26e-02 average
K::CrsMatrix apply,  4 threads,    1.16e-01 total,    1.16e-02 average
LevelSolver  solve,  8 threads,    1.17e+00 total,    1.17e-01 average
LevelSolver  apply,  8 threads,    1.25e+00 total,    1.25e-01 average
K::CrsMatrix apply,  8 threads,    1.16e-01 total,    1.16e-02 average
Epetra_CrsMatrix solve,            2.51e-01 total,    2.51e-02 average
Epetra_CrsMatrix apply,            2.57e-01 total,    2.57e-02 average
