Reading MatrixMarket file /home/cgbaker/Matrices/bmw3_2.mtx
1M 2M 3M 4M 5M 
   Sorting local nonzeros

   Constructing the matrix
   Inserting global values
   Completing matrix fill
File Read time (secs):  3.7518

*** Matrix statistics: /home/cgbaker/Matrices/bmw3_2.mtx
Number of rows: 227362
Number of non-zeros: 5757996
Mean number of non-zeros per row: 25.3
Std dev number of non-zeros per row: 13.39

LevelSolver::Analyze() time: 0.26
LevelSolver::Setup() time: 0.31

*** LevelSolver statistics
PID: 0
Num Levels: 1162
Mean level size: 195.66
Std dev level size: 310.20
Mean level nnz: 4763.68
Std dev level nnz: 6293.31

*** Performing verification
Applying L to x using CrsMatrix
Solving L*x using CrsMatrix
||x - inv(L)*(L*x)||/||x||: 8.12e-15

Applying L to x using CrsMatrix
Solving L*x using LevelSolver
||x - inv(L)*(L*x)||/||x||: 1.34e-14

Applying L to x using LevelSolver
Solving L*x using CrsMatrix
||x - inv(L)*(L*x)||/||x||: 1.24e-14

Applying L to x using LevelSolver
Solving L*x using LevelSolver
||x - inv(L)*(L*x)||/||x||: 1.37e-14

*** Timings over 10 trials
LevelSolver  solve,  1 threads,    2.96e-01 total,    2.96e-02 average
LevelSolver  apply,  1 threads,    2.93e-01 total,    2.93e-02 average
K::CrsMatrix apply,  1 threads,    2.46e-01 total,    2.46e-02 average
Epetra_CrsMatrix solve,            2.51e-01 total,    2.51e-02 average
Epetra_CrsMatrix apply,            2.56e-01 total,    2.56e-02 average
