Reading MatrixMarket file /home/cgbaker/Matrices/bmwcra_1.mtx
1M 2M 3M 4M 5M 
   Sorting local nonzeros

   Constructing the matrix
   Inserting global values
   Completing matrix fill
File Read time (secs):  4.00443

*** Matrix statistics: /home/cgbaker/Matrices/bmwcra_1.mtx
Number of rows: 148770
Number of non-zeros: 5396386
Mean number of non-zeros per row: 36.3
Std dev number of non-zeros per row: 17.84

LevelSolver::Analyze() time: 0.12
LevelSolver::Setup() time: 0.25

*** LevelSolver statistics
PID: 0
Num Levels: 729
Mean level size: 204.07
Std dev level size: 77.43
Mean level nnz: 7208.26
Std dev level nnz: 3017.65

*** Performing verification
Applying L to x using CrsMatrix
Solving L*x using CrsMatrix
||x - inv(L)*(L*x)||/||x||: 1.44e-16

Applying L to x using CrsMatrix
Solving L*x using LevelSolver
||x - inv(L)*(L*x)||/||x||: 1.80e-16

Applying L to x using LevelSolver
Solving L*x using CrsMatrix
||x - inv(L)*(L*x)||/||x||: 1.75e-16

Applying L to x using LevelSolver
Solving L*x using LevelSolver
||x - inv(L)*(L*x)||/||x||: 1.39e-16

*** Timings over 10 trials
LevelSolver  solve,  1 threads,    2.64e-01 total,    2.64e-02 average
LevelSolver  apply,  1 threads,    2.61e-01 total,    2.61e-02 average
K::CrsMatrix apply,  1 threads,    2.33e-01 total,    2.33e-02 average
Epetra_CrsMatrix solve,            2.31e-01 total,    2.31e-02 average
Epetra_CrsMatrix apply,            2.36e-01 total,    2.36e-02 average
Reading MatrixMarket file /home/cgbaker/Matrices/bmwcra_1.mtx
1M 2M 3M 4M 5M 
   Sorting local nonzeros

   Constructing the matrix
   Inserting global values
   Completing matrix fill
File Read time (secs):  3.96577

*** Matrix statistics: /home/cgbaker/Matrices/bmwcra_1.mtx
Number of rows: 148770
Number of non-zeros: 5396386
Mean number of non-zeros per row: 36.3
Std dev number of non-zeros per row: 17.84

LevelSolver::Analyze() time: 0.12
LevelSolver::Setup() time: 0.24

*** LevelSolver statistics
PID: 0
Num Levels: 729
Mean level size: 204.07
Std dev level size: 77.43
Mean level nnz: 7208.26
Std dev level nnz: 3017.65

*** Performing verification
Applying L to x using CrsMatrix
Solving L*x using CrsMatrix
||x - inv(L)*(L*x)||/||x||: 1.44e-16

Applying L to x using CrsMatrix
Solving L*x using LevelSolver
||x - inv(L)*(L*x)||/||x||: 1.79e-16

Applying L to x using LevelSolver
Solving L*x using CrsMatrix
||x - inv(L)*(L*x)||/||x||: 1.74e-16

Applying L to x using LevelSolver
Solving L*x using LevelSolver
||x - inv(L)*(L*x)||/||x||: 1.40e-16

*** Timings over 10 trials
LevelSolver  solve,  2 threads,    2.91e-01 total,    2.91e-02 average
LevelSolver  apply,  2 threads,    2.81e-01 total,    2.81e-02 average
K::CrsMatrix apply,  2 threads,    2.11e-01 total,    2.11e-02 average
Epetra_CrsMatrix solve,            2.29e-01 total,    2.29e-02 average
Epetra_CrsMatrix apply,            2.33e-01 total,    2.33e-02 average
Reading MatrixMarket file /home/cgbaker/Matrices/bmwcra_1.mtx
1M 2M 3M 4M 5M 
   Sorting local nonzeros

   Constructing the matrix
   Inserting global values
   Completing matrix fill
File Read time (secs):  3.9697

*** Matrix statistics: /home/cgbaker/Matrices/bmwcra_1.mtx
Number of rows: 148770
Number of non-zeros: 5396386
Mean number of non-zeros per row: 36.3
Std dev number of non-zeros per row: 17.84

LevelSolver::Analyze() time: 0.12
LevelSolver::Setup() time: 0.24

*** LevelSolver statistics
PID: 0
Num Levels: 729
Mean level size: 204.07
Std dev level size: 77.43
Mean level nnz: 7208.26
Std dev level nnz: 3017.65

*** Performing verification
Applying L to x using CrsMatrix
Solving L*x using CrsMatrix
||x - inv(L)*(L*x)||/||x||: 1.42e-16

Applying L to x using CrsMatrix
Solving L*x using LevelSolver
||x - inv(L)*(L*x)||/||x||: 1.80e-16

Applying L to x using LevelSolver
Solving L*x using CrsMatrix
||x - inv(L)*(L*x)||/||x||: 1.73e-16

Applying L to x using LevelSolver
Solving L*x using LevelSolver
||x - inv(L)*(L*x)||/||x||: 1.40e-16

*** Timings over 10 trials
LevelSolver  solve,  4 threads,    3.14e-01 total,    3.14e-02 average
LevelSolver  apply,  4 threads,    3.06e-01 total,    3.06e-02 average
K::CrsMatrix apply,  4 threads,    1.10e-01 total,    1.10e-02 average
Epetra_CrsMatrix solve,            2.30e-01 total,    2.30e-02 average
Epetra_CrsMatrix apply,            2.34e-01 total,    2.34e-02 average
Reading MatrixMarket file /home/cgbaker/Matrices/bmwcra_1.mtx
1M 2M 3M 4M 5M 
   Sorting local nonzeros

   Constructing the matrix
   Inserting global values
   Completing matrix fill
File Read time (secs):  3.95527

*** Matrix statistics: /home/cgbaker/Matrices/bmwcra_1.mtx
Number of rows: 148770
Number of non-zeros: 5396386
Mean number of non-zeros per row: 36.3
Std dev number of non-zeros per row: 17.84

LevelSolver::Analyze() time: 0.12
LevelSolver::Setup() time: 0.25

*** LevelSolver statistics
PID: 0
Num Levels: 729
Mean level size: 204.07
Std dev level size: 77.43
Mean level nnz: 7208.26
Std dev level nnz: 3017.65

*** Performing verification
Applying L to x using CrsMatrix
Solving L*x using CrsMatrix
||x - inv(L)*(L*x)||/||x||: 1.44e-16

Applying L to x using CrsMatrix
Solving L*x using LevelSolver
||x - inv(L)*(L*x)||/||x||: 1.80e-16

Applying L to x using LevelSolver
Solving L*x using CrsMatrix
||x - inv(L)*(L*x)||/||x||: 1.75e-16

Applying L to x using LevelSolver
Solving L*x using LevelSolver
||x - inv(L)*(L*x)||/||x||: 1.40e-16

*** Timings over 10 trials
LevelSolver  solve,  8 threads,    3.53e-01 total,    3.53e-02 average
LevelSolver  apply,  8 threads,    3.47e-01 total,    3.47e-02 average
K::CrsMatrix apply,  8 threads,    1.15e-01 total,    1.15e-02 average
Epetra_CrsMatrix solve,            2.30e-01 total,    2.30e-02 average
Epetra_CrsMatrix apply,            2.33e-01 total,    2.33e-02 average
