Reading MatrixMarket file /home/cgbaker/Matrices/bmwcra_1.mtx
1M 2M 3M 4M 5M 
   Sorting local nonzeros

   Constructing the matrix
   Inserting global values
   Completing matrix fill
File Read time (secs):  3.96292

*** Matrix statistics: /home/cgbaker/Matrices/bmwcra_1.mtx
Number of rows: 148770
Number of non-zeros: 5396386
Mean number of non-zeros per row: 36.3
Std dev number of non-zeros per row: 17.84

LevelSolver::Analyze() time: 0.12
LevelSolver::Setup() time: 0.24

*** LevelSolver statistics
PID: 0
Num Levels: 729
Mean level size: 204.07
Std dev level size: 77.43
Mean level nnz: 7208.26
Std dev level nnz: 3017.65

*** Performing verification
Applying L to x using CrsMatrix
Solving L*x using CrsMatrix
||x - inv(L)*(L*x)||/||x||: 1.43e-16

Applying L to x using CrsMatrix
Solving L*x using LevelSolver
||x - inv(L)*(L*x)||/||x||: 2.01e+06

Applying L to x using LevelSolver
Solving L*x using CrsMatrix
||x - inv(L)*(L*x)||/||x||: 1.00e+00

Applying L to x using LevelSolver
Solving L*x using LevelSolver
||x - inv(L)*(L*x)||/||x||: 0.00e+00

*** Timings over 10 trials
LevelSolver  solve,  1 threads,    1.55e-04 total,    1.55e-05 average
LevelSolver  apply,  1 threads,    1.38e-04 total,    1.38e-05 average
K::CrsMatrix apply,  1 threads,    1.00e-06 total,    1.00e-07 average
Epetra_CrsMatrix solve,            2.32e-01 total,    2.32e-02 average
Epetra_CrsMatrix apply,            2.36e-01 total,    2.36e-02 average
Reading MatrixMarket file /home/cgbaker/Matrices/bmwcra_1.mtx
1M 2M 3M 4M 5M 
   Sorting local nonzeros

   Constructing the matrix
   Inserting global values
   Completing matrix fill
File Read time (secs):  3.94867

*** Matrix statistics: /home/cgbaker/Matrices/bmwcra_1.mtx
Number of rows: 148770
Number of non-zeros: 5396386
Mean number of non-zeros per row: 36.3
Std dev number of non-zeros per row: 17.84

LevelSolver::Analyze() time: 0.12
LevelSolver::Setup() time: 0.24

*** LevelSolver statistics
PID: 0
Num Levels: 729
Mean level size: 204.07
Std dev level size: 77.43
Mean level nnz: 7208.26
Std dev level nnz: 3017.65

*** Performing verification
Applying L to x using CrsMatrix
Solving L*x using CrsMatrix
||x - inv(L)*(L*x)||/||x||: 1.43e-16

Applying L to x using CrsMatrix
Solving L*x using LevelSolver
||x - inv(L)*(L*x)||/||x||: 2.06e+06

Applying L to x using LevelSolver
Solving L*x using CrsMatrix
||x - inv(L)*(L*x)||/||x||: 1.00e+00

Applying L to x using LevelSolver
Solving L*x using LevelSolver
||x - inv(L)*(L*x)||/||x||: 0.00e+00

*** Timings over 10 trials
LevelSolver  solve,  2 threads,    1.60e-04 total,    1.60e-05 average
LevelSolver  apply,  2 threads,    1.40e-04 total,    1.40e-05 average
K::CrsMatrix apply,  2 threads,    0.00e+00 total,    0.00e+00 average
Epetra_CrsMatrix solve,            2.29e-01 total,    2.29e-02 average
Epetra_CrsMatrix apply,            2.33e-01 total,    2.33e-02 average
Reading MatrixMarket file /home/cgbaker/Matrices/bmwcra_1.mtx
1M 2M 3M 4M 5M 
   Sorting local nonzeros

   Constructing the matrix
   Inserting global values
   Completing matrix fill
File Read time (secs):  3.95697

*** Matrix statistics: /home/cgbaker/Matrices/bmwcra_1.mtx
Number of rows: 148770
Number of non-zeros: 5396386
Mean number of non-zeros per row: 36.3
Std dev number of non-zeros per row: 17.84

LevelSolver::Analyze() time: 0.12
LevelSolver::Setup() time: 0.24

*** LevelSolver statistics
PID: 0
Num Levels: 729
Mean level size: 204.07
Std dev level size: 77.43
Mean level nnz: 7208.26
Std dev level nnz: 3017.65

*** Performing verification
Applying L to x using CrsMatrix
Solving L*x using CrsMatrix
||x - inv(L)*(L*x)||/||x||: 1.43e-16

Applying L to x using CrsMatrix
Solving L*x using LevelSolver
||x - inv(L)*(L*x)||/||x||: 2.02e+06

Applying L to x using LevelSolver
Solving L*x using CrsMatrix
||x - inv(L)*(L*x)||/||x||: 1.00e+00

Applying L to x using LevelSolver
Solving L*x using LevelSolver
||x - inv(L)*(L*x)||/||x||: 0.00e+00

*** Timings over 10 trials
LevelSolver  solve,  4 threads,    1.62e-04 total,    1.62e-05 average
LevelSolver  apply,  4 threads,    1.39e-04 total,    1.39e-05 average
K::CrsMatrix apply,  4 threads,    1.00e-06 total,    1.00e-07 average
Epetra_CrsMatrix solve,            2.29e-01 total,    2.29e-02 average
Epetra_CrsMatrix apply,            2.33e-01 total,    2.33e-02 average
Reading MatrixMarket file /home/cgbaker/Matrices/bmwcra_1.mtx
1M 2M 3M 4M 5M 
   Sorting local nonzeros

   Constructing the matrix
   Inserting global values
   Completing matrix fill
File Read time (secs):  3.9541

*** Matrix statistics: /home/cgbaker/Matrices/bmwcra_1.mtx
Number of rows: 148770
Number of non-zeros: 5396386
Mean number of non-zeros per row: 36.3
Std dev number of non-zeros per row: 17.84

LevelSolver::Analyze() time: 0.12
LevelSolver::Setup() time: 0.24

*** LevelSolver statistics
PID: 0
Num Levels: 729
Mean level size: 204.07
Std dev level size: 77.43
Mean level nnz: 7208.26
Std dev level nnz: 3017.65

*** Performing verification
Applying L to x using CrsMatrix
Solving L*x using CrsMatrix
||x - inv(L)*(L*x)||/||x||: 1.44e-16

Applying L to x using CrsMatrix
Solving L*x using LevelSolver
||x - inv(L)*(L*x)||/||x||: 2.03e+06

Applying L to x using LevelSolver
Solving L*x using CrsMatrix
||x - inv(L)*(L*x)||/||x||: 1.00e+00

Applying L to x using LevelSolver
Solving L*x using LevelSolver
||x - inv(L)*(L*x)||/||x||: 0.00e+00

*** Timings over 10 trials
LevelSolver  solve,  8 threads,    1.65e-04 total,    1.65e-05 average
LevelSolver  apply,  8 threads,    1.39e-04 total,    1.39e-05 average
K::CrsMatrix apply,  8 threads,    1.00e-06 total,    1.00e-07 average
Epetra_CrsMatrix solve,            2.30e-01 total,    2.30e-02 average
Epetra_CrsMatrix apply,            2.33e-01 total,    2.33e-02 average
