Reading MatrixMarket file /home/cgbaker/Matrices/F1.mtx
1M 2M 3M 4M 5M 6M 7M 8M 9M 10M 11M 12M 13M 
   Sorting local nonzeros

   Constructing the matrix
   Inserting global values
   Completing matrix fill
File Read time (secs):  10.5613

*** Matrix statistics: /home/cgbaker/Matrices/F1.mtx
Number of rows: 343791
Number of non-zeros: 13590452
Mean number of non-zeros per row: 39.5
Std dev number of non-zeros per row: 18.89

LevelSolver::Analyze() time: 0.46
LevelSolver::Setup() time: 0.73

*** LevelSolver statistics
PID: 0
Num Levels: 1398
Mean level size: 245.92
Std dev level size: 145.60
Mean level nnz: 9482.22
Std dev level nnz: 7236.79

*** Performing verification
Applying L to x using CrsMatrix
Solving L*x using CrsMatrix
||x - inv(L)*(L*x)||/||x||: 1.31e-16

Applying L to x using CrsMatrix
Solving L*x using LevelSolver
||x - inv(L)*(L*x)||/||x||: 1.64e-16

Applying L to x using LevelSolver
Solving L*x using CrsMatrix
||x - inv(L)*(L*x)||/||x||: 1.59e-16

Applying L to x using LevelSolver
Solving L*x using LevelSolver
||x - inv(L)*(L*x)||/||x||: 1.25e-16

*** Timings over 10 trials
LevelSolver  solve,  1 threads,    7.26e-01 total,    7.26e-02 average
LevelSolver  apply,  1 threads,    7.29e-01 total,    7.29e-02 average
K::CrsMatrix apply,  1 threads,    5.81e-01 total,    5.81e-02 average
LevelSolver  solve,  2 threads,    8.90e-01 total,    8.90e-02 average
LevelSolver  apply,  2 threads,    8.96e-01 total,    8.96e-02 average
K::CrsMatrix apply,  2 threads,    3.74e-01 total,    3.74e-02 average
LevelSolver  solve,  4 threads,    1.17e+00 total,    1.17e-01 average
LevelSolver  apply,  4 threads,    1.17e+00 total,    1.17e-01 average
K::CrsMatrix apply,  4 threads,    3.14e-01 total,    3.14e-02 average
LevelSolver  solve,  8 threads,    1.48e+00 total,    1.48e-01 average
LevelSolver  apply,  8 threads,    1.47e+00 total,    1.47e-01 average
K::CrsMatrix apply,  8 threads,    2.80e-01 total,    2.80e-02 average
Epetra_CrsMatrix solve,            6.52e-01 total,    6.52e-02 average
Epetra_CrsMatrix apply,            6.60e-01 total,    6.60e-02 average
