Reading MatrixMarket file /home/cgbaker/Matrices/F1.mtx
1M 2M 3M 4M 5M 6M 7M 8M 9M 10M 11M 12M 13M 
   Sorting local nonzeros

   Constructing the matrix
   Inserting global values
   Completing matrix fill
File Read time (secs):  10.578

*** Matrix statistics: /home/cgbaker/Matrices/F1.mtx
Number of rows: 343791
Number of non-zeros: 13590452
Mean number of non-zeros per row: 39.5
Std dev number of non-zeros per row: 18.89

LevelSolver::Analyze() time: 0.46
LevelSolver::Setup() time: 0.73

*** LevelSolver statistics
PID: 0
Num Levels: 1398
Mean level size: 245.92
Std dev level size: 145.60
Mean level nnz: 9482.22
Std dev level nnz: 7236.79

*** Performing verification
Applying L to x using CrsMatrix
Solving L*x using CrsMatrix
||x - inv(L)*(L*x)||/||x||: 1.31e-16

Applying L to x using CrsMatrix
Solving L*x using LevelSolver
||x - inv(L)*(L*x)||/||x||: 2.21e+06

Applying L to x using LevelSolver
Solving L*x using CrsMatrix
||x - inv(L)*(L*x)||/||x||: 1.00e+00

Applying L to x using LevelSolver
Solving L*x using LevelSolver
||x - inv(L)*(L*x)||/||x||: 0.00e+00

*** Timings over 10 trials
LevelSolver  solve,  1 threads,    1.61e-02 total,    1.61e-03 average
LevelSolver  apply,  1 threads,    1.56e-02 total,    1.56e-03 average
K::CrsMatrix apply,  1 threads,    7.00e-06 total,    7.00e-07 average
Epetra_CrsMatrix solve,            6.55e-01 total,    6.55e-02 average
Epetra_CrsMatrix apply,            6.63e-01 total,    6.63e-02 average
Reading MatrixMarket file /home/cgbaker/Matrices/F1.mtx
1M 2M 3M 4M 5M 6M 7M 8M 9M 10M 11M 12M 13M 
   Sorting local nonzeros

   Constructing the matrix
   Inserting global values
   Completing matrix fill
File Read time (secs):  10.5654

*** Matrix statistics: /home/cgbaker/Matrices/F1.mtx
Number of rows: 343791
Number of non-zeros: 13590452
Mean number of non-zeros per row: 39.5
Std dev number of non-zeros per row: 18.89

LevelSolver::Analyze() time: 0.46
LevelSolver::Setup() time: 0.73

*** LevelSolver statistics
PID: 0
Num Levels: 1398
Mean level size: 245.92
Std dev level size: 145.60
Mean level nnz: 9482.22
Std dev level nnz: 7236.79

*** Performing verification
Applying L to x using CrsMatrix
Solving L*x using CrsMatrix
||x - inv(L)*(L*x)||/||x||: 1.30e-16

Applying L to x using CrsMatrix
Solving L*x using LevelSolver
||x - inv(L)*(L*x)||/||x||: 2.20e+06

Applying L to x using LevelSolver
Solving L*x using CrsMatrix
||x - inv(L)*(L*x)||/||x||: 1.00e+00

Applying L to x using LevelSolver
Solving L*x using LevelSolver
||x - inv(L)*(L*x)||/||x||: 0.00e+00

*** Timings over 10 trials
LevelSolver  solve,  2 threads,    9.87e-02 total,    9.87e-03 average
LevelSolver  apply,  2 threads,    9.84e-02 total,    9.84e-03 average
K::CrsMatrix apply,  2 threads,    6.60e-05 total,    6.60e-06 average
Epetra_CrsMatrix solve,            6.53e-01 total,    6.53e-02 average
Epetra_CrsMatrix apply,            6.62e-01 total,    6.62e-02 average
Reading MatrixMarket file /home/cgbaker/Matrices/F1.mtx
1M 2M 3M 4M 5M 6M 7M 8M 9M 10M 11M 12M 13M 
   Sorting local nonzeros

   Constructing the matrix
   Inserting global values
   Completing matrix fill
File Read time (secs):  10.5259

*** Matrix statistics: /home/cgbaker/Matrices/F1.mtx
Number of rows: 343791
Number of non-zeros: 13590452
Mean number of non-zeros per row: 39.5
Std dev number of non-zeros per row: 18.89

LevelSolver::Analyze() time: 0.46
LevelSolver::Setup() time: 0.74

*** LevelSolver statistics
PID: 0
Num Levels: 1398
Mean level size: 245.92
Std dev level size: 145.60
Mean level nnz: 9482.22
Std dev level nnz: 7236.79

*** Performing verification
Applying L to x using CrsMatrix
Solving L*x using CrsMatrix
||x - inv(L)*(L*x)||/||x||: 1.30e-16

Applying L to x using CrsMatrix
Solving L*x using LevelSolver
||x - inv(L)*(L*x)||/||x||: 2.20e+06

Applying L to x using LevelSolver
Solving L*x using CrsMatrix
||x - inv(L)*(L*x)||/||x||: 1.00e+00

Applying L to x using LevelSolver
Solving L*x using LevelSolver
||x - inv(L)*(L*x)||/||x||: 0.00e+00

*** Timings over 10 trials
LevelSolver  solve,  4 threads,    2.27e-01 total,    2.27e-02 average
LevelSolver  apply,  4 threads,    2.26e-01 total,    2.26e-02 average
K::CrsMatrix apply,  4 threads,    1.50e-04 total,    1.50e-05 average
Epetra_CrsMatrix solve,            6.46e-01 total,    6.46e-02 average
Epetra_CrsMatrix apply,            6.56e-01 total,    6.56e-02 average
Reading MatrixMarket file /home/cgbaker/Matrices/F1.mtx
1M 2M 3M 4M 5M 6M 7M 8M 9M 10M 11M 12M 13M 
   Sorting local nonzeros

   Constructing the matrix
   Inserting global values
   Completing matrix fill
File Read time (secs):  10.5312

*** Matrix statistics: /home/cgbaker/Matrices/F1.mtx
Number of rows: 343791
Number of non-zeros: 13590452
Mean number of non-zeros per row: 39.5
Std dev number of non-zeros per row: 18.89

LevelSolver::Analyze() time: 0.46
LevelSolver::Setup() time: 0.73

*** LevelSolver statistics
PID: 0
Num Levels: 1398
Mean level size: 245.92
Std dev level size: 145.60
Mean level nnz: 9482.22
Std dev level nnz: 7236.79

*** Performing verification
Applying L to x using CrsMatrix
Solving L*x using CrsMatrix
||x - inv(L)*(L*x)||/||x||: 1.30e-16

Applying L to x using CrsMatrix
Solving L*x using LevelSolver
||x - inv(L)*(L*x)||/||x||: 2.21e+06

Applying L to x using LevelSolver
Solving L*x using CrsMatrix
||x - inv(L)*(L*x)||/||x||: 1.00e+00

Applying L to x using LevelSolver
Solving L*x using LevelSolver
||x - inv(L)*(L*x)||/||x||: 0.00e+00

*** Timings over 10 trials
LevelSolver  solve,  8 threads,    3.15e-01 total,    3.15e-02 average
LevelSolver  apply,  8 threads,    3.13e-01 total,    3.13e-02 average
K::CrsMatrix apply,  8 threads,    1.68e-04 total,    1.68e-05 average
Epetra_CrsMatrix solve,            6.47e-01 total,    6.47e-02 average
Epetra_CrsMatrix apply,            6.56e-01 total,    6.56e-02 average
