This is MetaPost, Version 0.993 (Web2C 7.5.6) (mem=mpost 2007.5.18)  9 AUG 2010 08:45
**../../dependency.mp
(../../dependency.mp (metauml.mp (util_infrastructure.mp (util_log.mp))
(util_object.mp) (util_commons.mp) (util_margins.mp) (util_picture.mp
(/usr/local/texlive/2007/texmf-dist/metapost/base/boxes.mp)) (util_group.mp)
(util_picture_stack.mp) (util_positioning.mp) (util_shade.mp) (metauml_base.mp)
(metauml_links.mp) (metauml_paths.mp) (metauml_note.mp (metauml_defaults.mp))
(metauml_stereotype.mp) (metauml_class_clipart.mp) (metauml_class.mp)
(metauml_instance.mp) (metauml_class_relations.mp) (metauml_class_assoc.mp)
(metauml_package.mp) (metauml_package_relations.mp)
(metauml_behavioral_common.mp) (metauml_activity.mp) (metauml_state.mp)
(metauml_usecase_clipart.mp) (metauml_usecase.mp) (metauml_behavioral_common.mp
) (metauml_activity.mp) (metauml_state.mp) (metauml_usecase_clipart.mp)
(metauml_usecase.mp) (metauml_component.mp) (metauml_component_relations.mp)
(metauml_templates.mp))
>> A.className
>> "_draw"
! Not implemented: (unknown numeric)&(string).
<to be read again> 
                   ;
drawObject->...odName:=(SUFFIX2)className&"_draw";
                                                  log"invoking "&methodName&...
l.4   drawObject(A)
                   ;
? q
OK, entering batchmode...
>> _draw.A
! Isolated expression.
<to be read again> 
                   ;
drawObject->...2);scantokens(methodName)(SUFFIX2);
                                                  endgroup
l.4   drawObject(A)
                   ;
I couldn't find an `=' or `:=' after the
expression that is shown above this error message,
so I guess I'll just ignore it and carry on.

 [1] )
1 output file written: dependency.1
