Determining whether to rebuild your Makefile...took 2.60 seconds
Bypassing equivalent bjam command:
  cd \
    /scratch/gdsjaar/sierra/io/Nbtools ; \
  bjam \
    --sierradir=/scratch/gdsjaar/sierra/io \
    --sierrabuilddir=/scratch/gdsjaar/sierra/io/objs/apps \
    --with-seacas \
    --gfortran=/sierra/Sntools/extras/compilers/gcc-4.4.4/bin/gfortran \
    --installname=linux-gcc-4.4.4-ip \
    --mpiCC=/sierra/Sntools/extras/mpi/RHEL5/openmpi-1.4.2/gcc-4.4.4-64Bit/bin/mpicxx \
    --tplbuilddir=/scratch/gdsjaar/sierra/io/objs/tpls \
    --tpldir=/scratch/gdsjaar/sierra/io/TPLs_src \
    address-model=64 \
    mpi=openmpi \
    runtime-link=shared \
    underscore=one \
    gcc-4.4.4 \
    release \
    

Welcome to the distributed compiling and testing pool!

Getting load averages on other machines... took 0.87 seconds
You will be using 25 processors out of a maximum of 373.

Changing your environment by:
  Using gold
  Using distcc

Executing Make
/usr/bin/gmake -j25 -f /scratch/gdsjaar/sierra/io/bakefiles/seacas_release_linux-gcc-4.4.4 fastq -k 

    COMPILE /scratch/gdsjaar/sierra/io/objs/apps/seacas/votd/gcc-4.4.4/release/address-model-64/mpi-openmpi/runtime-link-shared/threading-multi/dmess.o
    COMPILE /scratch/gdsjaar/sierra/io/objs/apps/seacas/votd/gcc-4.4.4/release/address-model-64/mpi-openmpi/runtime-link-shared/threading-multi/alpclr.o
    COMPILE /scratch/gdsjaar/sierra/io/objs/apps/seacas/votd/gcc-4.4.4/release/address-model-64/mpi-openmpi/runtime-link-shared/threading-multi/rdfsq.o
    COMPILE /scratch/gdsjaar/sierra/io/objs/apps/seacas/votd/gcc-4.4.4/release/address-model-64/mpi-openmpi/runtime-link-shared/threading-multi/delfsq.o
/scratch/gdsjaar/sierra/io/seacas/applications/fastq/alpclr.f:31.5:

10000 FORMAT (1X, A)                                                    
     1
Warning: Label 10000 at (1) defined but not used
/scratch/gdsjaar/sierra/io/seacas/applications/fastq/dmess.f:33.5:

10000 FORMAT (1X, A)                                                    
     1
Warning: Label 10000 at (1) defined but not used
/scratch/gdsjaar/sierra/io/seacas/applications/fastq/delfsq.f:655.5:

10030 FORMAT (' CARD           RENUMBERING CARD', /, '  NO.', /,        
     1
Warning: Label 10030 at (1) defined but not used
/scratch/gdsjaar/sierra/io/seacas/applications/fastq/rdfsq.f:867.5:

10190 FORMAT (' FOR ATTRIBUTES FOR MATERIAL NO.:', I5, /,               
     1
Warning: Label 10190 at (1) defined but not used
/scratch/gdsjaar/sierra/io/seacas/applications/fastq/rdfsq.f:865.5:

10180 FORMAT (' A MATERIAL NO. OF:', I7, ' IS NOT ALLOWED', /,          
     1
Warning: Label 10180 at (1) defined but not used
gmake: *** [/scratch/gdsjaar/sierra/io/objs/apps/seacas/votd/gcc-4.4.4/release/address-model-64/mpi-openmpi/runtime-link-shared/threading-multi/dmess.o] Error 1
gmake: *** [/scratch/gdsjaar/sierra/io/objs/apps/seacas/votd/gcc-4.4.4/release/address-model-64/mpi-openmpi/runtime-link-shared/threading-multi/alpclr.o] Error 1
gmake: *** [/scratch/gdsjaar/sierra/io/objs/apps/seacas/votd/gcc-4.4.4/release/address-model-64/mpi-openmpi/runtime-link-shared/threading-multi/rdfsq.o] Error 1
gmake: *** [/scratch/gdsjaar/sierra/io/objs/apps/seacas/votd/gcc-4.4.4/release/address-model-64/mpi-openmpi/runtime-link-shared/threading-multi/delfsq.o] Error 1
gmake: Target `fastq' not remade because of errors.

Your code spent 6s in the dutch oven.

Error during build!
