
Echoing the command-line:

../example/operator_vector/sillyPowerMethod_serial.exe --echo-command-line --help 

Usage: ../example/operator_vector/sillyPowerMethod_serial.exe [options]
  options:
  --help                                Prints this help message
  --pause-for-debugging                 Pauses for user input to allow attaching a debugger
  --echo-command-line                   Echo the command-line but continue as normal
  --output-all-front-matter     bool    Set if all front matter is printed to the default FancyOStream or not
  --output-no-front-matter              (default: --output-no-front-matter)
  --output-show-line-prefix     bool    Set if the line prefix matter is printed to the default FancyOStream or not
  --output-no-show-line-prefix          (default: --output-no-show-line-prefix)
  --output-show-tab-count       bool    Set if the tab count is printed to the default FancyOStream or not
  --output-no-show-tab-count            (default: --output-no-show-tab-count)
  --output-show-proc-rank       bool    Set if the processor rank is printed to the default FancyOStream or not
  --output-no-show-proc-rank            (default: --output-no-show-proc-rank)
  --output-to-root-rank-only    int     Set which processor (the root) gets the output.  If < 0, then all processors get output.
                                        (default: --output-to-root-rank-only=0)
  --verbose                     bool    Determines if any output is printed or not.
  --quiet                               (default: --verbose)
  --dim                         int     Dimension of the linear system.
                                        (default: --dim=4)
  --dump-all                    bool    Determines if quantities are dumped or not.
  --no-dump                             (default: --no-dump)
