Teuchos::GlobalMPISession::GlobalMPISession(): started serial run

***
*** Running power method example using Epetra implementation
***

(1) Constructing tridagonal Epetra matrix A of global dimension = 500 ...

Creating Epetra_SerialComm ...

(2) Running the power method on matrix A ...

Starting power method (target tolerrance = 1.000000e-003) ...

Iter = 0, lambda = 4.007308e-003, ||A*q-lambda*q|| = 6.317471e-002
Iter = 500, lambda = 3.994011e+000, ||A*q-lambda*q|| = 4.890787e-003
Iter = 1000, lambda = 3.997009e+000, ||A*q-lambda*q|| = 2.447342e-003
Iter = 1500, lambda = 3.998009e+000, ||A*q-lambda*q|| = 1.631947e-003
Iter = 2000, lambda = 3.998508e+000, ||A*q-lambda*q|| = 1.224113e-003
Iter = 2500, lambda = 3.998808e+000, ||A*q-lambda*q|| = 9.793669e-004

  Estimate of dominate eigenvalue lambda = 3.998808e+000

(3) Scale the diagonal of A by a factor of 10 ...

(4) Running the power method again on matrix A ...

Starting power method (target tolerrance = 1.000000e-003) ...

Iter = 0, lambda = 4.384752e-002, ||A*q-lambda*q|| = 8.938139e-001
Iter = 500, lambda = 2.005556e+001, ||A*q-lambda*q|| = 1.694066e-021

  Estimate of dominate eigenvalue lambda = 2.005556e+001

Congratulations! All of the tests checked out!
