Determining whether to rebuild your Makefile...fatal: Cannot open 'Nbtools/seacas/.#Jamfile': No such file or directory
took 2.67 seconds
Rebuilding Makefile (Removed file: TPLs_src/Trilinos/packages/seacas/libraries/plt/plt.f)
Building bjam...not necessary; using bjam out of /scratch/gdsjaar/sierra/io/Nbtools/boost/tools/jam/src/bin.linuxx86_64.
Executing BJam, based on the commands:
  cd \
    /scratch/gdsjaar/sierra/io/Nbtools ; \
  bjam \
    --sierradir=/scratch/gdsjaar/sierra/io \
    --sierrabuilddir=/scratch/gdsjaar/sierra/io/objs/apps \
    --with-seacas \
    --gfortran=/sierra/Sntools/extras/compilers/gcc-4.4.4/bin/gfortran \
    --installname=linux-gcc-4.4.4-ip \
    --mpiCC=/sierra/Sntools/extras/mpi/RHEL5/openmpi-1.4.2/gcc-4.4.4-64Bit/bin/mpicxx \
    --tplbuilddir=/scratch/gdsjaar/sierra/io/objs/tpls \
    --tpldir=/scratch/gdsjaar/sierra/io/TPLs_src \
    address-model=64 \
    mpi=openmpi \
    runtime-link=shared \
    underscore=one \
    gcc-4.4.4 \
    release \
    
..........................................
Creating Makefile

Welcome to the distributed compiling and testing pool!

Getting load averages on other machines... took 0.73 seconds
You will be using 25 processors out of a maximum of 373.

Changing your environment by:
  Using gold
  Using distcc

Executing Make
/usr/bin/gmake -j25 -f /scratch/gdsjaar/sierra/io/bakefiles/seacas_release_linux-gcc-4.4.4  -k 

    COMPILE /scratch/gdsjaar/sierra/io/objs/apps/seacas/votd/gcc-4.4.4/release/address-model-64/mpi-openmpi/runtime-link-shared/siorpt.o
    COMPILE /scratch/gdsjaar/sierra/io/objs/apps/seacas/votd/gcc-4.4.4/release/address-model-64/mpi-openmpi/runtime-link-shared/chric.o
    COMPILE /scratch/gdsjaar/sierra/io/objs/apps/seacas/votd/gcc-4.4.4/release/address-model-64/mpi-openmpi/runtime-link-shared/pltvwv.o
    COMPILE /scratch/gdsjaar/sierra/io/objs/apps/seacas/votd/gcc-4.4.4/release/address-model-64/mpi-openmpi/runtime-link-shared/pltlxy.o
    COMPILE /scratch/gdsjaar/sierra/io/objs/apps/seacas/votd/gcc-4.4.4/release/address-model-64/mpi-openmpi/runtime-link-shared/pltlgy.o
    COMPILE /scratch/gdsjaar/sierra/io/objs/apps/seacas/votd/gcc-4.4.4/release/address-model-64/mpi-openmpi/runtime-link-shared/lxgtwh.o
    COMPILE /scratch/gdsjaar/sierra/io/objs/apps/seacas/votd/gcc-4.4.4/release/address-model-64/mpi-openmpi/runtime-link-shared/chrdn.o
    COMPILE /scratch/gdsjaar/sierra/io/objs/apps/seacas/votd/gcc-4.4.4/release/address-model-64/mpi-openmpi/runtime-link-shared/lxrnl.o
    COMPILE /scratch/gdsjaar/sierra/io/objs/apps/seacas/votd/gcc-4.4.4/release/address-model-64/mpi-openmpi/runtime-link-shared/memtrc.o
    COMPILE /scratch/gdsjaar/sierra/io/objs/apps/seacas/votd/gcc-4.4.4/release/address-model-64/mpi-openmpi/runtime-link-shared/pltlgx.o
    COMPILE /scratch/gdsjaar/sierra/io/objs/apps/seacas/votd/gcc-4.4.4/release/address-model-64/mpi-openmpi/runtime-link-shared/memcmp.o
    COMPILE /scratch/gdsjaar/sierra/io/objs/apps/seacas/votd/gcc-4.4.4/release/address-model-64/mpi-openmpi/runtime-link-shared/pltxts.o
    COMPILE /scratch/gdsjaar/sierra/io/objs/apps/seacas/votd/gcc-4.4.4/release/address-model-64/mpi-openmpi/runtime-link-shared/pltnxy.o
    COMPILE /scratch/gdsjaar/sierra/io/objs/apps/seacas/votd/gcc-4.4.4/release/address-model-64/mpi-openmpi/runtime-link-shared/chrup.o
    COMPILE /scratch/gdsjaar/sierra/io/objs/apps/seacas/votd/gcc-4.4.4/release/address-model-64/mpi-openmpi/runtime-link-shared/pltxsl.o
    COMPILE /scratch/gdsjaar/sierra/io/objs/apps/seacas/votd/gcc-4.4.4/release/address-model-64/mpi-openmpi/runtime-link-shared/cpunal.o
/scratch/gdsjaar/sierra/io/seacas/libraries/plt/pltlgy.f:68.5:

 2840 CONTINUE                                                          
     1
Warning: Label 2840 at (1) defined but not used
/scratch/gdsjaar/sierra/io/seacas/libraries/plt/pltlxy.f:69.5:

 2810 CONTINUE                                                          
     1
Warning: Label 2810 at (1) defined but not used
/scratch/gdsjaar/sierra/io/seacas/libraries/plt/pltlgx.f:223.5:

 2800 CONTINUE                                                          
     1
Warning: Label 2800 at (1) defined but not used
/scratch/gdsjaar/sierra/io/seacas/libraries/plt/pltlgx.f:67.5:

 2780 CONTINUE                                                          
     1
Warning: Label 2780 at (1) defined but not used
/scratch/gdsjaar/sierra/io/seacas/libraries/plt/pltnxy.f:300.5:

 2970 CONTINUE                                                          
     1
Warning: Label 2970 at (1) defined but not used
/scratch/gdsjaar/sierra/io/seacas/libraries/plt/pltnxy.f:68.5:

 2950 CONTINUE                                                          
     1
Warning: Label 2950 at (1) defined but not used
/scratch/gdsjaar/sierra/io/seacas/libraries/plt/pltxsl.f: In function ‘pltxsl’:
/scratch/gdsjaar/sierra/io/seacas/libraries/plt/pltxsl.f:94: warning: ‘rline’ may be used uninitialized in this function
gmake: *** [/scratch/gdsjaar/sierra/io/objs/apps/seacas/votd/gcc-4.4.4/release/address-model-64/mpi-openmpi/runtime-link-shared/pltlxy.o] Error 1
gmake: *** [/scratch/gdsjaar/sierra/io/objs/apps/seacas/votd/gcc-4.4.4/release/address-model-64/mpi-openmpi/runtime-link-shared/pltlgy.o] Error 1
gmake: *** [/scratch/gdsjaar/sierra/io/objs/apps/seacas/votd/gcc-4.4.4/release/address-model-64/mpi-openmpi/runtime-link-shared/pltlgx.o] Error 1
gmake: *** [/scratch/gdsjaar/sierra/io/objs/apps/seacas/votd/gcc-4.4.4/release/address-model-64/mpi-openmpi/runtime-link-shared/pltnxy.o] Error 1
gmake: Target `all' not remade because of errors.

Your code spent 53s in the skillet.

Error during build!
