Determining whether to rebuild your Makefile...took 2.70 seconds
Bypassing equivalent bjam command:
  cd \
    /scratch/gdsjaar/sierra/io/Nbtools ; \
  bjam \
    --sierradir=/scratch/gdsjaar/sierra/io \
    --sierrabuilddir=/scratch/gdsjaar/sierra/io/objs/apps \
    --with-seacas \
    --gfortran=/sierra/Sntools/extras/compilers/gcc-4.4.4/bin/gfortran \
    --installname=linux-gcc-4.4.4-ip \
    --mpiCC=/sierra/Sntools/extras/mpi/RHEL5/openmpi-1.4.2/gcc-4.4.4-64Bit/bin/mpicxx \
    --tplbuilddir=/scratch/gdsjaar/sierra/io/objs/tpls \
    --tpldir=/scratch/gdsjaar/sierra/io/TPLs_src \
    address-model=64 \
    mpi=openmpi \
    runtime-link=shared \
    underscore=one \
    gcc-4.4.4 \
    release \
    

Welcome to the distributed compiling and testing pool!

Getting load averages on other machines... took 0.55 seconds
You will be using 25 processors out of a maximum of 373.

Changing your environment by:
  Using gold
  Using distcc

Executing Make
/usr/bin/gmake -j25 -f /scratch/gdsjaar/sierra/io/bakefiles/seacas_release_linux-gcc-4.4.4  -k 

    COMPILE /scratch/gdsjaar/sierra/io/objs/apps/seacas/votd/gcc-4.4.4/release/address-model-64/mpi-openmpi/runtime-link-shared/svdi_addrwrap.o
    COMPILE /scratch/gdsjaar/sierra/io/objs/apps/seacas/votd/gcc-4.4.4/release/address-model-64/mpi-openmpi/runtime-link-shared/vdicgi.o
    COMPILE /scratch/gdsjaar/sierra/io/objs/apps/seacas/votd/gcc-4.4.4/release/address-model-64/mpi-openmpi/runtime-link-shared/sdcgi.o
    COMPILE /scratch/gdsjaar/sierra/io/objs/apps/seacas/votd/gcc-4.4.4/release/address-model-64/mpi-openmpi/runtime-link-shared/pst_pstxlate.o
    COMPILE /scratch/gdsjaar/sierra/io/objs/apps/seacas/votd/gcc-4.4.4/release/address-model-64/mpi-openmpi/runtime-link-shared/x11_x11xlate.o
    COMPILE /scratch/gdsjaar/sierra/io/objs/apps/seacas/votd/gcc-4.4.4/release/address-model-64/mpi-openmpi/runtime-link-shared/met_metxlate.o
    COMPILE /scratch/gdsjaar/sierra/io/objs/apps/seacas/votd/gcc-4.4.4/release/address-model-64/mpi-openmpi/runtime-link-shared/mdcgi.o
    COMPILE /scratch/gdsjaar/sierra/io/objs/apps/seacas/votd/gcc-4.4.4/release/address-model-64/mpi-openmpi/runtime-link-shared/cdrsrc.o
cc1: warnings being treated as errors
/scratch/gdsjaar/sierra/io/seacas/libraries/svdi/cgi/sdcgi.c: In function ‘ci_’:
/scratch/gdsjaar/sierra/io/seacas/libraries/svdi/cgi/sdcgi.c:257: error: implicit declaration of function ‘cgi_def_ini’
cc1: warnings being treated as errors
/scratch/gdsjaar/sierra/io/seacas/libraries/svdi/cgi/vdicgi.c: In function ‘vdicgi_errh’:
/scratch/gdsjaar/sierra/io/seacas/libraries/svdi/cgi/vdicgi.c:482: error: implicit declaration of function ‘cesc24_’
/scratch/gdsjaar/sierra/io/seacas/libraries/svdi/cgi/vdicgi.c: In function ‘vbinq’:
/scratch/gdsjaar/sierra/io/seacas/libraries/svdi/cgi/vdicgi.c:501: error: implicit declaration of function ‘cqid_’
/scratch/gdsjaar/sierra/io/seacas/libraries/svdi/cgi/vdicgi.c:510: error: implicit declaration of function ‘cqd_’
/scratch/gdsjaar/sierra/io/seacas/libraries/svdi/cgi/vdicgi.c:536: error: implicit declaration of function ‘cqprl_’
/scratch/gdsjaar/sierra/io/seacas/libraries/svdi/cgi/vdicgi.c:547: error: implicit declaration of function ‘cqln_’
/scratch/gdsjaar/sierra/io/seacas/libraries/svdi/cgi/vdicgi.c:568: error: implicit declaration of function ‘cqlnt_’
/scratch/gdsjaar/sierra/io/seacas/libraries/svdi/cgi/vdicgi.c:595: error: implicit declaration of function ‘cqc_’
/scratch/gdsjaar/sierra/io/seacas/libraries/svdi/cgi/vdicgi.c:611: error: implicit declaration of function ‘cqchh24_’
/scratch/gdsjaar/sierra/io/seacas/libraries/svdi/cgi/vdicgi.c: In function ‘vdinit4_’:
/scratch/gdsjaar/sierra/io/seacas/libraries/svdi/cgi/vdicgi.c:654: error: implicit declaration of function ‘ci_’
/scratch/gdsjaar/sierra/io/seacas/libraries/svdi/cgi/vdicgi.c:661: error: implicit declaration of function ‘cdscl_’
/scratch/gdsjaar/sierra/io/seacas/libraries/svdi/cgi/vdicgi.c:663: error: implicit declaration of function ‘ccl_’
/scratch/gdsjaar/sierra/io/seacas/libraries/svdi/cgi/vdicgi.c:681: error: implicit declaration of function ‘cvdcx_’
/scratch/gdsjaar/sierra/io/seacas/libraries/svdi/cgi/vdicgi.c:685: error: implicit declaration of function ‘ccsm_’
/scratch/gdsjaar/sierra/io/seacas/libraries/svdi/cgi/vdicgi.c:687: error: implicit declaration of function ‘ccixp_’
/scratch/gdsjaar/sierra/io/seacas/libraries/svdi/cgi/vdicgi.c:694: error: implicit declaration of function ‘cct_’
/scratch/gdsjaar/sierra/io/seacas/libraries/svdi/cgi/vdicgi.c:698: error: implicit declaration of function ‘cmkt_’
/scratch/gdsjaar/sierra/io/seacas/libraries/svdi/cgi/vdicgi.c:702: error: implicit declaration of function ‘cis_’
/scratch/gdsjaar/sierra/io/seacas/libraries/svdi/cgi/vdicgi.c:709: error: implicit declaration of function ‘cgtxx24_’
/scratch/gdsjaar/sierra/io/seacas/libraries/svdi/cgi/vdicgi.c:722: error: implicit declaration of function ‘cili_’
/scratch/gdsjaar/sierra/io/seacas/libraries/svdi/cgi/vdicgi.c: In function ‘vflush’:
/scratch/gdsjaar/sierra/io/seacas/libraries/svdi/cgi/vdicgi.c:744: error: implicit declaration of function ‘cpl_’
/scratch/gdsjaar/sierra/io/seacas/libraries/svdi/cgi/vdicgi.c: In function ‘vdterm_’:
/scratch/gdsjaar/sierra/io/seacas/libraries/svdi/cgi/vdicgi.c:754: error: implicit declaration of function ‘ct_’
/scratch/gdsjaar/sierra/io/seacas/libraries/svdi/cgi/vdicgi.c: In function ‘vdnwpg_’:
/scratch/gdsjaar/sierra/io/seacas/libraries/svdi/cgi/vdicgi.c:775: error: implicit declaration of function ‘cxdfac_’
/scratch/gdsjaar/sierra/io/seacas/libraries/svdi/cgi/vdicgi.c:785: error: implicit declaration of function ‘cqcte_’
/scratch/gdsjaar/sierra/io/seacas/libraries/svdi/cgi/vdicgi.c:787: error: implicit declaration of function ‘cbc_’
/scratch/gdsjaar/sierra/io/seacas/libraries/svdi/cgi/vdicgi.c:793: error: implicit declaration of function ‘cpds_’
/scratch/gdsjaar/sierra/io/seacas/libraries/svdi/cgi/vdicgi.c: In function ‘vdwait_’:
/scratch/gdsjaar/sierra/io/seacas/libraries/svdi/cgi/vdicgi.c:817: error: implicit declaration of function ‘crqlc_’
distcc[10932] ERROR: compile (null) on localhost failed
/scratch/gdsjaar/sierra/io/seacas/libraries/svdi/cgi/vdicgi.c: In function ‘vdpnta4_’:
/scratch/gdsjaar/sierra/io/seacas/libraries/svdi/cgi/vdicgi.c:1044: error: implicit declaration of function ‘cpm_’
/scratch/gdsjaar/sierra/io/seacas/libraries/svdi/cgi/vdicgi.c: In function ‘vdtext4_’:
/scratch/gdsjaar/sierra/io/seacas/libraries/svdi/cgi/vdicgi.c:1109: error: implicit declaration of function ‘ctx24_’
/scratch/gdsjaar/sierra/io/seacas/libraries/svdi/cgi/vdicgi.c: In function ‘vdpoly4_’:
/scratch/gdsjaar/sierra/io/seacas/libraries/svdi/cgi/vdicgi.c:1162: error: implicit declaration of function ‘cpg_’
/scratch/gdsjaar/sierra/io/seacas/libraries/svdi/cgi/vdicgi.c: In function ‘vdstfc4_’:
/scratch/gdsjaar/sierra/io/seacas/libraries/svdi/cgi/vdicgi.c:1201: error: implicit declaration of function ‘clnc_’
/scratch/gdsjaar/sierra/io/seacas/libraries/svdi/cgi/vdicgi.c:1202: error: implicit declaration of function ‘cmkc_’
/scratch/gdsjaar/sierra/io/seacas/libraries/svdi/cgi/vdicgi.c:1203: error: implicit declaration of function ‘ctxc_’
/scratch/gdsjaar/sierra/io/seacas/libraries/svdi/cgi/vdicgi.c:1204: error: implicit declaration of function ‘cflc_’
/scratch/gdsjaar/sierra/io/seacas/libraries/svdi/cgi/vdicgi.c: In function ‘vdstls4_’:
/scratch/gdsjaar/sierra/io/seacas/libraries/svdi/cgi/vdicgi.c:1246: error: implicit declaration of function ‘clnt_’
/scratch/gdsjaar/sierra/io/seacas/libraries/svdi/cgi/vdicgi.c: In function ‘vdstlw4_’:
/scratch/gdsjaar/sierra/io/seacas/libraries/svdi/cgi/vdicgi.c:1289: error: implicit declaration of function ‘clnw_’
/scratch/gdsjaar/sierra/io/seacas/libraries/svdi/cgi/vdicgi.c: In function ‘vdstcs4_’:
/scratch/gdsjaar/sierra/io/seacas/libraries/svdi/cgi/vdicgi.c:1320: error: implicit declaration of function ‘cchh_’
distcc[10931] ERROR: compile (null) on localhost failed
cc1: warnings being treated as errors
/scratch/gdsjaar/sierra/io/seacas/libraries/svdi/cgi/x11_x11xlate.c: In function ‘xci’:
/scratch/gdsjaar/sierra/io/seacas/libraries/svdi/cgi/x11_x11xlate.c:862: error: implicit declaration of function ‘wx11nt_’
/scratch/gdsjaar/sierra/io/seacas/libraries/svdi/cgi/x11_x11xlate.c:877: error: implicit declaration of function ‘wx11pg_’
/scratch/gdsjaar/sierra/io/seacas/libraries/svdi/cgi/x11_x11xlate.c: In function ‘xct’:
/scratch/gdsjaar/sierra/io/seacas/libraries/svdi/cgi/x11_x11xlate.c:904: error: implicit declaration of function ‘wx11tr_’
/scratch/gdsjaar/sierra/io/seacas/libraries/svdi/cgi/x11_x11xlate.c: In function ‘xcxdfac’:
/scratch/gdsjaar/sierra/io/seacas/libraries/svdi/cgi/x11_x11xlate.c:924: error: implicit declaration of function ‘wx11fl_’
/scratch/gdsjaar/sierra/io/seacas/libraries/svdi/cgi/x11_x11xlate.c: In function ‘xcesc’:
/scratch/gdsjaar/sierra/io/seacas/libraries/svdi/cgi/x11_x11xlate.c:1373: error: implicit declaration of function ‘wx11es_’
/scratch/gdsjaar/sierra/io/seacas/libraries/svdi/cgi/x11_x11xlate.c:1405: error: implicit declaration of function ‘wx11be_’
/scratch/gdsjaar/sierra/io/seacas/libraries/svdi/cgi/x11_x11xlate.c: In function ‘xcqid’:
/scratch/gdsjaar/sierra/io/seacas/libraries/svdi/cgi/x11_x11xlate.c:1440: error: implicit declaration of function ‘wx11dc_’
/scratch/gdsjaar/sierra/io/seacas/libraries/svdi/cgi/x11_x11xlate.c: In function ‘xclesc’:
/scratch/gdsjaar/sierra/io/seacas/libraries/svdi/cgi/x11_x11xlate.c:1693: error: implicit declaration of function ‘wx11ie_’
/scratch/gdsjaar/sierra/io/seacas/libraries/svdi/cgi/x11_x11xlate.c: In function ‘xcpl’:
/scratch/gdsjaar/sierra/io/seacas/libraries/svdi/cgi/x11_x11xlate.c:1806: error: implicit declaration of function ‘wx11mv_’
/scratch/gdsjaar/sierra/io/seacas/libraries/svdi/cgi/x11_x11xlate.c:1808: error: implicit declaration of function ‘wx11ln_’
/scratch/gdsjaar/sierra/io/seacas/libraries/svdi/cgi/x11_x11xlate.c: In function ‘xcpm’:
/scratch/gdsjaar/sierra/io/seacas/libraries/svdi/cgi/x11_x11xlate.c:2300: error: implicit declaration of function ‘wx11pt_’
/scratch/gdsjaar/sierra/io/seacas/libraries/svdi/cgi/x11_x11xlate.c: In function ‘xctx’:
/scratch/gdsjaar/sierra/io/seacas/libraries/svdi/cgi/x11_x11xlate.c:2362: error: implicit declaration of function ‘wx11io_’
/scratch/gdsjaar/sierra/io/seacas/libraries/svdi/cgi/x11_x11xlate.c:2425: error: implicit declaration of function ‘wx11tx_’
/scratch/gdsjaar/sierra/io/seacas/libraries/svdi/cgi/x11_x11xlate.c: In function ‘xcpg’:
/scratch/gdsjaar/sierra/io/seacas/libraries/svdi/cgi/x11_x11xlate.c:2515: error: implicit declaration of function ‘wx11ls_’
/scratch/gdsjaar/sierra/io/seacas/libraries/svdi/cgi/x11_x11xlate.c:2528: error: implicit declaration of function ‘wx11py_’
/scratch/gdsjaar/sierra/io/seacas/libraries/svdi/cgi/x11_x11xlate.c: In function ‘xcca’:
/scratch/gdsjaar/sierra/io/seacas/libraries/svdi/cgi/x11_x11xlate.c:2693: error: implicit declaration of function ‘wx11rs_’
/scratch/gdsjaar/sierra/io/seacas/libraries/svdi/cgi/x11_x11xlate.c:2703: error: implicit declaration of function ‘wx1101_’
/scratch/gdsjaar/sierra/io/seacas/libraries/svdi/cgi/x11_x11xlate.c:2708: error: implicit declaration of function ‘wx11rv_’
/scratch/gdsjaar/sierra/io/seacas/libraries/svdi/cgi/x11_x11xlate.c:2749: error: implicit declaration of function ‘wx11pi_’
/scratch/gdsjaar/sierra/io/seacas/libraries/svdi/cgi/x11_x11xlate.c:2840: error: implicit declaration of function ‘wx11px_’
/scratch/gdsjaar/sierra/io/seacas/libraries/svdi/cgi/x11_x11xlate.c: In function ‘xcpxa’:
/scratch/gdsjaar/sierra/io/seacas/libraries/svdi/cgi/x11_x11xlate.c:2942: error: implicit declaration of function ‘wx11qr_’
/scratch/gdsjaar/sierra/io/seacas/libraries/svdi/cgi/x11_x11xlate.c: In function ‘xclnw’:
/scratch/gdsjaar/sierra/io/seacas/libraries/svdi/cgi/x11_x11xlate.c:3369: error: implicit declaration of function ‘wx11lw_’
/scratch/gdsjaar/sierra/io/seacas/libraries/svdi/cgi/x11_x11xlate.c: In function ‘xcchh’:
/scratch/gdsjaar/sierra/io/seacas/libraries/svdi/cgi/x11_x11xlate.c:3575: error: implicit declaration of function ‘wx11cs_’
/scratch/gdsjaar/sierra/io/seacas/libraries/svdi/cgi/x11_x11xlate.c: In function ‘xcct’:
/scratch/gdsjaar/sierra/io/seacas/libraries/svdi/cgi/x11_x11xlate.c:3807: error: implicit declaration of function ‘wx11co_’
cc1: warnings being treated as errors
/scratch/gdsjaar/sierra/io/seacas/libraries/svdi/cgi/pst_pstxlate.c: In function ‘xci’:
/scratch/gdsjaar/sierra/io/seacas/libraries/svdi/cgi/pst_pstxlate.c:865: error: implicit declaration of function ‘wpstnt_’
/scratch/gdsjaar/sierra/io/seacas/libraries/svdi/cgi/pst_pstxlate.c:880: error: implicit declaration of function ‘wpstpg_’
/scratch/gdsjaar/sierra/io/seacas/libraries/svdi/cgi/pst_pstxlate.c: In function ‘xct’:
/scratch/gdsjaar/sierra/io/seacas/libraries/svdi/cgi/pst_pstxlate.c:907: error: implicit declaration of function ‘wpsttr_’
/scratch/gdsjaar/sierra/io/seacas/libraries/svdi/cgi/pst_pstxlate.c: In function ‘xcxdfac’:
/scratch/gdsjaar/sierra/io/seacas/libraries/svdi/cgi/pst_pstxlate.c:927: error: implicit declaration of function ‘wpstfl_’
/scratch/gdsjaar/sierra/io/seacas/libraries/svdi/cgi/x11_x11xlate.c: In function ‘xcrqlc’:
/scratch/gdsjaar/sierra/io/seacas/libraries/svdi/cgi/x11_x11xlate.c:4770: error: implicit declaration of function ‘wx11kl_’
/scratch/gdsjaar/sierra/io/seacas/libraries/svdi/cgi/x11_x11xlate.c: In function ‘init_state’:
/scratch/gdsjaar/sierra/io/seacas/libraries/svdi/cgi/x11_x11xlate.c:4910: error: implicit declaration of function ‘wx11ic_’
/scratch/gdsjaar/sierra/io/seacas/libraries/svdi/cgi/x11_x11xlate.c:4924: error: implicit declaration of function ‘wx11ci_’
/scratch/gdsjaar/sierra/io/seacas/libraries/svdi/cgi/x11_x11xlate.c: In function ‘set_dev_descrip’:
/scratch/gdsjaar/sierra/io/seacas/libraries/svdi/cgi/x11_x11xlate.c:5014: error: implicit declaration of function ‘wx11id_’
/scratch/gdsjaar/sierra/io/seacas/libraries/svdi/cgi/x11_x11xlate.c: In function ‘reset_vdi’:
/scratch/gdsjaar/sierra/io/seacas/libraries/svdi/cgi/x11_x11xlate.c:5077: error: implicit declaration of function ‘wx11os_’
/scratch/gdsjaar/sierra/io/seacas/libraries/svdi/cgi/x11_x11xlate.c: In function ‘set_foreground_color’:
/scratch/gdsjaar/sierra/io/seacas/libraries/svdi/cgi/x11_x11xlate.c:5306: error: implicit declaration of function ‘wx11fc_’
/scratch/gdsjaar/sierra/io/seacas/libraries/svdi/cgi/x11_x11xlate.c:5341: error: implicit declaration of function ‘wx11fg_’
/scratch/gdsjaar/sierra/io/seacas/libraries/svdi/cgi/pst_pstxlate.c: In function ‘xcesc’:
/scratch/gdsjaar/sierra/io/seacas/libraries/svdi/cgi/pst_pstxlate.c:1376: error: implicit declaration of function ‘wpstes_’
/scratch/gdsjaar/sierra/io/seacas/libraries/svdi/cgi/pst_pstxlate.c:1408: error: implicit declaration of function ‘wpstbe_’
/scratch/gdsjaar/sierra/io/seacas/libraries/svdi/cgi/x11_x11xlate.c: In function ‘set_background_color’:
/scratch/gdsjaar/sierra/io/seacas/libraries/svdi/cgi/x11_x11xlate.c:5445: error: implicit declaration of function ‘wx11bg_’
/scratch/gdsjaar/sierra/io/seacas/libraries/svdi/cgi/x11_x11xlate.c:5453: error: implicit declaration of function ‘wx11bc_’
/scratch/gdsjaar/sierra/io/seacas/libraries/svdi/cgi/pst_pstxlate.c: In function ‘xcqid’:
/scratch/gdsjaar/sierra/io/seacas/libraries/svdi/cgi/pst_pstxlate.c:1443: error: implicit declaration of function ‘wpstdc_’
/scratch/gdsjaar/sierra/io/seacas/libraries/svdi/cgi/x11_x11xlate.c: In function ‘wx11rf_’:
/scratch/gdsjaar/sierra/io/seacas/libraries/svdi/cgi/x11_x11xlate.c:5830: error: implicit declaration of function ‘read’
/scratch/gdsjaar/sierra/io/seacas/libraries/svdi/cgi/x11_x11xlate.c: In function ‘wx11wf_’:
/scratch/gdsjaar/sierra/io/seacas/libraries/svdi/cgi/x11_x11xlate.c:5850: error: implicit declaration of function ‘write’
/scratch/gdsjaar/sierra/io/seacas/libraries/svdi/cgi/x11_x11xlate.c: In function ‘wx11cf_’:
/scratch/gdsjaar/sierra/io/seacas/libraries/svdi/cgi/x11_x11xlate.c:5881: error: implicit declaration of function ‘close’
distcc[10936] ERROR: compile (null) on localhost failed
/scratch/gdsjaar/sierra/io/seacas/libraries/svdi/cgi/pst_pstxlate.c: In function ‘xclesc’:
/scratch/gdsjaar/sierra/io/seacas/libraries/svdi/cgi/pst_pstxlate.c:1698: error: implicit declaration of function ‘wpstie_’
/scratch/gdsjaar/sierra/io/seacas/libraries/svdi/cgi/pst_pstxlate.c: In function ‘xcpl’:
/scratch/gdsjaar/sierra/io/seacas/libraries/svdi/cgi/pst_pstxlate.c:1811: error: implicit declaration of function ‘wpstmv_’
/scratch/gdsjaar/sierra/io/seacas/libraries/svdi/cgi/pst_pstxlate.c:1813: error: implicit declaration of function ‘wpstln_’
/scratch/gdsjaar/sierra/io/seacas/libraries/svdi/cgi/pst_pstxlate.c: In function ‘xcpm’:
/scratch/gdsjaar/sierra/io/seacas/libraries/svdi/cgi/pst_pstxlate.c:2305: error: implicit declaration of function ‘wpstpt_’
/scratch/gdsjaar/sierra/io/seacas/libraries/svdi/cgi/pst_pstxlate.c: In function ‘xctx’:
/scratch/gdsjaar/sierra/io/seacas/libraries/svdi/cgi/pst_pstxlate.c:2367: error: implicit declaration of function ‘wpstio_’
/scratch/gdsjaar/sierra/io/seacas/libraries/svdi/cgi/pst_pstxlate.c:2430: error: implicit declaration of function ‘wpsttx_’
/scratch/gdsjaar/sierra/io/seacas/libraries/svdi/cgi/pst_pstxlate.c: In function ‘xcpg’:
/scratch/gdsjaar/sierra/io/seacas/libraries/svdi/cgi/pst_pstxlate.c:2520: error: implicit declaration of function ‘wpstls_’
/scratch/gdsjaar/sierra/io/seacas/libraries/svdi/cgi/pst_pstxlate.c:2533: error: implicit declaration of function ‘wpstpy_’
/scratch/gdsjaar/sierra/io/seacas/libraries/svdi/cgi/pst_pstxlate.c: In function ‘xcca’:
/scratch/gdsjaar/sierra/io/seacas/libraries/svdi/cgi/pst_pstxlate.c:2698: error: implicit declaration of function ‘wpstrs_’
/scratch/gdsjaar/sierra/io/seacas/libraries/svdi/cgi/pst_pstxlate.c:2708: error: implicit declaration of function ‘wpst01_’
/scratch/gdsjaar/sierra/io/seacas/libraries/svdi/cgi/pst_pstxlate.c:2713: error: implicit declaration of function ‘wpstrv_’
/scratch/gdsjaar/sierra/io/seacas/libraries/svdi/cgi/pst_pstxlate.c:2754: error: implicit declaration of function ‘wpstpi_’
/scratch/gdsjaar/sierra/io/seacas/libraries/svdi/cgi/pst_pstxlate.c:2845: error: implicit declaration of function ‘wpstpx_’
/scratch/gdsjaar/sierra/io/seacas/libraries/svdi/cgi/pst_pstxlate.c: In function ‘xcpxa’:
/scratch/gdsjaar/sierra/io/seacas/libraries/svdi/cgi/pst_pstxlate.c:2947: error: implicit declaration of function ‘wpstqr_’
/scratch/gdsjaar/sierra/io/seacas/libraries/svdi/cgi/pst_pstxlate.c: In function ‘xclnw’:
/scratch/gdsjaar/sierra/io/seacas/libraries/svdi/cgi/pst_pstxlate.c:3374: error: implicit declaration of function ‘wpstlw_’
/scratch/gdsjaar/sierra/io/seacas/libraries/svdi/cgi/pst_pstxlate.c: In function ‘xcchh’:
/scratch/gdsjaar/sierra/io/seacas/libraries/svdi/cgi/pst_pstxlate.c:3580: error: implicit declaration of function ‘wpstcs_’
/scratch/gdsjaar/sierra/io/seacas/libraries/svdi/cgi/pst_pstxlate.c: In function ‘xcct’:
/scratch/gdsjaar/sierra/io/seacas/libraries/svdi/cgi/pst_pstxlate.c:3810: error: implicit declaration of function ‘wpstco_’
/scratch/gdsjaar/sierra/io/seacas/libraries/svdi/cgi/pst_pstxlate.c: In function ‘xcrqlc’:
/scratch/gdsjaar/sierra/io/seacas/libraries/svdi/cgi/pst_pstxlate.c:4773: error: implicit declaration of function ‘wpstkl_’
/scratch/gdsjaar/sierra/io/seacas/libraries/svdi/cgi/pst_pstxlate.c: In function ‘init_state’:
/scratch/gdsjaar/sierra/io/seacas/libraries/svdi/cgi/pst_pstxlate.c:4913: error: implicit declaration of function ‘wpstic_’
/scratch/gdsjaar/sierra/io/seacas/libraries/svdi/cgi/pst_pstxlate.c:4927: error: implicit declaration of function ‘wpstci_’
/scratch/gdsjaar/sierra/io/seacas/libraries/svdi/cgi/pst_pstxlate.c: In function ‘set_dev_descrip’:
/scratch/gdsjaar/sierra/io/seacas/libraries/svdi/cgi/pst_pstxlate.c:5017: error: implicit declaration of function ‘wpstid_’
/scratch/gdsjaar/sierra/io/seacas/libraries/svdi/cgi/pst_pstxlate.c: In function ‘reset_vdi’:
/scratch/gdsjaar/sierra/io/seacas/libraries/svdi/cgi/pst_pstxlate.c:5080: error: implicit declaration of function ‘wpstos_’
/scratch/gdsjaar/sierra/io/seacas/libraries/svdi/cgi/pst_pstxlate.c: In function ‘set_foreground_color’:
/scratch/gdsjaar/sierra/io/seacas/libraries/svdi/cgi/pst_pstxlate.c:5309: error: implicit declaration of function ‘wpstfc_’
/scratch/gdsjaar/sierra/io/seacas/libraries/svdi/cgi/pst_pstxlate.c:5344: error: implicit declaration of function ‘wpstfg_’
/scratch/gdsjaar/sierra/io/seacas/libraries/svdi/cgi/pst_pstxlate.c: In function ‘set_background_color’:
/scratch/gdsjaar/sierra/io/seacas/libraries/svdi/cgi/pst_pstxlate.c:5447: error: implicit declaration of function ‘wpstbg_’
/scratch/gdsjaar/sierra/io/seacas/libraries/svdi/cgi/pst_pstxlate.c:5455: error: implicit declaration of function ‘wpstbc_’
/scratch/gdsjaar/sierra/io/seacas/libraries/svdi/cgi/pst_pstxlate.c: In function ‘wpstrf_’:
/scratch/gdsjaar/sierra/io/seacas/libraries/svdi/cgi/pst_pstxlate.c:5832: error: implicit declaration of function ‘read’
/scratch/gdsjaar/sierra/io/seacas/libraries/svdi/cgi/pst_pstxlate.c: In function ‘wpstwf_’:
/scratch/gdsjaar/sierra/io/seacas/libraries/svdi/cgi/pst_pstxlate.c:5852: error: implicit declaration of function ‘write’
/scratch/gdsjaar/sierra/io/seacas/libraries/svdi/cgi/pst_pstxlate.c: In function ‘wpstcf_’:
/scratch/gdsjaar/sierra/io/seacas/libraries/svdi/cgi/pst_pstxlate.c:5867: error: implicit declaration of function ‘close’
/scratch/gdsjaar/sierra/io/seacas/libraries/svdi/cgi/pst_pstxlate.c: In function ‘wpst15_’:
/scratch/gdsjaar/sierra/io/seacas/libraries/svdi/cgi/pst_pstxlate.c:5920: error: suggest parentheses around assignment used as truth value
/scratch/gdsjaar/sierra/io/seacas/libraries/svdi/cgi/pst_pstxlate.c:5937: error: suggest parentheses around assignment used as truth value
/scratch/gdsjaar/sierra/io/seacas/libraries/svdi/cgi/pst_pstxlate.c:5906: error: unused variable ‘zero’
distcc[10935] ERROR: compile (null) on localhost failed
gmake: *** [/scratch/gdsjaar/sierra/io/objs/apps/seacas/votd/gcc-4.4.4/release/address-model-64/mpi-openmpi/runtime-link-shared/vdicgi.o] Error 1
gmake: *** [/scratch/gdsjaar/sierra/io/objs/apps/seacas/votd/gcc-4.4.4/release/address-model-64/mpi-openmpi/runtime-link-shared/sdcgi.o] Error 1
gmake: *** [/scratch/gdsjaar/sierra/io/objs/apps/seacas/votd/gcc-4.4.4/release/address-model-64/mpi-openmpi/runtime-link-shared/pst_pstxlate.o] Error 1
gmake: *** [/scratch/gdsjaar/sierra/io/objs/apps/seacas/votd/gcc-4.4.4/release/address-model-64/mpi-openmpi/runtime-link-shared/x11_x11xlate.o] Error 1
cc1: warnings being treated as errors
/scratch/gdsjaar/sierra/io/seacas/libraries/svdi/cdr/cdrsrc.c: In function ‘cdrupk_’:
/scratch/gdsjaar/sierra/io/seacas/libraries/svdi/cdr/cdrsrc.c:514: error: suggest parentheses around ‘-’ inside ‘<<’
cc1: warnings being treated as errors
/scratch/gdsjaar/sierra/io/seacas/libraries/svdi/cgi/met_metxlate.c: In function ‘xci’:
/scratch/gdsjaar/sierra/io/seacas/libraries/svdi/cgi/met_metxlate.c:858: error: implicit declaration of function ‘wmetnt_’
/scratch/gdsjaar/sierra/io/seacas/libraries/svdi/cgi/met_metxlate.c:873: error: implicit declaration of function ‘wmetpg_’
/scratch/gdsjaar/sierra/io/seacas/libraries/svdi/cgi/met_metxlate.c: In function ‘xct’:
/scratch/gdsjaar/sierra/io/seacas/libraries/svdi/cgi/met_metxlate.c:900: error: implicit declaration of function ‘wmettr_’
/scratch/gdsjaar/sierra/io/seacas/libraries/svdi/cgi/met_metxlate.c: In function ‘xcxdfac’:
/scratch/gdsjaar/sierra/io/seacas/libraries/svdi/cgi/met_metxlate.c:920: error: implicit declaration of function ‘wmetfl_’
/scratch/gdsjaar/sierra/io/seacas/libraries/svdi/cgi/met_metxlate.c: In function ‘xcesc’:
/scratch/gdsjaar/sierra/io/seacas/libraries/svdi/cgi/met_metxlate.c:1332: error: suggest parentheses around assignment used as truth value
distcc[10939] ERROR: compile (null) on localhost failed
/scratch/gdsjaar/sierra/io/seacas/libraries/svdi/cgi/met_metxlate.c:1369: error: implicit declaration of function ‘wmetes_’
cc1: warnings being treated as errors
/scratch/gdsjaar/sierra/io/seacas/libraries/svdi/cgi/mdcgi.c: In function ‘xcdact_’:
/scratch/gdsjaar/sierra/io/seacas/libraries/svdi/cgi/mdcgi.c:271: error: ‘surf_found’ may be used uninitialized in this function
/scratch/gdsjaar/sierra/io/seacas/libraries/svdi/cgi/mdcgi.c:269: error: ‘old_ptr’ may be used uninitialized in this function
/scratch/gdsjaar/sierra/io/seacas/libraries/svdi/cgi/met_metxlate.c:1401: error: implicit declaration of function ‘wmetbe_’
gmake: *** [/scratch/gdsjaar/sierra/io/objs/apps/seacas/votd/gcc-4.4.4/release/address-model-64/mpi-openmpi/runtime-link-shared/cdrsrc.o] Error 1
/scratch/gdsjaar/sierra/io/seacas/libraries/svdi/cgi/met_metxlate.c: In function ‘xcqid’:
/scratch/gdsjaar/sierra/io/seacas/libraries/svdi/cgi/met_metxlate.c:1436: error: implicit declaration of function ‘wmetdc_’
/scratch/gdsjaar/sierra/io/seacas/libraries/svdi/cgi/mdcgi.c: In function ‘xcooff_’:
/scratch/gdsjaar/sierra/io/seacas/libraries/svdi/cgi/mdcgi.c:212: error: ‘surf_found’ may be used uninitialized in this function
/scratch/gdsjaar/sierra/io/seacas/libraries/svdi/cgi/met_metxlate.c: In function ‘xclesc’:
/scratch/gdsjaar/sierra/io/seacas/libraries/svdi/cgi/met_metxlate.c:1690: error: implicit declaration of function ‘wmetie_’
/scratch/gdsjaar/sierra/io/seacas/libraries/svdi/cgi/met_metxlate.c: In function ‘xcpl’:
/scratch/gdsjaar/sierra/io/seacas/libraries/svdi/cgi/met_metxlate.c:1803: error: implicit declaration of function ‘wmetmv_’
/scratch/gdsjaar/sierra/io/seacas/libraries/svdi/cgi/met_metxlate.c:1805: error: implicit declaration of function ‘wmetln_’
/scratch/gdsjaar/sierra/io/seacas/libraries/svdi/cgi/met_metxlate.c: In function ‘xcpm’:
/scratch/gdsjaar/sierra/io/seacas/libraries/svdi/cgi/met_metxlate.c:2297: error: implicit declaration of function ‘wmetpt_’
/scratch/gdsjaar/sierra/io/seacas/libraries/svdi/cgi/met_metxlate.c: In function ‘xctx’:
/scratch/gdsjaar/sierra/io/seacas/libraries/svdi/cgi/met_metxlate.c:2359: error: implicit declaration of function ‘wmetio_’
/scratch/gdsjaar/sierra/io/seacas/libraries/svdi/cgi/met_metxlate.c:2422: error: implicit declaration of function ‘wmettx_’
/scratch/gdsjaar/sierra/io/seacas/libraries/svdi/cgi/met_metxlate.c: In function ‘xcpg’:
/scratch/gdsjaar/sierra/io/seacas/libraries/svdi/cgi/met_metxlate.c:2512: error: implicit declaration of function ‘wmetls_’
/scratch/gdsjaar/sierra/io/seacas/libraries/svdi/cgi/met_metxlate.c:2525: error: implicit declaration of function ‘wmetpy_’
/scratch/gdsjaar/sierra/io/seacas/libraries/svdi/cgi/mdcgi.c: In function ‘xcoon_’:
/scratch/gdsjaar/sierra/io/seacas/libraries/svdi/cgi/mdcgi.c:86: error: ‘surf_found’ may be used uninitialized in this function
/scratch/gdsjaar/sierra/io/seacas/libraries/svdi/cgi/met_metxlate.c: In function ‘xcca’:
/scratch/gdsjaar/sierra/io/seacas/libraries/svdi/cgi/met_metxlate.c:2690: error: implicit declaration of function ‘wmetrs_’
/scratch/gdsjaar/sierra/io/seacas/libraries/svdi/cgi/met_metxlate.c:2700: error: implicit declaration of function ‘wmet01_’
/scratch/gdsjaar/sierra/io/seacas/libraries/svdi/cgi/met_metxlate.c:2705: error: implicit declaration of function ‘wmetrv_’
/scratch/gdsjaar/sierra/io/seacas/libraries/svdi/cgi/met_metxlate.c:2746: error: implicit declaration of function ‘wmetpi_’
/scratch/gdsjaar/sierra/io/seacas/libraries/svdi/cgi/met_metxlate.c:2837: error: implicit declaration of function ‘wmetpx_’
distcc[10938] ERROR: compile (null) on localhost failed
/scratch/gdsjaar/sierra/io/seacas/libraries/svdi/cgi/met_metxlate.c: In function ‘xcpxa’:
/scratch/gdsjaar/sierra/io/seacas/libraries/svdi/cgi/met_metxlate.c:2940: error: implicit declaration of function ‘wmetqr_’
gmake: *** [/scratch/gdsjaar/sierra/io/objs/apps/seacas/votd/gcc-4.4.4/release/address-model-64/mpi-openmpi/runtime-link-shared/mdcgi.o] Error 1
/scratch/gdsjaar/sierra/io/seacas/libraries/svdi/cgi/met_metxlate.c:2915: error: unused variable ‘map’
/scratch/gdsjaar/sierra/io/seacas/libraries/svdi/cgi/met_metxlate.c: In function ‘xclnw’:
/scratch/gdsjaar/sierra/io/seacas/libraries/svdi/cgi/met_metxlate.c:3367: error: implicit declaration of function ‘wmetlw_’
/scratch/gdsjaar/sierra/io/seacas/libraries/svdi/cgi/met_metxlate.c: In function ‘xcchh’:
/scratch/gdsjaar/sierra/io/seacas/libraries/svdi/cgi/met_metxlate.c:3573: error: implicit declaration of function ‘wmetcs_’
/scratch/gdsjaar/sierra/io/seacas/libraries/svdi/cgi/met_metxlate.c: In function ‘xcct’:
/scratch/gdsjaar/sierra/io/seacas/libraries/svdi/cgi/met_metxlate.c:3803: error: implicit declaration of function ‘wmetco_’
/scratch/gdsjaar/sierra/io/seacas/libraries/svdi/cgi/met_metxlate.c: In function ‘xcrqlc’:
/scratch/gdsjaar/sierra/io/seacas/libraries/svdi/cgi/met_metxlate.c:4766: error: implicit declaration of function ‘wmetkl_’
/scratch/gdsjaar/sierra/io/seacas/libraries/svdi/cgi/met_metxlate.c: In function ‘init_state’:
/scratch/gdsjaar/sierra/io/seacas/libraries/svdi/cgi/met_metxlate.c:4906: error: implicit declaration of function ‘wmetic_’
/scratch/gdsjaar/sierra/io/seacas/libraries/svdi/cgi/met_metxlate.c:4920: error: implicit declaration of function ‘wmetci_’
/scratch/gdsjaar/sierra/io/seacas/libraries/svdi/cgi/met_metxlate.c: In function ‘set_dev_descrip’:
/scratch/gdsjaar/sierra/io/seacas/libraries/svdi/cgi/met_metxlate.c:5010: error: implicit declaration of function ‘wmetid_’
/scratch/gdsjaar/sierra/io/seacas/libraries/svdi/cgi/met_metxlate.c: In function ‘reset_vdi’:
/scratch/gdsjaar/sierra/io/seacas/libraries/svdi/cgi/met_metxlate.c:5073: error: implicit declaration of function ‘wmetos_’
/scratch/gdsjaar/sierra/io/seacas/libraries/svdi/cgi/met_metxlate.c: In function ‘set_foreground_color’:
/scratch/gdsjaar/sierra/io/seacas/libraries/svdi/cgi/met_metxlate.c:5302: error: implicit declaration of function ‘wmetfc_’
/scratch/gdsjaar/sierra/io/seacas/libraries/svdi/cgi/met_metxlate.c:5337: error: implicit declaration of function ‘wmetfg_’
/scratch/gdsjaar/sierra/io/seacas/libraries/svdi/cgi/met_metxlate.c: In function ‘set_background_color’:
/scratch/gdsjaar/sierra/io/seacas/libraries/svdi/cgi/met_metxlate.c:5440: error: implicit declaration of function ‘wmetbg_’
/scratch/gdsjaar/sierra/io/seacas/libraries/svdi/cgi/met_metxlate.c:5448: error: implicit declaration of function ‘wmetbc_’
/scratch/gdsjaar/sierra/io/seacas/libraries/svdi/cgi/met_metxlate.c: In function ‘wmetrf_’:
/scratch/gdsjaar/sierra/io/seacas/libraries/svdi/cgi/met_metxlate.c:5825: error: implicit declaration of function ‘read’
/scratch/gdsjaar/sierra/io/seacas/libraries/svdi/cgi/met_metxlate.c: In function ‘wmetwf_’:
/scratch/gdsjaar/sierra/io/seacas/libraries/svdi/cgi/met_metxlate.c:5845: error: implicit declaration of function ‘write’
/scratch/gdsjaar/sierra/io/seacas/libraries/svdi/cgi/met_metxlate.c: In function ‘wmetcf_’:
/scratch/gdsjaar/sierra/io/seacas/libraries/svdi/cgi/met_metxlate.c:5876: error: implicit declaration of function ‘close’
/scratch/gdsjaar/sierra/io/seacas/libraries/svdi/cgi/met_metxlate.c: In function ‘wmetbf_’:
/scratch/gdsjaar/sierra/io/seacas/libraries/svdi/cgi/met_metxlate.c:5927: error: suggest parentheses around assignment used as truth value
/scratch/gdsjaar/sierra/io/seacas/libraries/svdi/cgi/met_metxlate.c:5947: error: suggest parentheses around assignment used as truth value
distcc[10937] ERROR: compile (null) on localhost failed
gmake: *** [/scratch/gdsjaar/sierra/io/objs/apps/seacas/votd/gcc-4.4.4/release/address-model-64/mpi-openmpi/runtime-link-shared/met_metxlate.o] Error 1
gmake: Target `all' not remade because of errors.

Your code spent 7s in the solar oven.

Error during build!
