===========================================================
| Sandia Engineering Analysis Access procedure for: decomp 
| $Revision: 1.57 $, $Date: 2008/05/19 12:29:22 $
===========================================================
nem_slice version 4.01
Performing an elemental load balance with the following parameters...
Machine Description
	architecture: mesh
	dimension(s): 4
	total number of processors: 4
Load Balance Parameters
	type: inertial
	refinement: none
Weighting Parameters
	no weighting
Miscellaneous Options
	SPHERES are being treated as concentrated mass - connectivity exists
	WARNING: side id error checks turned off
ExodusII mesh information
	title: 2D base mesh for w91 bottom cases -- spline warped to 3D
	geometry dimension: 3
	number of nodes: 252361	number of elements: 203890
	number of element blocks: 13
	number of node sets: 4	number of side sets: 30
Time to read mesh parameters: 0.001000s
ex_get_coord
ex_get_elem_blk_ids
ex_get_elem_block 378
ex_get_elem_conn 397
ex_get_elem_conn 403
ex_get_elem_block 378
ex_get_elem_conn 397
ex_get_elem_conn 403
ex_get_elem_block 378
ex_get_elem_conn 397
ex_get_elem_conn 403
ex_get_elem_block 378
ex_get_elem_conn 397
ex_get_elem_conn 403
ex_get_elem_block 378
ex_get_elem_conn 397
ex_get_elem_conn 403
ex_get_elem_block 378
ex_get_elem_conn 397
ex_get_elem_conn 403
ex_get_elem_block 378
ex_get_elem_conn 397
ex_get_elem_conn 403
ex_get_elem_block 378
ex_get_elem_conn 397
ex_get_elem_conn 403
ex_get_elem_block 378
ex_get_elem_conn 397
ex_get_elem_conn 403
ex_get_elem_block 378
ex_get_elem_conn 397
ex_get_elem_conn 403
ex_get_elem_block 378
ex_get_elem_conn 397
ex_get_elem_conn 403
ex_get_elem_block 378
ex_get_elem_conn 397
ex_get_elem_conn 403
ex_get_elem_block 378
ex_get_elem_conn 397
ex_get_elem_conn 403
Time to read mesh: 0.050993s
Time to find surrounding elements: 0.159975s
Time to generate graph: 0.159975s
===================Call Chaco===========================
Parameter file `User_Params' not found; using default parameters.


           Input and Parameter Values

# vertices = 203890, # edges = 0
Global method: Inertial
Local method: None
Partitioning target: 1-dimensional mesh of size 4
Partitioning mode: Bisection
Random seed: 1
Active Parameters:
  CHECK_INPUT = True
  OUTPUT_METRICS = 2
  MAKE_VWGTS = False
  REFINE_MAP = False
  REFINE_PARTITION = 0
  INTERNAL_VERTICES = False
  DEBUG_PARAMS = 2



Starting to partition ...


Total time: 0.015998 sec.
  partitioning 0.014998

Inertial time: 0.011998 sec.
  inertial axis 0.003999
  median finding 0.005999
========================================================
Time in Chaco: 0.015998s
Time to generate load balance: 0.030996s
Time for elemental categorization: 0.123981s
Nodal categorization: 0.022996s
Find procs for border nodes: 0.007999s
Order elem cmaps: 0.002000s
Make cmaps consistent: 0.000000s
Time to generate load-balance maps: 0.158976s
Outputting load balance to file tot123.nem
QA Record:
	nem_slice
	4.01
	 4 Apr 2012
	13:09:20
Time to write Nemesis file: 0.046992s
