Teuchos::GlobalMPISession::GlobalMPISession(): started serial run

Echoing the command-line:

/home/rabartl/PROJECTS/Trilinos.base/BUILDS/CMAKE/SERIAL_DEBUG/packages/stratimikos/example/Stratimikos_simple_stratimikos_example.exe --echo-command-line --matrix-file=FourByFour.mtx --linear-solver-params-file=amesos.klu.xml 


Reading linear system in Epetra format from the file 'FourByFour.mtx' ...

Printing statistics of the Epetra linear system ...

  Epetra_CrsMatrix epetra_A of dimension 4 x 4
  ||epetraA||inf = 1.643
  ||epetra_b||2 = 1.52593
  ||epetra_x||2 = 0

Reading parameters from XML file "amesos.klu.xml" ...
 
 Solving block system using Amesos solver Amesos_Klu ...
 
 
 Total solve time = 0 sec

Solve status:
 solveStatus = SOLVE_STATUS_CONVERGED
 achievedTol = unknownTolerance()
 message:
  Solver Amesos_Klu converged!
 extraParameters: NONE

Solution ||epetra_x||2 = 1.24984

Testing the solution error ||b-A*x||/||b|| computed through the Epetra objects ...
||b-A*x||/||b|| = 1.11022e-16/1.52593 = 7.27571e-17 < tol = 1e-05 ? passed

Congratulations! All of the tests checked out!
