Reading MatrixMarket file /home/cgbaker/Matrices/bmw7st_1.mtx
1M 2M 3M 
   Sorting local nonzeros

   Constructing the matrix
   Inserting global values
   Completing matrix fill
File Read time (secs):  2.73723

*** Matrix statistics: /home/cgbaker/Matrices/bmw7st_1.mtx
Number of rows: 141347
Number of non-zeros: 3740507
Mean number of non-zeros per row: 26.5
Std dev number of non-zeros per row: 14.32

LevelSolver::Analyze() time: 0.10
LevelSolver::Setup() time: 0.18

*** LevelSolver statistics
PID: 0
Num Levels: 707
Mean level size: 199.93
Std dev level size: 234.52
Mean level nnz: 5097.96
Std dev level nnz: 4876.52

*** Performing verification
Applying L to x using CrsMatrix
Solving L*x using CrsMatrix
||x - inv(L)*(L*x)||/||x||: 3.93e-15

Applying L to x using CrsMatrix
Solving L*x using LevelSolver
||x - inv(L)*(L*x)||/||x||: 4.16e-15

Applying L to x using LevelSolver
Solving L*x using CrsMatrix
||x - inv(L)*(L*x)||/||x||: 4.78e-15

Applying L to x using LevelSolver
Solving L*x using LevelSolver
||x - inv(L)*(L*x)||/||x||: 3.11e-15

*** Timings over 10 trials
LevelSolver  solve,  1 threads,    1.89e-01 total,    1.89e-02 average
LevelSolver  apply,  1 threads,    1.86e-01 total,    1.86e-02 average
K::CrsMatrix apply,  1 threads,    1.60e-01 total,    1.60e-02 average
Epetra_CrsMatrix solve,            1.62e-01 total,    1.62e-02 average
Epetra_CrsMatrix apply,            1.65e-01 total,    1.65e-02 average
