
Echoing the command-line:

../example/simple_stratimikos_example.exe --echo-command-line --help 

Usage: ../example/simple_stratimikos_example.exe [options]
  options:
  --help                                     Prints this help message
  --pause-for-debugging                      Pauses for user input to allow attaching a debugger
  --echo-command-line                        Echo the command-line but continue as normal
  --linear-solver-params-file        string  Name of an XML file containing parameters for linear solver options to be appended first.
                                             (default: --linear-solver-params-file="")
  --extra-linear-solver-params       string  An XML string containing linear solver parameters to be appended second.
                                             (default: --extra-linear-solver-params="")
  --linear-solver-params-used-file   string  Name of an XML file that can be written with the parameter list after it has been used on completion of this program.
                                             (default: --linear-solver-params-used-file="")
  --matrix-file                      string  Defines the matrix and perhaps the RHS and LHS for a linear system to be solved.
                                             (default: --matrix-file="")
  --tol                              double  Tolerance to check against the scaled residual norm.
                                             (default: --tol=1e-05)
  --only-print-options               bool    Only print options and stop or continue on
  --continue-after-printing-options          (default: --continue-after-printing-options)
  --print-xml-format                 bool    Print the valid options in XML format or in readable format.
  --print-readable-format                    (default: --print-readable-format)

DETAILED DOCUMENTATION:

Simple example for the use of the Stratimikos facade Thyra::DefaultRealLinearSolverBuilder.

To print out just the valid options use --matrix-file="" --only-print-options with --print-xml-format or --print-readable-format.

To solve a linear system from a system read from a file use --matrix-file="SomeFile.mtx" with options read from an XML file using --linear-solver-params-file="SomeFile.xml"


Teuchos::GlobalMPISession::GlobalMPISession(): started serial run
