 Linear Solver Type : string = Amesos
 Preconditioner Type : string = Ifpack
 Linear Solver Types -> 
   Amesos -> 
     Refactorization Policy : string = RepivotOnRefactorization
     Solver Type : string = Klu
     Throw on Preconditioner Input : bool = 1
     Amesos Settings -> 
       AddToDiag : double = 0
       AddZeroToDiag : bool = 0
       ComputeTrueResidual : bool = 0
       ComputeVectorNorms : bool = 0
       DebugLevel : int = 0
       MatrixProperty : string = general
       MaxProcs : int = -1
       NoDestroy : bool = 0
       OutputLevel : int = 1
       PrintTiming : bool = 0
       RcondThreshold : double = 1e-12
       Redistribute : bool = 0
       Refactorize : bool = 0
       Reindex : int = 0
       ScaleMethod : int = 0
       TrustMe : bool = 0
       Lapack -> 
         [empty list]
       Mumps -> 
         [empty list]
       Pardiso -> 
         [empty list]
       Scalapack -> 
         [empty list]
       Superludist -> 
         [empty list]
   AztecOO -> 
     Output Every RHS : bool = 0
     Adjoint Solve -> 
       Max Iterations : int = 400
       Tolerance : double = 1e-06
       AztecOO Settings -> 
         Aztec Preconditioner : string = ilu
         Aztec Solver : string = GMRES
         Convergence Test : string = r0
         Drop Tolerance : double = 0
         Fill Factor : double = 1
         Graph Fill : int = 0
         Ill-Conditioning Threshold : double = 1e+11
         Orthogonalization : string = Classical
         Output Frequency : int = 0
         Overlap : int = 0
         Polynomial Order : int = 3
         RCM Reordering : string = Disabled
         Size of Krylov Subspace : int = 300
         Steps : int = 3
     Forward Solve -> 
       Max Iterations : int = 400
       Tolerance : double = 1e-06
       AztecOO Settings -> 
         Aztec Preconditioner : string = ilu
         Aztec Solver : string = GMRES
         Convergence Test : string = r0
         Drop Tolerance : double = 0
         Fill Factor : double = 1
         Graph Fill : int = 0
         Ill-Conditioning Threshold : double = 1e+11
         Orthogonalization : string = Classical
         Output Frequency : int = 0
         Overlap : int = 0
         Polynomial Order : int = 3
         RCM Reordering : string = Disabled
         Size of Krylov Subspace : int = 300
         Steps : int = 3
   Belos -> 
     Adjustable Block Size : bool = 1
     Block Size : int = 1
     Default Rel Res Norm : double = 1e-06
     Max Iters : int = 400
     Max Restarts : int = 25
     Solver Type : string = GMRES
     GMRES -> 
       Max Number of Krylov Vectors : int = 300
       Variant : string = Standard
     Outputter -> 
       Output Frequency : int = 10
       Output Max Res Only : bool = 1
 Preconditioner Types -> 
   Ifpack -> 
     Overlap : int = 0
     Prec Type : string = ILU
     Ifpack Settings -> 
       amesos: solver type : string = Amesos_Klu
       fact: absolute threshold : double = 0
       fact: drop tolerance : double = 0
       fact: ict level-of-fill : double = 1
       fact: ilut level-of-fill : double = 1
       fact: level-of-fill : int = 0
       fact: relative threshold : double = 1
       fact: relax value : double = 0
       fact: sparskit: alph : double = 0
       fact: sparskit: droptol : double = 0
       fact: sparskit: lfil : int = 0
       fact: sparskit: mbloc : int = -1
       fact: sparskit: permtol : double = 0.1
       fact: sparskit: tol : double = 0
       fact: sparskit: type : string = ILUT
       partitioner: local parts : int = 1
       partitioner: overlap : int = 0
       partitioner: print level : int = 0
       partitioner: type : string = greedy
       partitioner: use symmetric graph : bool = 1
       relaxation: damping factor : double = 1
       relaxation: min diagonal value : double = 1
       relaxation: sweeps : int = 1
       relaxation: type : string = Jacobi
       relaxation: zero starting solution : bool = 1
       schwarz: combine mode : string = Zero
       schwarz: compute condest : bool = 1
       schwarz: filter singletons : bool = 0
       schwarz: reordering type : string = none
