Teuchos::GlobalMPISession::GlobalMPISession(): started serial run

Echoing the command-line:

../example/operator_vector/sillyCgSolve_mpi.exe --echo-command-line --help 

Usage: ../example/operator_vector/sillyCgSolve_mpi.exe [options]
  options:
  --help                                Prints this help message
  --pause-for-debugging                 Pauses for user input to allow attaching a debugger
  --echo-command-line                   Echo the command-line but continue as normal
  --output-all-front-matter     bool    Set if all front matter is printed to the default FancyOStream or not
  --output-no-front-matter              (default: --output-no-front-matter)
  --output-show-line-prefix     bool    Set if the line prefix matter is printed to the default FancyOStream or not
  --output-no-show-line-prefix          (default: --output-no-show-line-prefix)
  --output-show-tab-count       bool    Set if the tab count is printed to the default FancyOStream or not
  --output-no-show-tab-count            (default: --output-no-show-tab-count)
  --output-show-proc-rank       bool    Set if the processor rank is printed to the default FancyOStream or not
  --output-no-show-proc-rank            (default: --output-no-show-proc-rank)
  --output-to-root-rank-only    int     Set which processor (the root) gets the output.  If < 0, then all processors get output.
                                        (default: --output-to-root-rank-only=0)
  --verbose                     bool    Determines if any output is printed or not.
  --quiet                               (default: --verbose)
  --local-dim                   int     Local dimension of the linear system.
                                        (default: --local-dim=500)
  --diag-scale                  double  Scaling of the diagonal to improve conditioning.
                                        (default: --diag-scale=1.001)
  --show-all-tests              bool    Show all LinearOpTester tests or not
  --show-summary-only                   (default: --show-summary-only)
  --tol                         double  Relative tolerance for linear system solve.
                                        (default: --tol=0.0001)
  --max-num-iters               int     Maximum of CG iterations.
                                        (default: --max-num-iters=300)
  --dump-all                    bool    Determines if vectors are printed or not.
  --no-dump-all                         (default: --no-dump-all)
